"Process terminated:
RuleName: -
UtcTime: 2026-04-13 02:42:48.999
ProcessGuid: {fc4680f6-5824-69dc-e500-000000001700}
ProcessId: 10624
Image: C:\Windows\System32\ctfmon.exe
User: NT AUTHORITY\SYSTEM","5","3",,"4","5","0","-9223372036854775808","1573","Microsoft-Windows-Sysmon","5770385f-c22a-43e0-bf4c-06f5698ffbd9","Microsoft-Windows-Sysmon/Operational","3704","4144","DESKTOP-7HV9KN7","S-1-5-18","4/12/2026 7:42:49 PM",,,"Microsoft-Windows-Sysmon/Operational","System.UInt32[]","System.Diagnostics.Eventing.Reader.EventBookmark","Information","Info","Process terminated (rule: ProcessTerminate)","System.Collections.ObjectModel.ReadOnlyCollection`1[System.String]","System.Collections.Generic.List`1[System.Diagnostics.Eventing.Reader.EventProperty]"
"Process Create:
RuleName: -
UtcTime: 2026-04-13 02:42:48.983
ProcessGuid: {fc4680f6-5828-69dc-e900-000000001700}
ProcessId: 11000
Image: C:\Program Files (x86)\Microsoft\EdgeWebView\Application\146.0.3856.109\msedgewebview2.exe
FileVersion: 146.0.3856.109
Description: Microsoft Edge WebView2
Product: Microsoft Edge WebView2
Company: Microsoft Corporation
OriginalFileName: msedgewebview2.exe
CommandLine: ""C:\Program Files (x86)\Microsoft\EdgeWebView\Application\146.0.3856.109\msedgewebview2.exe"" --type=renderer --noerrdialogs --user-data-dir=""C:\Users\LabAdmin\AppData\Local\Packages\Microsoft.MicrosoftOfficeHub_8wekyb3d8bbwe\LocalState\EBWebView"" --webview-exe-name=M365Copilot.exe --webview-exe-version=19.2604.36171.0 --embedded-browser-webview=1 --embedded-browser-webview-dpi-awareness=2 --disable-gpu-compositing --video-capture-use-gpu-memory-buffer --lang=en-US --js-flags=--expose-gc --device-scale-factor=1 --num-raster-threads=2 --enable-main-frame-before-activation --renderer-client-id=20 --time-ticks-at-unix-epoch=-1776048082779880 --launch-time-ticks=86186627 --always-read-main-dll --metrics-shmem-handle=5244,i,11261633228010270816,2767601000367122667,2097152 --field-trial-handle=2116,i,11094893147394152137,5464349725300480981,262144 --enable-features=msSingleSignOnOSForPrimaryAccountIsShared --disable-features=msEnhancedTrackingPreventionEnabled --variations-seed-version --pseudonymization-salt-handle=2120,i,5221246016033571828,3123048113950713908,4 --trace-process-track-uuid=3190709005052708474 --mojo-platform-channel-handle=5168 /pfhostedapp:e2ee8b1eb288a7fedb96cb977854e74f0a99447a /prefetch:1
CurrentDirectory: C:\Program Files (x86)\Microsoft\EdgeWebView\Application\146.0.3856.109\
User: DESKTOP-7HV9KN7\LabAdmin
LogonGuid: {fc4680f6-57e8-69dc-06e4-040000000000}
LogonId: 0x4E406
TerminalSessionId: 1
IntegrityLevel: Low
Hashes: SHA256=29CE36EA7A746028BC637095F1068BC29FAC83FC677716FF052B56E913DCE6B7
ParentProcessGuid: {fc4680f6-5816-69dc-c700-000000001700}
ParentProcessId: 9244
ParentImage: C:\Program Files (x86)\Microsoft\EdgeWebView\Application\146.0.3856.109\msedgewebview2.exe
ParentCommandLine: ""C:\Program Files (x86)\Microsoft\EdgeWebView\Application\146.0.3856.109\msedgewebview2.exe"" --embedded-browser-webview=1 --webview-exe-name=M365Copilot.exe --webview-exe-version=19.2604.36171.0 --user-data-dir=""C:\Users\LabAdmin\AppData\Local\Packages\Microsoft.MicrosoftOfficeHub_8wekyb3d8bbwe\LocalState\EBWebView"" --noerrdialogs --embedded-browser-webview-dpi-awareness=2 --disable-features=msEnhancedTrackingPreventionEnabled --enable-features=msSingleSignOnOSForPrimaryAccountIsShared --mojo-named-platform-channel-pipe=9004.9240.8986736808868251626 /pfhostedapp:e2ee8b1eb288a7fedb96cb977854e74f0a99447a
ParentUser: DESKTOP-7HV9KN7\LabAdmin","1","5",,"4","1","0","-9223372036854775808","1572","Microsoft-Windows-Sysmon","5770385f-c22a-43e0-bf4c-06f5698ffbd9","Microsoft-Windows-Sysmon/Operational","3704","4144","DESKTOP-7HV9KN7","S-1-5-18","4/12/2026 7:42:49 PM",,,"Microsoft-Windows-Sysmon/Operational","System.UInt32[]","System.Diagnostics.Eventing.Reader.EventBookmark","Information","Info","Process terminated (rule: ProcessTerminate)","System.Collections.ObjectModel.ReadOnlyCollection`1[System.String]","System.Collections.Generic.List`1[System.Diagnostics.Eventing.Reader.EventProperty]"
"Process terminated:
RuleName: -
UtcTime: 2026-04-13 02:42:48.177
ProcessGuid: {fc4680f6-57f2-69dc-a100-000000001700}
ProcessId: 7436
Image: C:\Program Files (x86)\Microsoft\EdgeWebView\Application\146.0.3856.109\msedgewebview2.exe
User: DESKTOP-7HV9KN7\LabAdmin","5","3",,"4","5","0","-9223372036854775808","1571","Microsoft-Windows-Sysmon","5770385f-c22a-43e0-bf4c-06f5698ffbd9","Microsoft-Windows-Sysmon/Operational","3704","4144","DESKTOP-7HV9KN7","S-1-5-18","4/12/2026 7:42:48 PM",,,"Microsoft-Windows-Sysmon/Operational","System.UInt32[]","System.Diagnostics.Eventing.Reader.EventBookmark","Information","Info","Process terminated (rule: ProcessTerminate)","System.Collections.ObjectModel.ReadOnlyCollection`1[System.String]","System.Collections.Generic.List`1[System.Diagnostics.Eventing.Reader.EventProperty]"
"Image loaded:
RuleName: -
UtcTime: 2026-04-13 02:42:48.147
ProcessGuid: {fc4680f6-5828-69dc-e800-000000001700}
ProcessId: 10956
Image: C:\Windows\System32\taskhostw.exe
ImageLoaded: C:\Payloads\heartbeat.dll
FileVersion: -
Description: -
Product: -
Company: -
OriginalFileName: -
Hashes: SHA256=BC3F9BF5B00EAC5A58C772895FF69274DCC35A5DC850AB4321297957BBEB1AA9
Signed: false
Signature: -
SignatureStatus: Unavailable
User: DESKTOP-7HV9KN7\LabAdmin","7","3",,"4","7","0","-9223372036854775808","1570","Microsoft-Windows-Sysmon","5770385f-c22a-43e0-bf4c-06f5698ffbd9","Microsoft-Windows-Sysmon/Operational","3704","4144","DESKTOP-7HV9KN7","S-1-5-18","4/12/2026 7:42:48 PM",,,"Microsoft-Windows-Sysmon/Operational","System.UInt32[]","System.Diagnostics.Eventing.Reader.EventBookmark","Information","Info","Process terminated (rule: ProcessTerminate)","System.Collections.ObjectModel.ReadOnlyCollection`1[System.String]","System.Collections.Generic.List`1[System.Diagnostics.Eventing.Reader.EventProperty]"
"Process Create:
RuleName: -
UtcTime: 2026-04-13 02:42:48.107
ProcessGuid: {fc4680f6-5828-69dc-e800-000000001700}
ProcessId: 10956
Image: C:\Windows\System32\taskhostw.exe
FileVersion: 10.0.26100.7920 (WinBuild.160101.0800)
Description: Host Process for Windows Tasks
Product: Microsoft? Windows? Operating System
Company: Microsoft Corporation
OriginalFileName: taskhostw.exe
CommandLine: taskhostw.exe $(Arg0)
CurrentDirectory: C:\WINDOWS\system32\
User: DESKTOP-7HV9KN7\LabAdmin
LogonGuid: {fc4680f6-57e8-69dc-7fe3-040000000000}
LogonId: 0x4E37F
TerminalSessionId: 1
IntegrityLevel: High
Hashes: SHA256=5016D2E17347BFFDA32DC91362055E36BC21D9509EC03A4AD76CA84B6BB14182
ParentProcessGuid: {00000000-0000-0000-0000-000000000000}
ParentProcessId: 1348
ParentImage: -
ParentCommandLine: -
ParentUser: -","1","5",,"4","1","0","-9223372036854775808","1569","Microsoft-Windows-Sysmon","5770385f-c22a-43e0-bf4c-06f5698ffbd9","Microsoft-Windows-Sysmon/Operational","3704","4144","DESKTOP-7HV9KN7","S-1-5-18","4/12/2026 7:42:48 PM",,,"Microsoft-Windows-Sysmon/Operational","System.UInt32[]","System.Diagnostics.Eventing.Reader.EventBookmark","Information","Info","Process terminated (rule: ProcessTerminate)","System.Collections.ObjectModel.ReadOnlyCollection`1[System.String]","System.Collections.Generic.List`1[System.Diagnostics.Eventing.Reader.EventProperty]"
"Process terminated:
RuleName: -
UtcTime: 2026-04-13 02:42:47.679
ProcessGuid: {fc4680f6-581e-69dc-db00-000000001700}
ProcessId: 10156
Image: C:\Program Files\WindowsApps\Microsoft.SecHealthUI_1000.29554.1001.0_x64__8wekyb3d8bbwe\SecHealthUI.exe
User: DESKTOP-7HV9KN7\LabAdmin","5","3",,"4","5","0","-9223372036854775808","1568","Microsoft-Windows-Sysmon","5770385f-c22a-43e0-bf4c-06f5698ffbd9","Microsoft-Windows-Sysmon/Operational","3704","4144","DESKTOP-7HV9KN7","S-1-5-18","4/12/2026 7:42:47 PM",,,"Microsoft-Windows-Sysmon/Operational","System.UInt32[]","System.Diagnostics.Eventing.Reader.EventBookmark","Information","Info","Process terminated (rule: ProcessTerminate)","System.Collections.ObjectModel.ReadOnlyCollection`1[System.String]","System.Collections.Generic.List`1[System.Diagnostics.Eventing.Reader.EventProperty]"
"Process terminated:
RuleName: -
UtcTime: 2026-04-13 02:42:46.760
ProcessGuid: {fc4680f6-57fd-69dc-a800-000000001700}
ProcessId: 7912
Image: C:\ProgramData\Microsoft\Windows Defender\Platform\4.18.26020.6-0\NisSrv.exe
User: NT AUTHORITY\LOCAL SERVICE","5","3",,"4","5","0","-9223372036854775808","1567","Microsoft-Windows-Sysmon","5770385f-c22a-43e0-bf4c-06f5698ffbd9","Microsoft-Windows-Sysmon/Operational","3704","4144","DESKTOP-7HV9KN7","S-1-5-18","4/12/2026 7:42:46 PM",,,"Microsoft-Windows-Sysmon/Operational","System.UInt32[]","System.Diagnostics.Eventing.Reader.EventBookmark","Information","Info","Process terminated (rule: ProcessTerminate)","System.Collections.ObjectModel.ReadOnlyCollection`1[System.String]","System.Collections.Generic.List`1[System.Diagnostics.Eventing.Reader.EventProperty]"
"Process terminated:
RuleName: -
UtcTime: 2026-04-13 02:42:46.557
ProcessGuid: {fc4680f6-5826-69dc-e700-000000001700}
ProcessId: 10848
Image: C:\Windows\System32\SecurityHealth\10.0.29554.1001-0\SecurityHealthHost.exe
User: DESKTOP-7HV9KN7\LabAdmin","5","3",,"4","5","0","-9223372036854775808","1566","Microsoft-Windows-Sysmon","5770385f-c22a-43e0-bf4c-06f5698ffbd9","Microsoft-Windows-Sysmon/Operational","3704","4144","DESKTOP-7HV9KN7","S-1-5-18","4/12/2026 7:42:46 PM",,,"Microsoft-Windows-Sysmon/Operational","System.UInt32[]","System.Diagnostics.Eventing.Reader.EventBookmark","Information","Info","Process terminated (rule: ProcessTerminate)","System.Collections.ObjectModel.ReadOnlyCollection`1[System.String]","System.Collections.Generic.List`1[System.Diagnostics.Eventing.Reader.EventProperty]"
"Image loaded:
RuleName: -
UtcTime: 2026-04-13 02:42:46.513
ProcessGuid: {fc4680f6-5826-69dc-e700-000000001700}
ProcessId: 10848
Image: C:\Windows\System32\SecurityHealth\10.0.29554.1001-0\SecurityHealthHost.exe
ImageLoaded: C:\Payloads\heartbeat.dll
FileVersion: -
Description: -
Product: -
Company: -
OriginalFileName: -
Hashes: SHA256=BC3F9BF5B00EAC5A58C772895FF69274DCC35A5DC850AB4321297957BBEB1AA9
Signed: false
Signature: -
SignatureStatus: Unavailable
User: DESKTOP-7HV9KN7\LabAdmin","7","3",,"4","7","0","-9223372036854775808","1565","Microsoft-Windows-Sysmon","5770385f-c22a-43e0-bf4c-06f5698ffbd9","Microsoft-Windows-Sysmon/Operational","3704","4144","DESKTOP-7HV9KN7","S-1-5-18","4/12/2026 7:42:46 PM",,,"Microsoft-Windows-Sysmon/Operational","System.UInt32[]","System.Diagnostics.Eventing.Reader.EventBookmark","Information","Info","Process terminated (rule: ProcessTerminate)","System.Collections.ObjectModel.ReadOnlyCollection`1[System.String]","System.Collections.Generic.List`1[System.Diagnostics.Eventing.Reader.EventProperty]"
"Process Create:
RuleName: -
UtcTime: 2026-04-13 02:42:46.491
ProcessGuid: {fc4680f6-5826-69dc-e700-000000001700}
ProcessId: 10848
Image: C:\Windows\System32\SecurityHealth\10.0.29554.1001-0\SecurityHealthHost.exe
FileVersion: 10.0.29554.1001 (WinBuild.160101.0800)
Description: Windows Security Health Host
Product: Microsoft? Windows? Operating System
Company: Microsoft Corporation
OriginalFileName: SecurityHealthHost.exe
CommandLine: \\?\C:\Windows\System32\SecurityHealth\10.0.29554.1001-0\SecurityHealthHost.exe {08728914-3F57-4D52-9E31-49DAECA5A80A} -Embedding
CurrentDirectory: C:\WINDOWS\system32\
User: DESKTOP-7HV9KN7\LabAdmin
LogonGuid: {fc4680f6-57e8-69dc-06e4-040000000000}
LogonId: 0x4E406
TerminalSessionId: 1
IntegrityLevel: Medium
Hashes: SHA256=C9FB3DAFB6B99270E7A60F27FA0CA98350C2916122C52EECC954F8217D73489E
ParentProcessGuid: {00000000-0000-0000-0000-000000000000}
ParentProcessId: 580
ParentImage: -
ParentCommandLine: -
ParentUser: -","1","5",,"4","1","0","-9223372036854775808","1564","Microsoft-Windows-Sysmon","5770385f-c22a-43e0-bf4c-06f5698ffbd9","Microsoft-Windows-Sysmon/Operational","3704","4144","DESKTOP-7HV9KN7","S-1-5-18","4/12/2026 7:42:46 PM",,,"Microsoft-Windows-Sysmon/Operational","System.UInt32[]","System.Diagnostics.Eventing.Reader.EventBookmark","Information","Info","Process terminated (rule: ProcessTerminate)","System.Collections.ObjectModel.ReadOnlyCollection`1[System.String]","System.Collections.Generic.List`1[System.Diagnostics.Eventing.Reader.EventProperty]"
"Image loaded:
RuleName: -
UtcTime: 2026-04-13 02:42:46.096
ProcessGuid: {fc4680f6-5826-69dc-e600-000000001700}
ProcessId: 10792
Image: C:\Windows\System32\SecurityHealth\10.0.29554.1001-0\SecurityHealthHost.exe
ImageLoaded: C:\Payloads\heartbeat.dll
FileVersion: -
Description: -
Product: -
Company: -
OriginalFileName: -
Hashes: SHA256=BC3F9BF5B00EAC5A58C772895FF69274DCC35A5DC850AB4321297957BBEB1AA9
Signed: false
Signature: -
SignatureStatus: Unavailable
User: DESKTOP-7HV9KN7\LabAdmin","7","3",,"4","7","0","-9223372036854775808","1563","Microsoft-Windows-Sysmon","5770385f-c22a-43e0-bf4c-06f5698ffbd9","Microsoft-Windows-Sysmon/Operational","3704","4144","DESKTOP-7HV9KN7","S-1-5-18","4/12/2026 7:42:46 PM",,,"Microsoft-Windows-Sysmon/Operational","System.UInt32[]","System.Diagnostics.Eventing.Reader.EventBookmark","Information","Info","Process terminated (rule: ProcessTerminate)","System.Collections.ObjectModel.ReadOnlyCollection`1[System.String]","System.Collections.Generic.List`1[System.Diagnostics.Eventing.Reader.EventProperty]"
"Process Create:
RuleName: -
UtcTime: 2026-04-13 02:42:46.045
ProcessGuid: {fc4680f6-5826-69dc-e600-000000001700}
ProcessId: 10792
Image: C:\Windows\System32\SecurityHealth\10.0.29554.1001-0\SecurityHealthHost.exe
FileVersion: 10.0.29554.1001 (WinBuild.160101.0800)
Description: Windows Security Health Host
Product: Microsoft? Windows? Operating System
Company: Microsoft Corporation
OriginalFileName: SecurityHealthHost.exe
CommandLine: \\?\C:\Windows\System32\SecurityHealth\10.0.29554.1001-0\SecurityHealthHost.exe {6CED0DAA-4CDE-49C9-BA3A-AE163DC3D7AF} -Embedding
CurrentDirectory: C:\WINDOWS\system32\
User: DESKTOP-7HV9KN7\LabAdmin
LogonGuid: {fc4680f6-57e8-69dc-7fe3-040000000000}
LogonId: 0x4E37F
TerminalSessionId: 1
IntegrityLevel: High
Hashes: SHA256=C9FB3DAFB6B99270E7A60F27FA0CA98350C2916122C52EECC954F8217D73489E
ParentProcessGuid: {00000000-0000-0000-0000-000000000000}
ParentProcessId: 580
ParentImage: -
ParentCommandLine: -
ParentUser: -","1","5",,"4","1","0","-9223372036854775808","1562","Microsoft-Windows-Sysmon","5770385f-c22a-43e0-bf4c-06f5698ffbd9","Microsoft-Windows-Sysmon/Operational","3704","4144","DESKTOP-7HV9KN7","S-1-5-18","4/12/2026 7:42:46 PM",,,"Microsoft-Windows-Sysmon/Operational","System.UInt32[]","System.Diagnostics.Eventing.Reader.EventBookmark","Information","Info","Process terminated (rule: ProcessTerminate)","System.Collections.ObjectModel.ReadOnlyCollection`1[System.String]","System.Collections.Generic.List`1[System.Diagnostics.Eventing.Reader.EventProperty]"
"Process terminated:
RuleName: -
UtcTime: 2026-04-13 02:42:46.009
ProcessGuid: {fc4680f6-5824-69dc-e400-000000001700}
ProcessId: 10568
Image: C:\Windows\System32\consent.exe
User: NT AUTHORITY\SYSTEM","5","3",,"4","5","0","-9223372036854775808","1561","Microsoft-Windows-Sysmon","5770385f-c22a-43e0-bf4c-06f5698ffbd9","Microsoft-Windows-Sysmon/Operational","3704","4144","DESKTOP-7HV9KN7","S-1-5-18","4/12/2026 7:42:46 PM",,,"Microsoft-Windows-Sysmon/Operational","System.UInt32[]","System.Diagnostics.Eventing.Reader.EventBookmark","Information","Info","Process terminated (rule: ProcessTerminate)","System.Collections.ObjectModel.ReadOnlyCollection`1[System.String]","System.Collections.Generic.List`1[System.Diagnostics.Eventing.Reader.EventProperty]"
"Image loaded:
RuleName: -
UtcTime: 2026-04-13 02:42:45.020
ProcessGuid: {fc4680f6-5824-69dc-e500-000000001700}
ProcessId: 10624
Image: C:\Windows\System32\ctfmon.exe
ImageLoaded: C:\Payloads\heartbeat.dll
FileVersion: -
Description: -
Product: -
Company: -
OriginalFileName: -
Hashes: SHA256=BC3F9BF5B00EAC5A58C772895FF69274DCC35A5DC850AB4321297957BBEB1AA9
Signed: false
Signature: -
SignatureStatus: Unavailable
User: NT AUTHORITY\SYSTEM","7","3",,"4","7","0","-9223372036854775808","1560","Microsoft-Windows-Sysmon","5770385f-c22a-43e0-bf4c-06f5698ffbd9","Microsoft-Windows-Sysmon/Operational","3704","4144","DESKTOP-7HV9KN7","S-1-5-18","4/12/2026 7:42:45 PM",,,"Microsoft-Windows-Sysmon/Operational","System.UInt32[]","System.Diagnostics.Eventing.Reader.EventBookmark","Information","Info","Process terminated (rule: ProcessTerminate)","System.Collections.ObjectModel.ReadOnlyCollection`1[System.String]","System.Collections.Generic.List`1[System.Diagnostics.Eventing.Reader.EventProperty]"
"Process Create:
RuleName: -
UtcTime: 2026-04-13 02:42:44.987
ProcessGuid: {fc4680f6-5824-69dc-e500-000000001700}
ProcessId: 10624
Image: C:\Windows\System32\ctfmon.exe
FileVersion: 10.0.26100.8115 (WinBuild.160101.0800)
Description: CTF Loader
Product: Microsoft? Windows? Operating System
Company: Microsoft Corporation
OriginalFileName: CTFMON.EXE
CommandLine: /QuitInfo:0000000000000184;00000000000001F4; 
CurrentDirectory: C:\WINDOWS\system32\
User: NT AUTHORITY\SYSTEM
LogonGuid: {fc4680f6-73fe-69dc-e703-000000000000}
LogonId: 0x3E7
TerminalSessionId: 1
IntegrityLevel: System
Hashes: SHA256=B751F1AD04D129360EFEFD1EC4C064496DBA8C1DDF3AED915C939663470BED2E
ParentProcessGuid: {fc4680f6-57e2-69dc-2f00-000000001700}
ParentProcessId: 2408
ParentImage: C:\Windows\System32\svchost.exe
ParentCommandLine: C:\WINDOWS\System32\svchost.exe -k LocalSystemNetworkRestricted -p -s TextInputManagementService
ParentUser: NT AUTHORITY\SYSTEM","1","5",,"4","1","0","-9223372036854775808","1559","Microsoft-Windows-Sysmon","5770385f-c22a-43e0-bf4c-06f5698ffbd9","Microsoft-Windows-Sysmon/Operational","3704","4144","DESKTOP-7HV9KN7","S-1-5-18","4/12/2026 7:42:44 PM",,,"Microsoft-Windows-Sysmon/Operational","System.UInt32[]","System.Diagnostics.Eventing.Reader.EventBookmark","Information","Info","Process terminated (rule: ProcessTerminate)","System.Collections.ObjectModel.ReadOnlyCollection`1[System.String]","System.Collections.Generic.List`1[System.Diagnostics.Eventing.Reader.EventProperty]"
"Image loaded:
RuleName: -
UtcTime: 2026-04-13 02:42:44.845
ProcessGuid: {fc4680f6-5824-69dc-e400-000000001700}
ProcessId: 10568
Image: C:\Windows\System32\consent.exe
ImageLoaded: C:\Payloads\heartbeat.dll
FileVersion: -
Description: -
Product: -
Company: -
OriginalFileName: -
Hashes: SHA256=BC3F9BF5B00EAC5A58C772895FF69274DCC35A5DC850AB4321297957BBEB1AA9
Signed: false
Signature: -
SignatureStatus: Unavailable
User: NT AUTHORITY\SYSTEM","7","3",,"4","7","0","-9223372036854775808","1558","Microsoft-Windows-Sysmon","5770385f-c22a-43e0-bf4c-06f5698ffbd9","Microsoft-Windows-Sysmon/Operational","3704","4144","DESKTOP-7HV9KN7","S-1-5-18","4/12/2026 7:42:44 PM",,,"Microsoft-Windows-Sysmon/Operational","System.UInt32[]","System.Diagnostics.Eventing.Reader.EventBookmark","Information","Info","Process terminated (rule: ProcessTerminate)","System.Collections.ObjectModel.ReadOnlyCollection`1[System.String]","System.Collections.Generic.List`1[System.Diagnostics.Eventing.Reader.EventProperty]"
"Process Create:
RuleName: -
UtcTime: 2026-04-13 02:42:44.760
ProcessGuid: {fc4680f6-5824-69dc-e400-000000001700}
ProcessId: 10568
Image: C:\Windows\System32\consent.exe
FileVersion: 10.0.26100.8115 (WinBuild.160101.0800)
Description: Consent UI for administrative applications
Product: Microsoft? Windows? Operating System
Company: Microsoft Corporation
OriginalFileName: consent.exe
CommandLine: consent.exe 5316 778 00000223E1154070
CurrentDirectory: C:\WINDOWS\system32\
User: NT AUTHORITY\SYSTEM
LogonGuid: {fc4680f6-73fe-69dc-e703-000000000000}
LogonId: 0x3E7
TerminalSessionId: 1
IntegrityLevel: System
Hashes: SHA256=75D175BD6051D921531EAFE3147C6AFD764CD127FA6929CACF5E0012311BF691
ParentProcessGuid: {fc4680f6-57eb-69dc-8500-000000001700}
ParentProcessId: 5316
ParentImage: C:\Windows\System32\svchost.exe
ParentCommandLine: C:\WINDOWS\system32\svchost.exe -k netsvcs -p -s Appinfo
ParentUser: NT AUTHORITY\SYSTEM","1","5",,"4","1","0","-9223372036854775808","1557","Microsoft-Windows-Sysmon","5770385f-c22a-43e0-bf4c-06f5698ffbd9","Microsoft-Windows-Sysmon/Operational","3704","4144","DESKTOP-7HV9KN7","S-1-5-18","4/12/2026 7:42:44 PM",,,"Microsoft-Windows-Sysmon/Operational","System.UInt32[]","System.Diagnostics.Eventing.Reader.EventBookmark","Information","Info","Process terminated (rule: ProcessTerminate)","System.Collections.ObjectModel.ReadOnlyCollection`1[System.String]","System.Collections.Generic.List`1[System.Diagnostics.Eventing.Reader.EventProperty]"
"Image loaded:
RuleName: -
UtcTime: 2026-04-13 02:42:44.744
ProcessGuid: {fc4680f6-73ff-69dc-1000-000000001700}
ProcessId: 932
Image: C:\Windows\System32\svchost.exe
ImageLoaded: C:\Payloads\heartbeat.dll
FileVersion: -
Description: -
Product: -
Company: -
OriginalFileName: -
Hashes: SHA256=BC3F9BF5B00EAC5A58C772895FF69274DCC35A5DC850AB4321297957BBEB1AA9
Signed: false
Signature: -
SignatureStatus: Unavailable
User: NT AUTHORITY\NETWORK SERVICE","7","3",,"4","7","0","-9223372036854775808","1556","Microsoft-Windows-Sysmon","5770385f-c22a-43e0-bf4c-06f5698ffbd9","Microsoft-Windows-Sysmon/Operational","3704","4144","DESKTOP-7HV9KN7","S-1-5-18","4/12/2026 7:42:44 PM",,,"Microsoft-Windows-Sysmon/Operational","System.UInt32[]","System.Diagnostics.Eventing.Reader.EventBookmark","Information","Info","Process terminated (rule: ProcessTerminate)","System.Collections.ObjectModel.ReadOnlyCollection`1[System.String]","System.Collections.Generic.List`1[System.Diagnostics.Eventing.Reader.EventProperty]"
"Process terminated:
RuleName: -
UtcTime: 2026-04-13 02:42:40.911
ProcessGuid: {fc4680f6-5820-69dc-e200-000000001700}
ProcessId: 10428
Image: C:\Program Files (x86)\Microsoft\EdgeWebView\Application\146.0.3856.109\msedgewebview2.exe
User: DESKTOP-7HV9KN7\LabAdmin","5","3",,"4","5","0","-9223372036854775808","1555","Microsoft-Windows-Sysmon","5770385f-c22a-43e0-bf4c-06f5698ffbd9","Microsoft-Windows-Sysmon/Operational","3704","4144","DESKTOP-7HV9KN7","S-1-5-18","4/12/2026 7:42:40 PM",,,"Microsoft-Windows-Sysmon/Operational","System.UInt32[]","System.Diagnostics.Eventing.Reader.EventBookmark","Information","Info","Process terminated (rule: ProcessTerminate)","System.Collections.ObjectModel.ReadOnlyCollection`1[System.String]","System.Collections.Generic.List`1[System.Diagnostics.Eventing.Reader.EventProperty]"
"Process terminated:
RuleName: -
UtcTime: 2026-04-13 02:42:40.771
ProcessGuid: {fc4680f6-581c-69dc-d900-000000001700}
ProcessId: 9932
Image: C:\Program Files (x86)\Microsoft\EdgeWebView\Application\146.0.3856.109\msedgewebview2.exe
User: DESKTOP-7HV9KN7\LabAdmin","5","3",,"4","5","0","-9223372036854775808","1554","Microsoft-Windows-Sysmon","5770385f-c22a-43e0-bf4c-06f5698ffbd9","Microsoft-Windows-Sysmon/Operational","3704","4144","DESKTOP-7HV9KN7","S-1-5-18","4/12/2026 7:42:40 PM",,,"Microsoft-Windows-Sysmon/Operational","System.UInt32[]","System.Diagnostics.Eventing.Reader.EventBookmark","Information","Info","Process terminated (rule: ProcessTerminate)","System.Collections.ObjectModel.ReadOnlyCollection`1[System.String]","System.Collections.Generic.List`1[System.Diagnostics.Eventing.Reader.EventProperty]"
"Process Create:
RuleName: -
UtcTime: 2026-04-13 02:42:40.752
ProcessGuid: {fc4680f6-5820-69dc-e300-000000001700}
ProcessId: 10484
Image: C:\Program Files (x86)\Microsoft\EdgeWebView\Application\146.0.3856.109\msedgewebview2.exe
FileVersion: 146.0.3856.109
Description: Microsoft Edge WebView2
Product: Microsoft Edge WebView2
Company: Microsoft Corporation
OriginalFileName: msedgewebview2.exe
CommandLine: ""C:\Program Files (x86)\Microsoft\EdgeWebView\Application\146.0.3856.109\msedgewebview2.exe"" --type=renderer --noerrdialogs --user-data-dir=""C:\Users\LabAdmin\AppData\Local\Packages\Microsoft.MicrosoftOfficeHub_8wekyb3d8bbwe\LocalState\EBWebView"" --webview-exe-name=M365Copilot.exe --webview-exe-version=19.2604.36171.0 --embedded-browser-webview=1 --embedded-browser-webview-dpi-awareness=2 --disable-gpu-compositing --video-capture-use-gpu-memory-buffer --lang=en-US --js-flags=--expose-gc --device-scale-factor=1 --num-raster-threads=2 --enable-main-frame-before-activation --renderer-client-id=19 --time-ticks-at-unix-epoch=-1776048082779880 --launch-time-ticks=77969048 --always-read-main-dll --metrics-shmem-handle=5308,i,1515527253268881933,13177077326583684826,2097152 --field-trial-handle=2116,i,11094893147394152137,5464349725300480981,262144 --enable-features=msSingleSignOnOSForPrimaryAccountIsShared --disable-features=msEnhancedTrackingPreventionEnabled --variations-seed-version --pseudonymization-salt-handle=2120,i,5221246016033571828,3123048113950713908,4 --trace-process-track-uuid=3190709004115666625 --mojo-platform-channel-handle=5336 /pfhostedapp:e2ee8b1eb288a7fedb96cb977854e74f0a99447a /prefetch:1
CurrentDirectory: C:\Program Files (x86)\Microsoft\EdgeWebView\Application\146.0.3856.109\
User: DESKTOP-7HV9KN7\LabAdmin
LogonGuid: {fc4680f6-57e8-69dc-06e4-040000000000}
LogonId: 0x4E406
TerminalSessionId: 1
IntegrityLevel: Low
Hashes: SHA256=29CE36EA7A746028BC637095F1068BC29FAC83FC677716FF052B56E913DCE6B7
ParentProcessGuid: {fc4680f6-5816-69dc-c700-000000001700}
ParentProcessId: 9244
ParentImage: C:\Program Files (x86)\Microsoft\EdgeWebView\Application\146.0.3856.109\msedgewebview2.exe
ParentCommandLine: ""C:\Program Files (x86)\Microsoft\EdgeWebView\Application\146.0.3856.109\msedgewebview2.exe"" --embedded-browser-webview=1 --webview-exe-name=M365Copilot.exe --webview-exe-version=19.2604.36171.0 --user-data-dir=""C:\Users\LabAdmin\AppData\Local\Packages\Microsoft.MicrosoftOfficeHub_8wekyb3d8bbwe\LocalState\EBWebView"" --noerrdialogs --embedded-browser-webview-dpi-awareness=2 --disable-features=msEnhancedTrackingPreventionEnabled --enable-features=msSingleSignOnOSForPrimaryAccountIsShared --mojo-named-platform-channel-pipe=9004.9240.8986736808868251626 /pfhostedapp:e2ee8b1eb288a7fedb96cb977854e74f0a99447a
ParentUser: DESKTOP-7HV9KN7\LabAdmin","1","5",,"4","1","0","-9223372036854775808","1553","Microsoft-Windows-Sysmon","5770385f-c22a-43e0-bf4c-06f5698ffbd9","Microsoft-Windows-Sysmon/Operational","3704","4144","DESKTOP-7HV9KN7","S-1-5-18","4/12/2026 7:42:40 PM",,,"Microsoft-Windows-Sysmon/Operational","System.UInt32[]","System.Diagnostics.Eventing.Reader.EventBookmark","Information","Info","Process terminated (rule: ProcessTerminate)","System.Collections.ObjectModel.ReadOnlyCollection`1[System.String]","System.Collections.Generic.List`1[System.Diagnostics.Eventing.Reader.EventProperty]"
"Process terminated:
RuleName: -
UtcTime: 2026-04-13 02:42:40.627
ProcessGuid: {fc4680f6-5820-69dc-e100-000000001700}
ProcessId: 10420
Image: C:\Program Files (x86)\Microsoft\EdgeWebView\Application\146.0.3856.109\msedgewebview2.exe
User: DESKTOP-7HV9KN7\LabAdmin","5","3",,"4","5","0","-9223372036854775808","1552","Microsoft-Windows-Sysmon","5770385f-c22a-43e0-bf4c-06f5698ffbd9","Microsoft-Windows-Sysmon/Operational","3704","4144","DESKTOP-7HV9KN7","S-1-5-18","4/12/2026 7:42:40 PM",,,"Microsoft-Windows-Sysmon/Operational","System.UInt32[]","System.Diagnostics.Eventing.Reader.EventBookmark","Information","Info","Process terminated (rule: ProcessTerminate)","System.Collections.ObjectModel.ReadOnlyCollection`1[System.String]","System.Collections.Generic.List`1[System.Diagnostics.Eventing.Reader.EventProperty]"
"Process Create:
RuleName: -
UtcTime: 2026-04-13 02:42:40.624
ProcessGuid: {fc4680f6-5820-69dc-e200-000000001700}
ProcessId: 10428
Image: C:\Program Files (x86)\Microsoft\EdgeWebView\Application\146.0.3856.109\msedgewebview2.exe
FileVersion: 146.0.3856.109
Description: Microsoft Edge WebView2
Product: Microsoft Edge WebView2
Company: Microsoft Corporation
OriginalFileName: msedgewebview2.exe
CommandLine: ""C:\Program Files (x86)\Microsoft\EdgeWebView\Application\146.0.3856.109\msedgewebview2.exe"" --type=renderer --noerrdialogs --user-data-dir=""C:\Users\LabAdmin\AppData\Local\Packages\Microsoft.MicrosoftOfficeHub_8wekyb3d8bbwe\LocalState\EBWebView"" --webview-exe-name=M365Copilot.exe --webview-exe-version=19.2604.36171.0 --embedded-browser-webview=1 --embedded-browser-webview-dpi-awareness=2 --disable-gpu-compositing --video-capture-use-gpu-memory-buffer --lang=en-US --js-flags=--expose-gc --device-scale-factor=1 --num-raster-threads=2 --enable-main-frame-before-activation --renderer-client-id=18 --time-ticks-at-unix-epoch=-1776048082779880 --launch-time-ticks=77839262 --always-read-main-dll --metrics-shmem-handle=5176,i,11008700627374803563,9052762633476548574,2097152 --field-trial-handle=2116,i,11094893147394152137,5464349725300480981,262144 --enable-features=msSingleSignOnOSForPrimaryAccountIsShared --disable-features=msEnhancedTrackingPreventionEnabled --variations-seed-version --pseudonymization-salt-handle=2120,i,5221246016033571828,3123048113950713908,4 --trace-process-track-uuid=3190709003178624776 --mojo-platform-channel-handle=5152 /pfhostedapp:e2ee8b1eb288a7fedb96cb977854e74f0a99447a /prefetch:1
CurrentDirectory: C:\Program Files (x86)\Microsoft\EdgeWebView\Application\146.0.3856.109\
User: DESKTOP-7HV9KN7\LabAdmin
LogonGuid: {fc4680f6-57e8-69dc-06e4-040000000000}
LogonId: 0x4E406
TerminalSessionId: 1
IntegrityLevel: Low
Hashes: SHA256=29CE36EA7A746028BC637095F1068BC29FAC83FC677716FF052B56E913DCE6B7
ParentProcessGuid: {fc4680f6-5816-69dc-c700-000000001700}
ParentProcessId: 9244
ParentImage: C:\Program Files (x86)\Microsoft\EdgeWebView\Application\146.0.3856.109\msedgewebview2.exe
ParentCommandLine: ""C:\Program Files (x86)\Microsoft\EdgeWebView\Application\146.0.3856.109\msedgewebview2.exe"" --embedded-browser-webview=1 --webview-exe-name=M365Copilot.exe --webview-exe-version=19.2604.36171.0 --user-data-dir=""C:\Users\LabAdmin\AppData\Local\Packages\Microsoft.MicrosoftOfficeHub_8wekyb3d8bbwe\LocalState\EBWebView"" --noerrdialogs --embedded-browser-webview-dpi-awareness=2 --disable-features=msEnhancedTrackingPreventionEnabled --enable-features=msSingleSignOnOSForPrimaryAccountIsShared --mojo-named-platform-channel-pipe=9004.9240.8986736808868251626 /pfhostedapp:e2ee8b1eb288a7fedb96cb977854e74f0a99447a
ParentUser: DESKTOP-7HV9KN7\LabAdmin","1","5",,"4","1","0","-9223372036854775808","1551","Microsoft-Windows-Sysmon","5770385f-c22a-43e0-bf4c-06f5698ffbd9","Microsoft-Windows-Sysmon/Operational","3704","4144","DESKTOP-7HV9KN7","S-1-5-18","4/12/2026 7:42:40 PM",,,"Microsoft-Windows-Sysmon/Operational","System.UInt32[]","System.Diagnostics.Eventing.Reader.EventBookmark","Information","Info","Process terminated (rule: ProcessTerminate)","System.Collections.ObjectModel.ReadOnlyCollection`1[System.String]","System.Collections.Generic.List`1[System.Diagnostics.Eventing.Reader.EventProperty]"
"Process Create:
RuleName: -
UtcTime: 2026-04-13 02:42:40.589
ProcessGuid: {fc4680f6-5820-69dc-e100-000000001700}
ProcessId: 10420
Image: C:\Program Files (x86)\Microsoft\EdgeWebView\Application\146.0.3856.109\msedgewebview2.exe
FileVersion: 146.0.3856.109
Description: Microsoft Edge WebView2
Product: Microsoft Edge WebView2
Company: Microsoft Corporation
OriginalFileName: msedgewebview2.exe
CommandLine: ""C:\Program Files (x86)\Microsoft\EdgeWebView\Application\146.0.3856.109\msedgewebview2.exe"" --type=renderer --noerrdialogs --user-data-dir=""C:\Users\LabAdmin\AppData\Local\Packages\Microsoft.MicrosoftOfficeHub_8wekyb3d8bbwe\LocalState\EBWebView"" --webview-exe-name=M365Copilot.exe --webview-exe-version=19.2604.36171.0 --embedded-browser-webview=1 --embedded-browser-webview-dpi-awareness=2 --disable-gpu-compositing --video-capture-use-gpu-memory-buffer --lang=en-US --js-flags=--expose-gc --device-scale-factor=1 --num-raster-threads=2 --enable-main-frame-before-activation --renderer-client-id=17 --time-ticks-at-unix-epoch=-1776048082779880 --launch-time-ticks=77792264 --always-read-main-dll --metrics-shmem-handle=4944,i,10488477757156097523,4949524540504299571,2097152 --field-trial-handle=2116,i,11094893147394152137,5464349725300480981,262144 --enable-features=msSingleSignOnOSForPrimaryAccountIsShared --disable-features=msEnhancedTrackingPreventionEnabled --variations-seed-version --pseudonymization-salt-handle=2120,i,5221246016033571828,3123048113950713908,4 --trace-process-track-uuid=3190709002241582927 --mojo-platform-channel-handle=4716 /pfhostedapp:e2ee8b1eb288a7fedb96cb977854e74f0a99447a /prefetch:1
CurrentDirectory: C:\Program Files (x86)\Microsoft\EdgeWebView\Application\146.0.3856.109\
User: DESKTOP-7HV9KN7\LabAdmin
LogonGuid: {fc4680f6-57e8-69dc-06e4-040000000000}
LogonId: 0x4E406
TerminalSessionId: 1
IntegrityLevel: Low
Hashes: SHA256=29CE36EA7A746028BC637095F1068BC29FAC83FC677716FF052B56E913DCE6B7
ParentProcessGuid: {fc4680f6-5816-69dc-c700-000000001700}
ParentProcessId: 9244
ParentImage: C:\Program Files (x86)\Microsoft\EdgeWebView\Application\146.0.3856.109\msedgewebview2.exe
ParentCommandLine: ""C:\Program Files (x86)\Microsoft\EdgeWebView\Application\146.0.3856.109\msedgewebview2.exe"" --embedded-browser-webview=1 --webview-exe-name=M365Copilot.exe --webview-exe-version=19.2604.36171.0 --user-data-dir=""C:\Users\LabAdmin\AppData\Local\Packages\Microsoft.MicrosoftOfficeHub_8wekyb3d8bbwe\LocalState\EBWebView"" --noerrdialogs --embedded-browser-webview-dpi-awareness=2 --disable-features=msEnhancedTrackingPreventionEnabled --enable-features=msSingleSignOnOSForPrimaryAccountIsShared --mojo-named-platform-channel-pipe=9004.9240.8986736808868251626 /pfhostedapp:e2ee8b1eb288a7fedb96cb977854e74f0a99447a
ParentUser: DESKTOP-7HV9KN7\LabAdmin","1","5",,"4","1","0","-9223372036854775808","1550","Microsoft-Windows-Sysmon","5770385f-c22a-43e0-bf4c-06f5698ffbd9","Microsoft-Windows-Sysmon/Operational","3704","4144","DESKTOP-7HV9KN7","S-1-5-18","4/12/2026 7:42:40 PM",,,"Microsoft-Windows-Sysmon/Operational","System.UInt32[]","System.Diagnostics.Eventing.Reader.EventBookmark","Information","Info","Process terminated (rule: ProcessTerminate)","System.Collections.ObjectModel.ReadOnlyCollection`1[System.String]","System.Collections.Generic.List`1[System.Diagnostics.Eventing.Reader.EventProperty]"
"Image loaded:
RuleName: -
UtcTime: 2026-04-13 02:42:39.940
ProcessGuid: {fc4680f6-581f-69dc-e000-000000001700}
ProcessId: 10360
Image: C:\Windows\System32\svchost.exe
ImageLoaded: C:\Payloads\heartbeat.dll
FileVersion: -
Description: -
Product: -
Company: -
OriginalFileName: -
Hashes: SHA256=BC3F9BF5B00EAC5A58C772895FF69274DCC35A5DC850AB4321297957BBEB1AA9
Signed: false
Signature: -
SignatureStatus: Unavailable
User: NT AUTHORITY\LOCAL SERVICE","7","3",,"4","7","0","-9223372036854775808","1549","Microsoft-Windows-Sysmon","5770385f-c22a-43e0-bf4c-06f5698ffbd9","Microsoft-Windows-Sysmon/Operational","3704","4144","DESKTOP-7HV9KN7","S-1-5-18","4/12/2026 7:42:39 PM",,,"Microsoft-Windows-Sysmon/Operational","System.UInt32[]","System.Diagnostics.Eventing.Reader.EventBookmark","Information","Info","Process terminated (rule: ProcessTerminate)","System.Collections.ObjectModel.ReadOnlyCollection`1[System.String]","System.Collections.Generic.List`1[System.Diagnostics.Eventing.Reader.EventProperty]"
"Process Create:
RuleName: -
UtcTime: 2026-04-13 02:42:39.928
ProcessGuid: {fc4680f6-581f-69dc-e000-000000001700}
ProcessId: 10360
Image: C:\Windows\System32\svchost.exe
FileVersion: 10.0.26100.7705 (WinBuild.160101.0800)
Description: Host Process for Windows Services
Product: Microsoft? Windows? Operating System
Company: Microsoft Corporation
OriginalFileName: svchost.exe
CommandLine: C:\WINDOWS\system32\svchost.exe -k LocalServiceNetworkRestricted -p -s NgcCtnrSvc
CurrentDirectory: C:\WINDOWS\system32\
User: NT AUTHORITY\LOCAL SERVICE
LogonGuid: {fc4680f6-7400-69dc-e503-000000000000}
LogonId: 0x3E5
TerminalSessionId: 0
IntegrityLevel: System
Hashes: SHA256=44FD6F9347CEED5798A25C47167F335EF085AE4648A81F775DD4BDC6240D8189
ParentProcessGuid: {00000000-0000-0000-0000-000000000000}
ParentProcessId: 884
ParentImage: -
ParentCommandLine: -
ParentUser: -","1","5",,"4","1","0","-9223372036854775808","1548","Microsoft-Windows-Sysmon","5770385f-c22a-43e0-bf4c-06f5698ffbd9","Microsoft-Windows-Sysmon/Operational","3704","4144","DESKTOP-7HV9KN7","S-1-5-18","4/12/2026 7:42:39 PM",,,"Microsoft-Windows-Sysmon/Operational","System.UInt32[]","System.Diagnostics.Eventing.Reader.EventBookmark","Information","Info","Process terminated (rule: ProcessTerminate)","System.Collections.ObjectModel.ReadOnlyCollection`1[System.String]","System.Collections.Generic.List`1[System.Diagnostics.Eventing.Reader.EventProperty]"
"Image loaded:
RuleName: -
UtcTime: 2026-04-13 02:42:39.837
ProcessGuid: {fc4680f6-581f-69dc-df00-000000001700}
ProcessId: 10320
Image: C:\Windows\System32\svchost.exe
ImageLoaded: C:\Payloads\heartbeat.dll
FileVersion: -
Description: -
Product: -
Company: -
OriginalFileName: -
Hashes: SHA256=BC3F9BF5B00EAC5A58C772895FF69274DCC35A5DC850AB4321297957BBEB1AA9
Signed: false
Signature: -
SignatureStatus: Unavailable
User: NT AUTHORITY\SYSTEM","7","3",,"4","7","0","-9223372036854775808","1547","Microsoft-Windows-Sysmon","5770385f-c22a-43e0-bf4c-06f5698ffbd9","Microsoft-Windows-Sysmon/Operational","3704","4144","DESKTOP-7HV9KN7","S-1-5-18","4/12/2026 7:42:39 PM",,,"Microsoft-Windows-Sysmon/Operational","System.UInt32[]","System.Diagnostics.Eventing.Reader.EventBookmark","Information","Info","Process terminated (rule: ProcessTerminate)","System.Collections.ObjectModel.ReadOnlyCollection`1[System.String]","System.Collections.Generic.List`1[System.Diagnostics.Eventing.Reader.EventProperty]"
"Process Create:
RuleName: -
UtcTime: 2026-04-13 02:42:39.812
ProcessGuid: {fc4680f6-581f-69dc-df00-000000001700}
ProcessId: 10320
Image: C:\Windows\System32\svchost.exe
FileVersion: 10.0.26100.7705 (WinBuild.160101.0800)
Description: Host Process for Windows Services
Product: Microsoft? Windows? Operating System
Company: Microsoft Corporation
OriginalFileName: svchost.exe
CommandLine: C:\WINDOWS\system32\svchost.exe -k LocalSystemNetworkRestricted -p -s NgcSvc
CurrentDirectory: C:\WINDOWS\system32\
User: NT AUTHORITY\SYSTEM
LogonGuid: {fc4680f6-73fe-69dc-e703-000000000000}
LogonId: 0x3E7
TerminalSessionId: 0
IntegrityLevel: System
Hashes: SHA256=44FD6F9347CEED5798A25C47167F335EF085AE4648A81F775DD4BDC6240D8189
ParentProcessGuid: {00000000-0000-0000-0000-000000000000}
ParentProcessId: 884
ParentImage: -
ParentCommandLine: -
ParentUser: -","1","5",,"4","1","0","-9223372036854775808","1546","Microsoft-Windows-Sysmon","5770385f-c22a-43e0-bf4c-06f5698ffbd9","Microsoft-Windows-Sysmon/Operational","3704","4144","DESKTOP-7HV9KN7","S-1-5-18","4/12/2026 7:42:39 PM",,,"Microsoft-Windows-Sysmon/Operational","System.UInt32[]","System.Diagnostics.Eventing.Reader.EventBookmark","Information","Info","Process terminated (rule: ProcessTerminate)","System.Collections.ObjectModel.ReadOnlyCollection`1[System.String]","System.Collections.Generic.List`1[System.Diagnostics.Eventing.Reader.EventProperty]"
"Process Create:
RuleName: -
UtcTime: 2026-04-13 02:42:39.675
ProcessGuid: {fc4680f6-581f-69dc-de00-000000001700}
ProcessId: 10284
Image: C:\Windows\System32\svchost.exe
FileVersion: 10.0.26100.7705 (WinBuild.160101.0800)
Description: Host Process for Windows Services
Product: Microsoft? Windows? Operating System
Company: Microsoft Corporation
OriginalFileName: svchost.exe
CommandLine: C:\WINDOWS\system32\svchost.exe -k WbioSvcGroup -s WbioSrvc
CurrentDirectory: C:\WINDOWS\system32\
User: NT AUTHORITY\SYSTEM
LogonGuid: {fc4680f6-73fe-69dc-e703-000000000000}
LogonId: 0x3E7
TerminalSessionId: 0
IntegrityLevel: System
Hashes: SHA256=44FD6F9347CEED5798A25C47167F335EF085AE4648A81F775DD4BDC6240D8189
ParentProcessGuid: {00000000-0000-0000-0000-000000000000}
ParentProcessId: 884
ParentImage: -
ParentCommandLine: -
ParentUser: -","1","5",,"4","1","0","-9223372036854775808","1545","Microsoft-Windows-Sysmon","5770385f-c22a-43e0-bf4c-06f5698ffbd9","Microsoft-Windows-Sysmon/Operational","3704","4144","DESKTOP-7HV9KN7","S-1-5-18","4/12/2026 7:42:39 PM",,,"Microsoft-Windows-Sysmon/Operational","System.UInt32[]","System.Diagnostics.Eventing.Reader.EventBookmark","Information","Info","Process terminated (rule: ProcessTerminate)","System.Collections.ObjectModel.ReadOnlyCollection`1[System.String]","System.Collections.Generic.List`1[System.Diagnostics.Eventing.Reader.EventProperty]"
"Image loaded:
RuleName: -
UtcTime: 2026-04-13 02:42:39.564
ProcessGuid: {fc4680f6-581f-69dc-dd00-000000001700}
ProcessId: 10104
Image: C:\Windows\System32\svchost.exe
ImageLoaded: C:\Payloads\heartbeat.dll
FileVersion: -
Description: -
Product: -
Company: -
OriginalFileName: -
Hashes: SHA256=BC3F9BF5B00EAC5A58C772895FF69274DCC35A5DC850AB4321297957BBEB1AA9
Signed: false
Signature: -
SignatureStatus: Unavailable
User: NT AUTHORITY\LOCAL SERVICE","7","3",,"4","7","0","-9223372036854775808","1544","Microsoft-Windows-Sysmon","5770385f-c22a-43e0-bf4c-06f5698ffbd9","Microsoft-Windows-Sysmon/Operational","3704","4144","DESKTOP-7HV9KN7","S-1-5-18","4/12/2026 7:42:39 PM",,,"Microsoft-Windows-Sysmon/Operational","System.UInt32[]","System.Diagnostics.Eventing.Reader.EventBookmark","Information","Info","Process terminated (rule: ProcessTerminate)","System.Collections.ObjectModel.ReadOnlyCollection`1[System.String]","System.Collections.Generic.List`1[System.Diagnostics.Eventing.Reader.EventProperty]"
"Process Create:
RuleName: -
UtcTime: 2026-04-13 02:42:39.410
ProcessGuid: {fc4680f6-581f-69dc-dd00-000000001700}
ProcessId: 10104
Image: C:\Windows\System32\svchost.exe
FileVersion: 10.0.26100.7705 (WinBuild.160101.0800)
Description: Host Process for Windows Services
Product: Microsoft? Windows? Operating System
Company: Microsoft Corporation
OriginalFileName: svchost.exe
CommandLine: C:\WINDOWS\system32\svchost.exe -k WebThreatDefense -p -s webthreatdefsvc
CurrentDirectory: C:\WINDOWS\system32\
User: NT AUTHORITY\LOCAL SERVICE
LogonGuid: {fc4680f6-7400-69dc-e503-000000000000}
LogonId: 0x3E5
TerminalSessionId: 0
IntegrityLevel: System
Hashes: SHA256=44FD6F9347CEED5798A25C47167F335EF085AE4648A81F775DD4BDC6240D8189
ParentProcessGuid: {00000000-0000-0000-0000-000000000000}
ParentProcessId: 884
ParentImage: -
ParentCommandLine: -
ParentUser: -","1","5",,"4","1","0","-9223372036854775808","1543","Microsoft-Windows-Sysmon","5770385f-c22a-43e0-bf4c-06f5698ffbd9","Microsoft-Windows-Sysmon/Operational","3704","4144","DESKTOP-7HV9KN7","S-1-5-18","4/12/2026 7:42:39 PM",,,"Microsoft-Windows-Sysmon/Operational","System.UInt32[]","System.Diagnostics.Eventing.Reader.EventBookmark","Information","Info","Process terminated (rule: ProcessTerminate)","System.Collections.ObjectModel.ReadOnlyCollection`1[System.String]","System.Collections.Generic.List`1[System.Diagnostics.Eventing.Reader.EventProperty]"
"Image loaded:
RuleName: -
UtcTime: 2026-04-13 02:42:39.211
ProcessGuid: {fc4680f6-581f-69dc-dc00-000000001700}
ProcessId: 7888
Image: C:\Windows\System32\SecurityHealth\10.0.29554.1001-0\SecurityHealthHost.exe
ImageLoaded: C:\Payloads\heartbeat.dll
FileVersion: -
Description: -
Product: -
Company: -
OriginalFileName: -
Hashes: SHA256=BC3F9BF5B00EAC5A58C772895FF69274DCC35A5DC850AB4321297957BBEB1AA9
Signed: false
Signature: -
SignatureStatus: Unavailable
User: DESKTOP-7HV9KN7\LabAdmin","7","3",,"4","7","0","-9223372036854775808","1542","Microsoft-Windows-Sysmon","5770385f-c22a-43e0-bf4c-06f5698ffbd9","Microsoft-Windows-Sysmon/Operational","3704","4144","DESKTOP-7HV9KN7","S-1-5-18","4/12/2026 7:42:39 PM",,,"Microsoft-Windows-Sysmon/Operational","System.UInt32[]","System.Diagnostics.Eventing.Reader.EventBookmark","Information","Info","Process terminated (rule: ProcessTerminate)","System.Collections.ObjectModel.ReadOnlyCollection`1[System.String]","System.Collections.Generic.List`1[System.Diagnostics.Eventing.Reader.EventProperty]"
"Process Create:
RuleName: -
UtcTime: 2026-04-13 02:42:39.180
ProcessGuid: {fc4680f6-581f-69dc-dc00-000000001700}
ProcessId: 7888
Image: C:\Windows\System32\SecurityHealth\10.0.29554.1001-0\SecurityHealthHost.exe
FileVersion: 10.0.29554.1001 (WinBuild.160101.0800)
Description: Windows Security Health Host
Product: Microsoft? Windows? Operating System
Company: Microsoft Corporation
OriginalFileName: SecurityHealthHost.exe
CommandLine: \\?\C:\Windows\System32\SecurityHealth\10.0.29554.1001-0\SecurityHealthHost.exe {E041C90B-68BA-42C9-991E-477B73A75C90} -Embedding
CurrentDirectory: C:\WINDOWS\system32\
User: DESKTOP-7HV9KN7\LabAdmin
LogonGuid: {fc4680f6-57e8-69dc-06e4-040000000000}
LogonId: 0x4E406
TerminalSessionId: 1
IntegrityLevel: Medium
Hashes: SHA256=C9FB3DAFB6B99270E7A60F27FA0CA98350C2916122C52EECC954F8217D73489E
ParentProcessGuid: {00000000-0000-0000-0000-000000000000}
ParentProcessId: 580
ParentImage: -
ParentCommandLine: -
ParentUser: -","1","5",,"4","1","0","-9223372036854775808","1541","Microsoft-Windows-Sysmon","5770385f-c22a-43e0-bf4c-06f5698ffbd9","Microsoft-Windows-Sysmon/Operational","3704","4144","DESKTOP-7HV9KN7","S-1-5-18","4/12/2026 7:42:39 PM",,,"Microsoft-Windows-Sysmon/Operational","System.UInt32[]","System.Diagnostics.Eventing.Reader.EventBookmark","Information","Info","Process terminated (rule: ProcessTerminate)","System.Collections.ObjectModel.ReadOnlyCollection`1[System.String]","System.Collections.Generic.List`1[System.Diagnostics.Eventing.Reader.EventProperty]"
"Process terminated:
RuleName: -
UtcTime: 2026-04-13 02:42:38.971
ProcessGuid: {fc4680f6-581e-69dc-da00-000000001700}
ProcessId: 10104
Image: C:\Windows\System32\dxgiadaptercache.exe
User: NT AUTHORITY\SYSTEM","5","3",,"4","5","0","-9223372036854775808","1540","Microsoft-Windows-Sysmon","5770385f-c22a-43e0-bf4c-06f5698ffbd9","Microsoft-Windows-Sysmon/Operational","3704","4144","DESKTOP-7HV9KN7","S-1-5-18","4/12/2026 7:42:38 PM",,,"Microsoft-Windows-Sysmon/Operational","System.UInt32[]","System.Diagnostics.Eventing.Reader.EventBookmark","Information","Info","Process terminated (rule: ProcessTerminate)","System.Collections.ObjectModel.ReadOnlyCollection`1[System.String]","System.Collections.Generic.List`1[System.Diagnostics.Eventing.Reader.EventProperty]"
"Process Create:
RuleName: -
UtcTime: 2026-04-13 02:42:38.769
ProcessGuid: {fc4680f6-581e-69dc-db00-000000001700}
ProcessId: 10156
Image: C:\Program Files\WindowsApps\Microsoft.SecHealthUI_1000.29554.1001.0_x64__8wekyb3d8bbwe\SecHealthUI.exe
FileVersion: 10.0.29554.1001 (WinBuild.160101.0800)
Description: Windows Defender application
Product: Microsoft? Windows? Operating System
Company: Microsoft Corporation
OriginalFileName: SecHealthUI.exe
CommandLine: ""C:\Program Files\WindowsApps\Microsoft.SecHealthUI_1000.29554.1001.0_x64__8wekyb3d8bbwe\SecHealthUI.exe"" -ServerName:SecHealthUI.AppX8tam42xc7v2czs3s1nt0nkxvfjtepzp9.mca
CurrentDirectory: C:\Program Files\WindowsApps\Microsoft.SecHealthUI_1000.29554.1001.0_x64__8wekyb3d8bbwe\
User: DESKTOP-7HV9KN7\LabAdmin
LogonGuid: {fc4680f6-57e8-69dc-06e4-040000000000}
LogonId: 0x4E406
TerminalSessionId: 1
IntegrityLevel: AppContainer
Hashes: SHA256=F2F79EAA1CBA43D6D26AEF85B3FC6D6F6677C94D40458FFA1CC172E6F2CB4235
ParentProcessGuid: {00000000-0000-0000-0000-000000000000}
ParentProcessId: 580
ParentImage: -
ParentCommandLine: -
ParentUser: -","1","5",,"4","1","0","-9223372036854775808","1539","Microsoft-Windows-Sysmon","5770385f-c22a-43e0-bf4c-06f5698ffbd9","Microsoft-Windows-Sysmon/Operational","3704","4144","DESKTOP-7HV9KN7","S-1-5-18","4/12/2026 7:42:38 PM",,,"Microsoft-Windows-Sysmon/Operational","System.UInt32[]","System.Diagnostics.Eventing.Reader.EventBookmark","Information","Info","Process terminated (rule: ProcessTerminate)","System.Collections.ObjectModel.ReadOnlyCollection`1[System.String]","System.Collections.Generic.List`1[System.Diagnostics.Eventing.Reader.EventProperty]"
"Image loaded:
RuleName: -
UtcTime: 2026-04-13 02:42:38.799
ProcessGuid: {fc4680f6-581e-69dc-da00-000000001700}
ProcessId: 10104
Image: C:\Windows\System32\dxgiadaptercache.exe
ImageLoaded: C:\Payloads\heartbeat.dll
FileVersion: -
Description: -
Product: -
Company: -
OriginalFileName: -
Hashes: SHA256=BC3F9BF5B00EAC5A58C772895FF69274DCC35A5DC850AB4321297957BBEB1AA9
Signed: false
Signature: -
SignatureStatus: Unavailable
User: NT AUTHORITY\SYSTEM","7","3",,"4","7","0","-9223372036854775808","1538","Microsoft-Windows-Sysmon","5770385f-c22a-43e0-bf4c-06f5698ffbd9","Microsoft-Windows-Sysmon/Operational","3704","4144","DESKTOP-7HV9KN7","S-1-5-18","4/12/2026 7:42:38 PM",,,"Microsoft-Windows-Sysmon/Operational","System.UInt32[]","System.Diagnostics.Eventing.Reader.EventBookmark","Information","Info","Process terminated (rule: ProcessTerminate)","System.Collections.ObjectModel.ReadOnlyCollection`1[System.String]","System.Collections.Generic.List`1[System.Diagnostics.Eventing.Reader.EventProperty]"
