"Process Create:
RuleName: -
UtcTime: 2026-04-13 02:42:22.056
ProcessGuid: {fc4680f6-580e-69dc-bc00-000000001700}
ProcessId: 8708
Image: C:\Windows\UUS\Packages\Preview\amd64\MoNotificationUx.exe
FileVersion: 1507.2602.25052.0
Description: Notifications host process
Product: Microsoft? Windows? Operating System
Company: Microsoft Corporation
OriginalFileName: MoNotificationUx.exe
CommandLine: C:\WINDOWS\uus\packages\preview\AMD64\MoNotificationUx.exe /ClearActiveNotifications /CV uFi3+n6RQky2ctJa.1.0.0
CurrentDirectory: C:\WINDOWS\system32\
User: DESKTOP-7HV9KN7\LabAdmin
LogonGuid: {fc4680f6-57e8-69dc-06e4-040000000000}
LogonId: 0x4E406
TerminalSessionId: 1
IntegrityLevel: Medium
Hashes: SHA256=825D04763E9BE867AC665BFC438852A4DBA399BDB09C4FAB39A9AC952CB4179B
ParentProcessGuid: {fc4680f6-580c-69dc-b800-000000001700}
ParentProcessId: 8236
ParentImage: C:\Windows\UUS\Packages\Preview\amd64\MoUsoCoreWorker.exe
ParentCommandLine: ""C:\WINDOWS\uus\packages\preview\AMD64\MoUsoCoreWorker.exe"" useprivatenamespaces
ParentUser: NT AUTHORITY\SYSTEM","1","5",,"4","1","0","-9223372036854775808","1481","Microsoft-Windows-Sysmon","5770385f-c22a-43e0-bf4c-06f5698ffbd9","Microsoft-Windows-Sysmon/Operational","3704","4144","DESKTOP-7HV9KN7","S-1-5-18","4/12/2026 7:42:22 PM",,,"Microsoft-Windows-Sysmon/Operational","System.UInt32[]","System.Diagnostics.Eventing.Reader.EventBookmark","Information","Info","Process terminated (rule: ProcessTerminate)","System.Collections.ObjectModel.ReadOnlyCollection`1[System.String]","System.Collections.Generic.List`1[System.Diagnostics.Eventing.Reader.EventProperty]"
"Process terminated:
RuleName: -
UtcTime: 2026-04-13 02:42:21.629
ProcessGuid: {fc4680f6-580d-69dc-ba00-000000001700}
ProcessId: 8556
Image: C:\Windows\System32\backgroundTaskHost.exe
User: DESKTOP-7HV9KN7\LabAdmin","5","3",,"4","5","0","-9223372036854775808","1480","Microsoft-Windows-Sysmon","5770385f-c22a-43e0-bf4c-06f5698ffbd9","Microsoft-Windows-Sysmon/Operational","3704","4144","DESKTOP-7HV9KN7","S-1-5-18","4/12/2026 7:42:21 PM",,,"Microsoft-Windows-Sysmon/Operational","System.UInt32[]","System.Diagnostics.Eventing.Reader.EventBookmark","Information","Info","Process terminated (rule: ProcessTerminate)","System.Collections.ObjectModel.ReadOnlyCollection`1[System.String]","System.Collections.Generic.List`1[System.Diagnostics.Eventing.Reader.EventProperty]"
"Process Create:
RuleName: -
UtcTime: 2026-04-13 02:42:21.538
ProcessGuid: {fc4680f6-580d-69dc-bb00-000000001700}
ProcessId: 8644
Image: C:\Windows\System32\RuntimeBroker.exe
FileVersion: 10.0.26100.8115 (WinBuild.160101.0800)
Description: Runtime Broker
Product: Microsoft? Windows? Operating System
Company: Microsoft Corporation
OriginalFileName: RuntimeBroker.exe
CommandLine: C:\Windows\System32\RuntimeBroker.exe -Embedding
CurrentDirectory: C:\WINDOWS\system32\
User: DESKTOP-7HV9KN7\LabAdmin
LogonGuid: {fc4680f6-57e8-69dc-06e4-040000000000}
LogonId: 0x4E406
TerminalSessionId: 1
IntegrityLevel: Medium
Hashes: SHA256=61FD42509C0235965E8A7C667DDB32ACE00579501A25D399E3D3574B68518AFB
ParentProcessGuid: {00000000-0000-0000-0000-000000000000}
ParentProcessId: 580
ParentImage: -
ParentCommandLine: -
ParentUser: -","1","5",,"4","1","0","-9223372036854775808","1479","Microsoft-Windows-Sysmon","5770385f-c22a-43e0-bf4c-06f5698ffbd9","Microsoft-Windows-Sysmon/Operational","3704","4144","DESKTOP-7HV9KN7","S-1-5-18","4/12/2026 7:42:21 PM",,,"Microsoft-Windows-Sysmon/Operational","System.UInt32[]","System.Diagnostics.Eventing.Reader.EventBookmark","Information","Info","Process terminated (rule: ProcessTerminate)","System.Collections.ObjectModel.ReadOnlyCollection`1[System.String]","System.Collections.Generic.List`1[System.Diagnostics.Eventing.Reader.EventProperty]"
"Process Create:
RuleName: -
UtcTime: 2026-04-13 02:42:21.357
ProcessGuid: {fc4680f6-580d-69dc-ba00-000000001700}
ProcessId: 8556
Image: C:\Windows\System32\backgroundTaskHost.exe
FileVersion: 10.0.26100.1 (WinBuild.160101.0800)
Description: Background Task Host
Product: Microsoft? Windows? Operating System
Company: Microsoft Corporation
OriginalFileName: backgroundTaskHost.exe
CommandLine: ""C:\WINDOWS\system32\BackgroundTaskHost.exe"" -ServerName:BackgroundTaskHost.WebAccountProvider
CurrentDirectory: C:\Windows\SystemApps\Microsoft.AAD.BrokerPlugin_cw5n1h2txyewy\
User: DESKTOP-7HV9KN7\LabAdmin
LogonGuid: {fc4680f6-57e8-69dc-06e4-040000000000}
LogonId: 0x4E406
TerminalSessionId: 1
IntegrityLevel: AppContainer
Hashes: SHA256=B7D2C17E0038945AA4B72AE7A89E54D29B04CCC0FEB62DF5C9B7B67DE43C2530
ParentProcessGuid: {00000000-0000-0000-0000-000000000000}
ParentProcessId: 580
ParentImage: -
ParentCommandLine: -
ParentUser: -","1","5",,"4","1","0","-9223372036854775808","1478","Microsoft-Windows-Sysmon","5770385f-c22a-43e0-bf4c-06f5698ffbd9","Microsoft-Windows-Sysmon/Operational","3704","4144","DESKTOP-7HV9KN7","S-1-5-18","4/12/2026 7:42:21 PM",,,"Microsoft-Windows-Sysmon/Operational","System.UInt32[]","System.Diagnostics.Eventing.Reader.EventBookmark","Information","Info","Process terminated (rule: ProcessTerminate)","System.Collections.ObjectModel.ReadOnlyCollection`1[System.String]","System.Collections.Generic.List`1[System.Diagnostics.Eventing.Reader.EventProperty]"
"Image loaded:
RuleName: -
UtcTime: 2026-04-13 02:42:21.111
ProcessGuid: {fc4680f6-580d-69dc-b900-000000001700}
ProcessId: 8444
Image: C:\Windows\System32\svchost.exe
ImageLoaded: C:\Payloads\heartbeat.dll
FileVersion: -
Description: -
Product: -
Company: -
OriginalFileName: -
Hashes: SHA256=BC3F9BF5B00EAC5A58C772895FF69274DCC35A5DC850AB4321297957BBEB1AA9
Signed: false
Signature: -
SignatureStatus: Unavailable
User: NT AUTHORITY\SYSTEM","7","3",,"4","7","0","-9223372036854775808","1477","Microsoft-Windows-Sysmon","5770385f-c22a-43e0-bf4c-06f5698ffbd9","Microsoft-Windows-Sysmon/Operational","3704","4144","DESKTOP-7HV9KN7","S-1-5-18","4/12/2026 7:42:21 PM",,,"Microsoft-Windows-Sysmon/Operational","System.UInt32[]","System.Diagnostics.Eventing.Reader.EventBookmark","Information","Info","Process terminated (rule: ProcessTerminate)","System.Collections.ObjectModel.ReadOnlyCollection`1[System.String]","System.Collections.Generic.List`1[System.Diagnostics.Eventing.Reader.EventProperty]"
"Process Create:
RuleName: -
UtcTime: 2026-04-13 02:42:21.055
ProcessGuid: {fc4680f6-580d-69dc-b900-000000001700}
ProcessId: 8444
Image: C:\Windows\System32\svchost.exe
FileVersion: 10.0.26100.7705 (WinBuild.160101.0800)
Description: Host Process for Windows Services
Product: Microsoft? Windows? Operating System
Company: Microsoft Corporation
OriginalFileName: svchost.exe
CommandLine: C:\WINDOWS\System32\svchost.exe -k netsvcs
CurrentDirectory: C:\WINDOWS\system32\
User: NT AUTHORITY\SYSTEM
LogonGuid: {fc4680f6-73fe-69dc-e703-000000000000}
LogonId: 0x3E7
TerminalSessionId: 0
IntegrityLevel: System
Hashes: SHA256=44FD6F9347CEED5798A25C47167F335EF085AE4648A81F775DD4BDC6240D8189
ParentProcessGuid: {00000000-0000-0000-0000-000000000000}
ParentProcessId: 884
ParentImage: -
ParentCommandLine: -
ParentUser: -","1","5",,"4","1","0","-9223372036854775808","1476","Microsoft-Windows-Sysmon","5770385f-c22a-43e0-bf4c-06f5698ffbd9","Microsoft-Windows-Sysmon/Operational","3704","4144","DESKTOP-7HV9KN7","S-1-5-18","4/12/2026 7:42:21 PM",,,"Microsoft-Windows-Sysmon/Operational","System.UInt32[]","System.Diagnostics.Eventing.Reader.EventBookmark","Information","Info","Process terminated (rule: ProcessTerminate)","System.Collections.ObjectModel.ReadOnlyCollection`1[System.String]","System.Collections.Generic.List`1[System.Diagnostics.Eventing.Reader.EventProperty]"
"Image loaded:
RuleName: -
UtcTime: 2026-04-13 02:42:20.712
ProcessGuid: {fc4680f6-580c-69dc-b800-000000001700}
ProcessId: 8236
Image: C:\Windows\UUS\Packages\Preview\amd64\MoUsoCoreWorker.exe
ImageLoaded: C:\Payloads\heartbeat.dll
FileVersion: -
Description: -
Product: -
Company: -
OriginalFileName: -
Hashes: SHA256=BC3F9BF5B00EAC5A58C772895FF69274DCC35A5DC850AB4321297957BBEB1AA9
Signed: false
Signature: -
SignatureStatus: Unavailable
User: NT AUTHORITY\SYSTEM","7","3",,"4","7","0","-9223372036854775808","1475","Microsoft-Windows-Sysmon","5770385f-c22a-43e0-bf4c-06f5698ffbd9","Microsoft-Windows-Sysmon/Operational","3704","4144","DESKTOP-7HV9KN7","S-1-5-18","4/12/2026 7:42:20 PM",,,"Microsoft-Windows-Sysmon/Operational","System.UInt32[]","System.Diagnostics.Eventing.Reader.EventBookmark","Information","Info","Process terminated (rule: ProcessTerminate)","System.Collections.ObjectModel.ReadOnlyCollection`1[System.String]","System.Collections.Generic.List`1[System.Diagnostics.Eventing.Reader.EventProperty]"
"Process Create:
RuleName: -
UtcTime: 2026-04-13 02:42:20.475
ProcessGuid: {fc4680f6-580c-69dc-b800-000000001700}
ProcessId: 8236
Image: C:\Windows\UUS\Packages\Preview\amd64\MoUsoCoreWorker.exe
FileVersion: 1507.2602.25052.0
Description: MoUSO Core Worker Process
Product: Microsoft? Windows? Operating System
Company: Microsoft Corporation
OriginalFileName: MoUSOCoreWorker.exe
CommandLine: ""C:\WINDOWS\uus\packages\preview\AMD64\MoUsoCoreWorker.exe"" useprivatenamespaces
CurrentDirectory: C:\WINDOWS\system32\
User: NT AUTHORITY\SYSTEM
LogonGuid: {fc4680f6-73fe-69dc-e703-000000000000}
LogonId: 0x3E7
TerminalSessionId: 0
IntegrityLevel: System
Hashes: SHA256=9358E4C0DD24DE791EC4C25336AF89A36CA5C249D7A0BD1551300973CF19B9C3
ParentProcessGuid: {fc4680f6-580b-69dc-b600-000000001700}
ParentProcessId: 5592
ParentImage: C:\Windows\System32\svchost.exe
ParentCommandLine: C:\WINDOWS\system32\svchost.exe -k netsvcs -p -s UsoSvc
ParentUser: NT AUTHORITY\SYSTEM","1","5",,"4","1","0","-9223372036854775808","1474","Microsoft-Windows-Sysmon","5770385f-c22a-43e0-bf4c-06f5698ffbd9","Microsoft-Windows-Sysmon/Operational","3704","4144","DESKTOP-7HV9KN7","S-1-5-18","4/12/2026 7:42:20 PM",,,"Microsoft-Windows-Sysmon/Operational","System.UInt32[]","System.Diagnostics.Eventing.Reader.EventBookmark","Information","Info","Process terminated (rule: ProcessTerminate)","System.Collections.ObjectModel.ReadOnlyCollection`1[System.String]","System.Collections.Generic.List`1[System.Diagnostics.Eventing.Reader.EventProperty]"
"Image loaded:
RuleName: -
UtcTime: 2026-04-13 02:42:20.449
ProcessGuid: {fc4680f6-580c-69dc-b700-000000001700}
ProcessId: 8204
Image: C:\Windows\System32\svchost.exe
ImageLoaded: C:\Payloads\heartbeat.dll
FileVersion: -
Description: -
Product: -
Company: -
OriginalFileName: -
Hashes: SHA256=BC3F9BF5B00EAC5A58C772895FF69274DCC35A5DC850AB4321297957BBEB1AA9
Signed: false
Signature: -
SignatureStatus: Unavailable
User: NT AUTHORITY\LOCAL SERVICE","7","3",,"4","7","0","-9223372036854775808","1473","Microsoft-Windows-Sysmon","5770385f-c22a-43e0-bf4c-06f5698ffbd9","Microsoft-Windows-Sysmon/Operational","3704","4144","DESKTOP-7HV9KN7","S-1-5-18","4/12/2026 7:42:20 PM",,,"Microsoft-Windows-Sysmon/Operational","System.UInt32[]","System.Diagnostics.Eventing.Reader.EventBookmark","Information","Info","Process terminated (rule: ProcessTerminate)","System.Collections.ObjectModel.ReadOnlyCollection`1[System.String]","System.Collections.Generic.List`1[System.Diagnostics.Eventing.Reader.EventProperty]"
"Process Create:
RuleName: -
UtcTime: 2026-04-13 02:42:20.438
ProcessGuid: {fc4680f6-580c-69dc-b700-000000001700}
ProcessId: 8204
Image: C:\Windows\System32\svchost.exe
FileVersion: 10.0.26100.7705 (WinBuild.160101.0800)
Description: Host Process for Windows Services
Product: Microsoft? Windows? Operating System
Company: Microsoft Corporation
OriginalFileName: svchost.exe
CommandLine: C:\WINDOWS\System32\svchost.exe -k LocalService -p -s LicenseManager
CurrentDirectory: C:\WINDOWS\system32\
User: NT AUTHORITY\LOCAL SERVICE
LogonGuid: {fc4680f6-7400-69dc-e503-000000000000}
LogonId: 0x3E5
TerminalSessionId: 0
IntegrityLevel: System
Hashes: SHA256=44FD6F9347CEED5798A25C47167F335EF085AE4648A81F775DD4BDC6240D8189
ParentProcessGuid: {00000000-0000-0000-0000-000000000000}
ParentProcessId: 884
ParentImage: -
ParentCommandLine: -
ParentUser: -","1","5",,"4","1","0","-9223372036854775808","1472","Microsoft-Windows-Sysmon","5770385f-c22a-43e0-bf4c-06f5698ffbd9","Microsoft-Windows-Sysmon/Operational","3704","4144","DESKTOP-7HV9KN7","S-1-5-18","4/12/2026 7:42:20 PM",,,"Microsoft-Windows-Sysmon/Operational","System.UInt32[]","System.Diagnostics.Eventing.Reader.EventBookmark","Information","Info","Process terminated (rule: ProcessTerminate)","System.Collections.ObjectModel.ReadOnlyCollection`1[System.String]","System.Collections.Generic.List`1[System.Diagnostics.Eventing.Reader.EventProperty]"
"Image loaded:
RuleName: -
UtcTime: 2026-04-13 02:42:20.053
ProcessGuid: {fc4680f6-580b-69dc-b600-000000001700}
ProcessId: 5592
Image: C:\Windows\System32\svchost.exe
ImageLoaded: C:\Payloads\heartbeat.dll
FileVersion: -
Description: -
Product: -
Company: -
OriginalFileName: -
Hashes: SHA256=BC3F9BF5B00EAC5A58C772895FF69274DCC35A5DC850AB4321297957BBEB1AA9
Signed: false
Signature: -
SignatureStatus: Unavailable
User: NT AUTHORITY\SYSTEM","7","3",,"4","7","0","-9223372036854775808","1471","Microsoft-Windows-Sysmon","5770385f-c22a-43e0-bf4c-06f5698ffbd9","Microsoft-Windows-Sysmon/Operational","3704","4144","DESKTOP-7HV9KN7","S-1-5-18","4/12/2026 7:42:20 PM",,,"Microsoft-Windows-Sysmon/Operational","System.UInt32[]","System.Diagnostics.Eventing.Reader.EventBookmark","Information","Info","Process terminated (rule: ProcessTerminate)","System.Collections.ObjectModel.ReadOnlyCollection`1[System.String]","System.Collections.Generic.List`1[System.Diagnostics.Eventing.Reader.EventProperty]"
"Image loaded:
RuleName: -
UtcTime: 2026-04-13 02:42:20.023
ProcessGuid: {fc4680f6-580b-69dc-b500-000000001700}
ProcessId: 3712
Image: C:\Windows\System32\svchost.exe
ImageLoaded: C:\Payloads\heartbeat.dll
FileVersion: -
Description: -
Product: -
Company: -
OriginalFileName: -
Hashes: SHA256=BC3F9BF5B00EAC5A58C772895FF69274DCC35A5DC850AB4321297957BBEB1AA9
Signed: false
Signature: -
SignatureStatus: Unavailable
User: NT AUTHORITY\LOCAL SERVICE","7","3",,"4","7","0","-9223372036854775808","1470","Microsoft-Windows-Sysmon","5770385f-c22a-43e0-bf4c-06f5698ffbd9","Microsoft-Windows-Sysmon/Operational","3704","4144","DESKTOP-7HV9KN7","S-1-5-18","4/12/2026 7:42:20 PM",,,"Microsoft-Windows-Sysmon/Operational","System.UInt32[]","System.Diagnostics.Eventing.Reader.EventBookmark","Information","Info","Process terminated (rule: ProcessTerminate)","System.Collections.ObjectModel.ReadOnlyCollection`1[System.String]","System.Collections.Generic.List`1[System.Diagnostics.Eventing.Reader.EventProperty]"
"Process Create:
RuleName: -
UtcTime: 2026-04-13 02:42:19.992
ProcessGuid: {fc4680f6-580b-69dc-b600-000000001700}
ProcessId: 5592
Image: C:\Windows\System32\svchost.exe
FileVersion: 10.0.26100.7705 (WinBuild.160101.0800)
Description: Host Process for Windows Services
Product: Microsoft? Windows? Operating System
Company: Microsoft Corporation
OriginalFileName: svchost.exe
CommandLine: C:\WINDOWS\system32\svchost.exe -k netsvcs -p -s UsoSvc
CurrentDirectory: C:\WINDOWS\system32\
User: NT AUTHORITY\SYSTEM
LogonGuid: {fc4680f6-73fe-69dc-e703-000000000000}
LogonId: 0x3E7
TerminalSessionId: 0
IntegrityLevel: System
Hashes: SHA256=44FD6F9347CEED5798A25C47167F335EF085AE4648A81F775DD4BDC6240D8189
ParentProcessGuid: {00000000-0000-0000-0000-000000000000}
ParentProcessId: 884
ParentImage: -
ParentCommandLine: -
ParentUser: -","1","5",,"4","1","0","-9223372036854775808","1469","Microsoft-Windows-Sysmon","5770385f-c22a-43e0-bf4c-06f5698ffbd9","Microsoft-Windows-Sysmon/Operational","3704","4144","DESKTOP-7HV9KN7","S-1-5-18","4/12/2026 7:42:19 PM",,,"Microsoft-Windows-Sysmon/Operational","System.UInt32[]","System.Diagnostics.Eventing.Reader.EventBookmark","Information","Info","Process terminated (rule: ProcessTerminate)","System.Collections.ObjectModel.ReadOnlyCollection`1[System.String]","System.Collections.Generic.List`1[System.Diagnostics.Eventing.Reader.EventProperty]"
"Process Create:
RuleName: -
UtcTime: 2026-04-13 02:42:19.936
ProcessGuid: {fc4680f6-580b-69dc-b500-000000001700}
ProcessId: 3712
Image: C:\Windows\System32\svchost.exe
FileVersion: 10.0.26100.7705 (WinBuild.160101.0800)
Description: Host Process for Windows Services
Product: Microsoft? Windows? Operating System
Company: Microsoft Corporation
OriginalFileName: svchost.exe
CommandLine: C:\WINDOWS\system32\svchost.exe -k LocalService -p -s SstpSvc
CurrentDirectory: C:\WINDOWS\system32\
User: NT AUTHORITY\LOCAL SERVICE
LogonGuid: {fc4680f6-7400-69dc-e503-000000000000}
LogonId: 0x3E5
TerminalSessionId: 0
IntegrityLevel: System
Hashes: SHA256=44FD6F9347CEED5798A25C47167F335EF085AE4648A81F775DD4BDC6240D8189
ParentProcessGuid: {00000000-0000-0000-0000-000000000000}
ParentProcessId: 884
ParentImage: -
ParentCommandLine: -
ParentUser: -","1","5",,"4","1","0","-9223372036854775808","1468","Microsoft-Windows-Sysmon","5770385f-c22a-43e0-bf4c-06f5698ffbd9","Microsoft-Windows-Sysmon/Operational","3704","4144","DESKTOP-7HV9KN7","S-1-5-18","4/12/2026 7:42:19 PM",,,"Microsoft-Windows-Sysmon/Operational","System.UInt32[]","System.Diagnostics.Eventing.Reader.EventBookmark","Information","Info","Process terminated (rule: ProcessTerminate)","System.Collections.ObjectModel.ReadOnlyCollection`1[System.String]","System.Collections.Generic.List`1[System.Diagnostics.Eventing.Reader.EventProperty]"
"Image loaded:
RuleName: -
UtcTime: 2026-04-13 02:42:19.092
ProcessGuid: {fc4680f6-580a-69dc-b400-000000001700}
ProcessId: 3724
Image: C:\Windows\System32\svchost.exe
ImageLoaded: C:\Payloads\heartbeat.dll
FileVersion: -
Description: -
Product: -
Company: -
OriginalFileName: -
Hashes: SHA256=BC3F9BF5B00EAC5A58C772895FF69274DCC35A5DC850AB4321297957BBEB1AA9
Signed: false
Signature: -
SignatureStatus: Unavailable
User: DESKTOP-7HV9KN7\LabAdmin","7","3",,"4","7","0","-9223372036854775808","1467","Microsoft-Windows-Sysmon","5770385f-c22a-43e0-bf4c-06f5698ffbd9","Microsoft-Windows-Sysmon/Operational","3704","4144","DESKTOP-7HV9KN7","S-1-5-18","4/12/2026 7:42:19 PM",,,"Microsoft-Windows-Sysmon/Operational","System.UInt32[]","System.Diagnostics.Eventing.Reader.EventBookmark","Information","Info","Process terminated (rule: ProcessTerminate)","System.Collections.ObjectModel.ReadOnlyCollection`1[System.String]","System.Collections.Generic.List`1[System.Diagnostics.Eventing.Reader.EventProperty]"
"Process Create:
RuleName: -
UtcTime: 2026-04-13 02:42:18.980
ProcessGuid: {fc4680f6-580a-69dc-b400-000000001700}
ProcessId: 3724
Image: C:\Windows\System32\svchost.exe
FileVersion: 10.0.26100.7705 (WinBuild.160101.0800)
Description: Host Process for Windows Services
Product: Microsoft? Windows? Operating System
Company: Microsoft Corporation
OriginalFileName: svchost.exe
CommandLine: C:\WINDOWS\system32\svchost.exe -k LocalService -p -s NPSMSvc
CurrentDirectory: C:\WINDOWS\system32\
User: DESKTOP-7HV9KN7\LabAdmin
LogonGuid: {fc4680f6-57e8-69dc-06e4-040000000000}
LogonId: 0x4E406
TerminalSessionId: 1
IntegrityLevel: Medium
Hashes: SHA256=44FD6F9347CEED5798A25C47167F335EF085AE4648A81F775DD4BDC6240D8189
ParentProcessGuid: {00000000-0000-0000-0000-000000000000}
ParentProcessId: 884
ParentImage: -
ParentCommandLine: -
ParentUser: -","1","5",,"4","1","0","-9223372036854775808","1466","Microsoft-Windows-Sysmon","5770385f-c22a-43e0-bf4c-06f5698ffbd9","Microsoft-Windows-Sysmon/Operational","3704","4144","DESKTOP-7HV9KN7","S-1-5-18","4/12/2026 7:42:18 PM",,,"Microsoft-Windows-Sysmon/Operational","System.UInt32[]","System.Diagnostics.Eventing.Reader.EventBookmark","Information","Info","Process terminated (rule: ProcessTerminate)","System.Collections.ObjectModel.ReadOnlyCollection`1[System.String]","System.Collections.Generic.List`1[System.Diagnostics.Eventing.Reader.EventProperty]"
