"Process Create:
RuleName: -
UtcTime: 2026-04-13 02:58:19.540
ProcessGuid: {fc4680f6-5bcb-69dc-7c01-000000001700}
ProcessId: 10536
Image: C:\Program Files (x86)\Microsoft\EdgeUpdate\MicrosoftEdgeUpdate.exe
FileVersion: 1.3.227.11
Description: Microsoft Edge Update
Product: Microsoft Edge Update
Company: Microsoft Corporation
OriginalFileName: MicrosoftEdgeUpdate.exe
CommandLine: ""C:\Program Files (x86)\Microsoft\EdgeUpdate\MicrosoftEdgeUpdate.exe"" /ua /installsource scheduler
CurrentDirectory: C:\WINDOWS\system32\
User: NT AUTHORITY\SYSTEM
LogonGuid: {fc4680f6-73fe-69dc-e703-000000000000}
LogonId: 0x3E7
TerminalSessionId: 0
IntegrityLevel: System
Hashes: SHA256=06092DDE1D7349E5F5A3088A74FED1DF49398D27F485FC3D2FA4E2C8D3179DE3
ParentProcessGuid: {00000000-0000-0000-0000-000000000000}
ParentProcessId: 1348
ParentImage: -
ParentCommandLine: -
ParentUser: -","1","5",,"4","1","0","-9223372036854775808","1931","Microsoft-Windows-Sysmon","5770385f-c22a-43e0-bf4c-06f5698ffbd9","Microsoft-Windows-Sysmon/Operational","3704","4144","DESKTOP-7HV9KN7","S-1-5-18","4/12/2026 7:58:19 PM",,,"Microsoft-Windows-Sysmon/Operational","System.UInt32[]","System.Diagnostics.Eventing.Reader.EventBookmark","Information","Info","Process terminated (rule: ProcessTerminate)","System.Collections.ObjectModel.ReadOnlyCollection`1[System.String]","System.Collections.Generic.List`1[System.Diagnostics.Eventing.Reader.EventProperty]"
"Process terminated:
RuleName: -
UtcTime: 2026-04-13 02:57:43.244
ProcessGuid: {fc4680f6-5ba7-69dc-7a01-000000001700}
ProcessId: 396
Image: C:\Program Files (x86)\Microsoft\EdgeWebView\Application\146.0.3856.109\msedgewebview2.exe
User: DESKTOP-7HV9KN7\LabAdmin","5","3",,"4","5","0","-9223372036854775808","1930","Microsoft-Windows-Sysmon","5770385f-c22a-43e0-bf4c-06f5698ffbd9","Microsoft-Windows-Sysmon/Operational","3704","4144","DESKTOP-7HV9KN7","S-1-5-18","4/12/2026 7:57:43 PM",,,"Microsoft-Windows-Sysmon/Operational","System.UInt32[]","System.Diagnostics.Eventing.Reader.EventBookmark","Information","Info","Process terminated (rule: ProcessTerminate)","System.Collections.ObjectModel.ReadOnlyCollection`1[System.String]","System.Collections.Generic.List`1[System.Diagnostics.Eventing.Reader.EventProperty]"
"Process terminated:
RuleName: -
UtcTime: 2026-04-13 02:57:43.136
ProcessGuid: {fc4680f6-5b6a-69dc-7601-000000001700}
ProcessId: 5844
Image: C:\Program Files (x86)\Microsoft\EdgeWebView\Application\146.0.3856.109\msedgewebview2.exe
User: DESKTOP-7HV9KN7\LabAdmin","5","3",,"4","5","0","-9223372036854775808","1929","Microsoft-Windows-Sysmon","5770385f-c22a-43e0-bf4c-06f5698ffbd9","Microsoft-Windows-Sysmon/Operational","3704","4144","DESKTOP-7HV9KN7","S-1-5-18","4/12/2026 7:57:43 PM",,,"Microsoft-Windows-Sysmon/Operational","System.UInt32[]","System.Diagnostics.Eventing.Reader.EventBookmark","Information","Info","Process terminated (rule: ProcessTerminate)","System.Collections.ObjectModel.ReadOnlyCollection`1[System.String]","System.Collections.Generic.List`1[System.Diagnostics.Eventing.Reader.EventProperty]"
"Process Create:
RuleName: -
UtcTime: 2026-04-13 02:57:43.128
ProcessGuid: {fc4680f6-5ba7-69dc-7b01-000000001700}
ProcessId: 10316
Image: C:\Program Files (x86)\Microsoft\EdgeWebView\Application\146.0.3856.109\msedgewebview2.exe
FileVersion: 146.0.3856.109
Description: Microsoft Edge WebView2
Product: Microsoft Edge WebView2
Company: Microsoft Corporation
OriginalFileName: msedgewebview2.exe
CommandLine: ""C:\Program Files (x86)\Microsoft\EdgeWebView\Application\146.0.3856.109\msedgewebview2.exe"" --type=renderer --noerrdialogs --user-data-dir=""C:\Users\LabAdmin\AppData\Local\Packages\Microsoft.MicrosoftOfficeHub_8wekyb3d8bbwe\LocalState\EBWebView"" --webview-exe-name=M365Copilot.exe --webview-exe-version=19.2604.36171.0 --embedded-browser-webview=1 --embedded-browser-webview-dpi-awareness=2 --disable-gpu-compositing --video-capture-use-gpu-memory-buffer --lang=en-US --js-flags=--expose-gc --device-scale-factor=1 --num-raster-threads=2 --enable-main-frame-before-activation --renderer-client-id=71 --time-ticks-at-unix-epoch=-1776048082779880 --launch-time-ticks=980345582 --always-read-main-dll --metrics-shmem-handle=5348,i,13701898974080884523,7985745833599820546,2097152 --field-trial-handle=2116,i,11094893147394152137,5464349725300480981,262144 --enable-features=msSingleSignOnOSForPrimaryAccountIsShared --disable-features=msEnhancedTrackingPreventionEnabled --variations-seed-version --pseudonymization-salt-handle=2120,i,5221246016033571828,3123048113950713908,4 --trace-process-track-uuid=3190709052841842773 --mojo-platform-channel-handle=5228 /pfhostedapp:e2ee8b1eb288a7fedb96cb977854e74f0a99447a /prefetch:1
CurrentDirectory: C:\Program Files (x86)\Microsoft\EdgeWebView\Application\146.0.3856.109\
User: DESKTOP-7HV9KN7\LabAdmin
LogonGuid: {fc4680f6-57e8-69dc-06e4-040000000000}
LogonId: 0x4E406
TerminalSessionId: 1
IntegrityLevel: Low
Hashes: SHA256=29CE36EA7A746028BC637095F1068BC29FAC83FC677716FF052B56E913DCE6B7
ParentProcessGuid: {fc4680f6-5816-69dc-c700-000000001700}
ParentProcessId: 9244
ParentImage: C:\Program Files (x86)\Microsoft\EdgeWebView\Application\146.0.3856.109\msedgewebview2.exe
ParentCommandLine: ""C:\Program Files (x86)\Microsoft\EdgeWebView\Application\146.0.3856.109\msedgewebview2.exe"" --embedded-browser-webview=1 --webview-exe-name=M365Copilot.exe --webview-exe-version=19.2604.36171.0 --user-data-dir=""C:\Users\LabAdmin\AppData\Local\Packages\Microsoft.MicrosoftOfficeHub_8wekyb3d8bbwe\LocalState\EBWebView"" --noerrdialogs --embedded-browser-webview-dpi-awareness=2 --disable-features=msEnhancedTrackingPreventionEnabled --enable-features=msSingleSignOnOSForPrimaryAccountIsShared --mojo-named-platform-channel-pipe=9004.9240.8986736808868251626 /pfhostedapp:e2ee8b1eb288a7fedb96cb977854e74f0a99447a
ParentUser: DESKTOP-7HV9KN7\LabAdmin","1","5",,"4","1","0","-9223372036854775808","1928","Microsoft-Windows-Sysmon","5770385f-c22a-43e0-bf4c-06f5698ffbd9","Microsoft-Windows-Sysmon/Operational","3704","4144","DESKTOP-7HV9KN7","S-1-5-18","4/12/2026 7:57:43 PM",,,"Microsoft-Windows-Sysmon/Operational","System.UInt32[]","System.Diagnostics.Eventing.Reader.EventBookmark","Information","Info","Process terminated (rule: ProcessTerminate)","System.Collections.ObjectModel.ReadOnlyCollection`1[System.String]","System.Collections.Generic.List`1[System.Diagnostics.Eventing.Reader.EventProperty]"
"Process Create:
RuleName: -
UtcTime: 2026-04-13 02:57:43.020
ProcessGuid: {fc4680f6-5ba7-69dc-7a01-000000001700}
ProcessId: 396
Image: C:\Program Files (x86)\Microsoft\EdgeWebView\Application\146.0.3856.109\msedgewebview2.exe
FileVersion: 146.0.3856.109
Description: Microsoft Edge WebView2
Product: Microsoft Edge WebView2
Company: Microsoft Corporation
OriginalFileName: msedgewebview2.exe
CommandLine: ""C:\Program Files (x86)\Microsoft\EdgeWebView\Application\146.0.3856.109\msedgewebview2.exe"" --type=renderer --noerrdialogs --user-data-dir=""C:\Users\LabAdmin\AppData\Local\Packages\Microsoft.MicrosoftOfficeHub_8wekyb3d8bbwe\LocalState\EBWebView"" --webview-exe-name=M365Copilot.exe --webview-exe-version=19.2604.36171.0 --embedded-browser-webview=1 --embedded-browser-webview-dpi-awareness=2 --disable-gpu-compositing --video-capture-use-gpu-memory-buffer --lang=en-US --js-flags=--expose-gc --device-scale-factor=1 --num-raster-threads=2 --enable-main-frame-before-activation --renderer-client-id=70 --time-ticks-at-unix-epoch=-1776048082779880 --launch-time-ticks=980236700 --always-read-main-dll --metrics-shmem-handle=3808,i,15365140171205527886,16385012902210660109,2097152 --field-trial-handle=2116,i,11094893147394152137,5464349725300480981,262144 --enable-features=msSingleSignOnOSForPrimaryAccountIsShared --disable-features=msEnhancedTrackingPreventionEnabled --variations-seed-version --pseudonymization-salt-handle=2120,i,5221246016033571828,3123048113950713908,4 --trace-process-track-uuid=3190709051904800924 --mojo-platform-channel-handle=6016 /pfhostedapp:e2ee8b1eb288a7fedb96cb977854e74f0a99447a /prefetch:1
CurrentDirectory: C:\Program Files (x86)\Microsoft\EdgeWebView\Application\146.0.3856.109\
User: DESKTOP-7HV9KN7\LabAdmin
LogonGuid: {fc4680f6-57e8-69dc-06e4-040000000000}
LogonId: 0x4E406
TerminalSessionId: 1
IntegrityLevel: Low
Hashes: SHA256=29CE36EA7A746028BC637095F1068BC29FAC83FC677716FF052B56E913DCE6B7
ParentProcessGuid: {fc4680f6-5816-69dc-c700-000000001700}
ParentProcessId: 9244
ParentImage: C:\Program Files (x86)\Microsoft\EdgeWebView\Application\146.0.3856.109\msedgewebview2.exe
ParentCommandLine: ""C:\Program Files (x86)\Microsoft\EdgeWebView\Application\146.0.3856.109\msedgewebview2.exe"" --embedded-browser-webview=1 --webview-exe-name=M365Copilot.exe --webview-exe-version=19.2604.36171.0 --user-data-dir=""C:\Users\LabAdmin\AppData\Local\Packages\Microsoft.MicrosoftOfficeHub_8wekyb3d8bbwe\LocalState\EBWebView"" --noerrdialogs --embedded-browser-webview-dpi-awareness=2 --disable-features=msEnhancedTrackingPreventionEnabled --enable-features=msSingleSignOnOSForPrimaryAccountIsShared --mojo-named-platform-channel-pipe=9004.9240.8986736808868251626 /pfhostedapp:e2ee8b1eb288a7fedb96cb977854e74f0a99447a
ParentUser: DESKTOP-7HV9KN7\LabAdmin","1","5",,"4","1","0","-9223372036854775808","1927","Microsoft-Windows-Sysmon","5770385f-c22a-43e0-bf4c-06f5698ffbd9","Microsoft-Windows-Sysmon/Operational","3704","4144","DESKTOP-7HV9KN7","S-1-5-18","4/12/2026 7:57:43 PM",,,"Microsoft-Windows-Sysmon/Operational","System.UInt32[]","System.Diagnostics.Eventing.Reader.EventBookmark","Information","Info","Process terminated (rule: ProcessTerminate)","System.Collections.ObjectModel.ReadOnlyCollection`1[System.String]","System.Collections.Generic.List`1[System.Diagnostics.Eventing.Reader.EventProperty]"
"Process terminated:
RuleName: -
UtcTime: 2026-04-13 02:57:43.021
ProcessGuid: {fc4680f6-5ba6-69dc-7901-000000001700}
ProcessId: 2532
Image: C:\Program Files (x86)\Microsoft\EdgeWebView\Application\146.0.3856.109\msedgewebview2.exe
User: DESKTOP-7HV9KN7\LabAdmin","5","3",,"4","5","0","-9223372036854775808","1926","Microsoft-Windows-Sysmon","5770385f-c22a-43e0-bf4c-06f5698ffbd9","Microsoft-Windows-Sysmon/Operational","3704","4144","DESKTOP-7HV9KN7","S-1-5-18","4/12/2026 7:57:43 PM",,,"Microsoft-Windows-Sysmon/Operational","System.UInt32[]","System.Diagnostics.Eventing.Reader.EventBookmark","Information","Info","Process terminated (rule: ProcessTerminate)","System.Collections.ObjectModel.ReadOnlyCollection`1[System.String]","System.Collections.Generic.List`1[System.Diagnostics.Eventing.Reader.EventProperty]"
"Process Create:
RuleName: -
UtcTime: 2026-04-13 02:57:42.990
ProcessGuid: {fc4680f6-5ba6-69dc-7901-000000001700}
ProcessId: 2532
Image: C:\Program Files (x86)\Microsoft\EdgeWebView\Application\146.0.3856.109\msedgewebview2.exe
FileVersion: 146.0.3856.109
Description: Microsoft Edge WebView2
Product: Microsoft Edge WebView2
Company: Microsoft Corporation
OriginalFileName: msedgewebview2.exe
CommandLine: ""C:\Program Files (x86)\Microsoft\EdgeWebView\Application\146.0.3856.109\msedgewebview2.exe"" --type=renderer --noerrdialogs --user-data-dir=""C:\Users\LabAdmin\AppData\Local\Packages\Microsoft.MicrosoftOfficeHub_8wekyb3d8bbwe\LocalState\EBWebView"" --webview-exe-name=M365Copilot.exe --webview-exe-version=19.2604.36171.0 --embedded-browser-webview=1 --embedded-browser-webview-dpi-awareness=2 --disable-gpu-compositing --video-capture-use-gpu-memory-buffer --lang=en-US --js-flags=--expose-gc --device-scale-factor=1 --num-raster-threads=2 --enable-main-frame-before-activation --renderer-client-id=69 --time-ticks-at-unix-epoch=-1776048082779880 --launch-time-ticks=980196022 --always-read-main-dll --metrics-shmem-handle=6060,i,4919193104085442601,16092322377621595235,2097152 --field-trial-handle=2116,i,11094893147394152137,5464349725300480981,262144 --enable-features=msSingleSignOnOSForPrimaryAccountIsShared --disable-features=msEnhancedTrackingPreventionEnabled --variations-seed-version --pseudonymization-salt-handle=2120,i,5221246016033571828,3123048113950713908,4 --trace-process-track-uuid=3190709050967759075 --mojo-platform-channel-handle=4140 /pfhostedapp:e2ee8b1eb288a7fedb96cb977854e74f0a99447a /prefetch:1
CurrentDirectory: C:\Program Files (x86)\Microsoft\EdgeWebView\Application\146.0.3856.109\
User: DESKTOP-7HV9KN7\LabAdmin
LogonGuid: {fc4680f6-57e8-69dc-06e4-040000000000}
LogonId: 0x4E406
TerminalSessionId: 1
IntegrityLevel: Low
Hashes: SHA256=29CE36EA7A746028BC637095F1068BC29FAC83FC677716FF052B56E913DCE6B7
ParentProcessGuid: {fc4680f6-5816-69dc-c700-000000001700}
ParentProcessId: 9244
ParentImage: C:\Program Files (x86)\Microsoft\EdgeWebView\Application\146.0.3856.109\msedgewebview2.exe
ParentCommandLine: ""C:\Program Files (x86)\Microsoft\EdgeWebView\Application\146.0.3856.109\msedgewebview2.exe"" --embedded-browser-webview=1 --webview-exe-name=M365Copilot.exe --webview-exe-version=19.2604.36171.0 --user-data-dir=""C:\Users\LabAdmin\AppData\Local\Packages\Microsoft.MicrosoftOfficeHub_8wekyb3d8bbwe\LocalState\EBWebView"" --noerrdialogs --embedded-browser-webview-dpi-awareness=2 --disable-features=msEnhancedTrackingPreventionEnabled --enable-features=msSingleSignOnOSForPrimaryAccountIsShared --mojo-named-platform-channel-pipe=9004.9240.8986736808868251626 /pfhostedapp:e2ee8b1eb288a7fedb96cb977854e74f0a99447a
ParentUser: DESKTOP-7HV9KN7\LabAdmin","1","5",,"4","1","0","-9223372036854775808","1925","Microsoft-Windows-Sysmon","5770385f-c22a-43e0-bf4c-06f5698ffbd9","Microsoft-Windows-Sysmon/Operational","3704","4144","DESKTOP-7HV9KN7","S-1-5-18","4/12/2026 7:57:43 PM",,,"Microsoft-Windows-Sysmon/Operational","System.UInt32[]","System.Diagnostics.Eventing.Reader.EventBookmark","Information","Info","Process terminated (rule: ProcessTerminate)","System.Collections.ObjectModel.ReadOnlyCollection`1[System.String]","System.Collections.Generic.List`1[System.Diagnostics.Eventing.Reader.EventProperty]"
"Process terminated:
RuleName: -
UtcTime: 2026-04-13 02:57:40.936
ProcessGuid: {fc4680f6-5b67-69dc-6f01-000000001700}
ProcessId: 5608
Image: C:\Windows\UUS\Packages\Preview\amd64\MoUsoCoreWorker.exe
User: NT AUTHORITY\SYSTEM","5","3",,"4","5","0","-9223372036854775808","1924","Microsoft-Windows-Sysmon","5770385f-c22a-43e0-bf4c-06f5698ffbd9","Microsoft-Windows-Sysmon/Operational","3704","4144","DESKTOP-7HV9KN7","S-1-5-18","4/12/2026 7:57:40 PM",,,"Microsoft-Windows-Sysmon/Operational","System.UInt32[]","System.Diagnostics.Eventing.Reader.EventBookmark","Information","Info","Process terminated (rule: ProcessTerminate)","System.Collections.ObjectModel.ReadOnlyCollection`1[System.String]","System.Collections.Generic.List`1[System.Diagnostics.Eventing.Reader.EventProperty]"
"Process terminated:
RuleName: -
UtcTime: 2026-04-13 02:57:40.597
ProcessGuid: {fc4680f6-5b67-69dc-7001-000000001700}
ProcessId: 3420
Image: C:\Windows\System32\svchost.exe
User: NT AUTHORITY\SYSTEM","5","3",,"4","5","0","-9223372036854775808","1923","Microsoft-Windows-Sysmon","5770385f-c22a-43e0-bf4c-06f5698ffbd9","Microsoft-Windows-Sysmon/Operational","3704","4144","DESKTOP-7HV9KN7","S-1-5-18","4/12/2026 7:57:40 PM",,,"Microsoft-Windows-Sysmon/Operational","System.UInt32[]","System.Diagnostics.Eventing.Reader.EventBookmark","Information","Info","Process terminated (rule: ProcessTerminate)","System.Collections.ObjectModel.ReadOnlyCollection`1[System.String]","System.Collections.Generic.List`1[System.Diagnostics.Eventing.Reader.EventProperty]"
"Process terminated:
RuleName: -
UtcTime: 2026-04-13 02:57:24.754
ProcessGuid: {fc4680f6-5b93-69dc-7801-000000001700}
ProcessId: 8348
Image: C:\Windows\System32\taskhostw.exe
User: NT AUTHORITY\SYSTEM","5","3",,"4","5","0","-9223372036854775808","1922","Microsoft-Windows-Sysmon","5770385f-c22a-43e0-bf4c-06f5698ffbd9","Microsoft-Windows-Sysmon/Operational","3704","4144","DESKTOP-7HV9KN7","S-1-5-18","4/12/2026 7:57:24 PM",,,"Microsoft-Windows-Sysmon/Operational","System.UInt32[]","System.Diagnostics.Eventing.Reader.EventBookmark","Information","Info","Process terminated (rule: ProcessTerminate)","System.Collections.ObjectModel.ReadOnlyCollection`1[System.String]","System.Collections.Generic.List`1[System.Diagnostics.Eventing.Reader.EventProperty]"
"Image loaded:
RuleName: -
UtcTime: 2026-04-13 02:57:23.777
ProcessGuid: {fc4680f6-5b93-69dc-7801-000000001700}
ProcessId: 8348
Image: C:\Windows\System32\taskhostw.exe
ImageLoaded: C:\Payloads\heartbeat.dll
FileVersion: -
Description: -
Product: -
Company: -
OriginalFileName: -
Hashes: SHA256=BC3F9BF5B00EAC5A58C772895FF69274DCC35A5DC850AB4321297957BBEB1AA9
Signed: false
Signature: -
SignatureStatus: Unavailable
User: NT AUTHORITY\SYSTEM","7","3",,"4","7","0","-9223372036854775808","1921","Microsoft-Windows-Sysmon","5770385f-c22a-43e0-bf4c-06f5698ffbd9","Microsoft-Windows-Sysmon/Operational","3704","4144","DESKTOP-7HV9KN7","S-1-5-18","4/12/2026 7:57:23 PM",,,"Microsoft-Windows-Sysmon/Operational","System.UInt32[]","System.Diagnostics.Eventing.Reader.EventBookmark","Information","Info","Process terminated (rule: ProcessTerminate)","System.Collections.ObjectModel.ReadOnlyCollection`1[System.String]","System.Collections.Generic.List`1[System.Diagnostics.Eventing.Reader.EventProperty]"
"Process Create:
RuleName: -
UtcTime: 2026-04-13 02:57:23.745
ProcessGuid: {fc4680f6-5b93-69dc-7801-000000001700}
ProcessId: 8348
Image: C:\Windows\System32\taskhostw.exe
FileVersion: 10.0.26100.7920 (WinBuild.160101.0800)
Description: Host Process for Windows Tasks
Product: Microsoft? Windows? Operating System
Company: Microsoft Corporation
OriginalFileName: taskhostw.exe
CommandLine: taskhostw.exe
CurrentDirectory: C:\WINDOWS\system32\
User: NT AUTHORITY\SYSTEM
LogonGuid: {fc4680f6-73fe-69dc-e703-000000000000}
LogonId: 0x3E7
TerminalSessionId: 0
IntegrityLevel: System
Hashes: SHA256=5016D2E17347BFFDA32DC91362055E36BC21D9509EC03A4AD76CA84B6BB14182
ParentProcessGuid: {00000000-0000-0000-0000-000000000000}
ParentProcessId: 1348
ParentImage: -
ParentCommandLine: -
ParentUser: -","1","5",,"4","1","0","-9223372036854775808","1920","Microsoft-Windows-Sysmon","5770385f-c22a-43e0-bf4c-06f5698ffbd9","Microsoft-Windows-Sysmon/Operational","3704","4144","DESKTOP-7HV9KN7","S-1-5-18","4/12/2026 7:57:23 PM",,,"Microsoft-Windows-Sysmon/Operational","System.UInt32[]","System.Diagnostics.Eventing.Reader.EventBookmark","Information","Info","Process terminated (rule: ProcessTerminate)","System.Collections.ObjectModel.ReadOnlyCollection`1[System.String]","System.Collections.Generic.List`1[System.Diagnostics.Eventing.Reader.EventProperty]"
"Process terminated:
RuleName: -
UtcTime: 2026-04-13 02:57:20.251
ProcessGuid: {fc4680f6-5b68-69dc-7201-000000001700}
ProcessId: 7648
Image: C:\Windows\System32\RuntimeBroker.exe
User: DESKTOP-7HV9KN7\LabAdmin","5","3",,"4","5","0","-9223372036854775808","1919","Microsoft-Windows-Sysmon","5770385f-c22a-43e0-bf4c-06f5698ffbd9","Microsoft-Windows-Sysmon/Operational","3704","4144","DESKTOP-7HV9KN7","S-1-5-18","4/12/2026 7:57:20 PM",,,"Microsoft-Windows-Sysmon/Operational","System.UInt32[]","System.Diagnostics.Eventing.Reader.EventBookmark","Information","Info","Process terminated (rule: ProcessTerminate)","System.Collections.ObjectModel.ReadOnlyCollection`1[System.String]","System.Collections.Generic.List`1[System.Diagnostics.Eventing.Reader.EventProperty]"
"Image loaded:
RuleName: -
UtcTime: 2026-04-13 02:56:59.488
ProcessGuid: {fc4680f6-5b7b-69dc-7701-000000001700}
ProcessId: 8360
Image: C:\Windows\System32\svchost.exe
ImageLoaded: C:\Payloads\heartbeat.dll
FileVersion: -
Description: -
Product: -
Company: -
OriginalFileName: -
Hashes: SHA256=BC3F9BF5B00EAC5A58C772895FF69274DCC35A5DC850AB4321297957BBEB1AA9
Signed: false
Signature: -
SignatureStatus: Unavailable
User: NT AUTHORITY\SYSTEM","7","3",,"4","7","0","-9223372036854775808","1918","Microsoft-Windows-Sysmon","5770385f-c22a-43e0-bf4c-06f5698ffbd9","Microsoft-Windows-Sysmon/Operational","3704","4144","DESKTOP-7HV9KN7","S-1-5-18","4/12/2026 7:56:59 PM",,,"Microsoft-Windows-Sysmon/Operational","System.UInt32[]","System.Diagnostics.Eventing.Reader.EventBookmark","Information","Info","Process terminated (rule: ProcessTerminate)","System.Collections.ObjectModel.ReadOnlyCollection`1[System.String]","System.Collections.Generic.List`1[System.Diagnostics.Eventing.Reader.EventProperty]"
"Process Create:
RuleName: -
UtcTime: 2026-04-13 02:56:59.439
ProcessGuid: {fc4680f6-5b7b-69dc-7701-000000001700}
ProcessId: 8360
Image: C:\Windows\System32\svchost.exe
FileVersion: 10.0.26100.7705 (WinBuild.160101.0800)
Description: Host Process for Windows Services
Product: Microsoft? Windows? Operating System
Company: Microsoft Corporation
OriginalFileName: svchost.exe
CommandLine: C:\WINDOWS\system32\svchost.exe -k GPSvcGroup
CurrentDirectory: C:\WINDOWS\system32\
User: NT AUTHORITY\SYSTEM
LogonGuid: {fc4680f6-73fe-69dc-e703-000000000000}
LogonId: 0x3E7
TerminalSessionId: 0
IntegrityLevel: System
Hashes: SHA256=44FD6F9347CEED5798A25C47167F335EF085AE4648A81F775DD4BDC6240D8189
ParentProcessGuid: {00000000-0000-0000-0000-000000000000}
ParentProcessId: 884
ParentImage: -
ParentCommandLine: -
ParentUser: -","1","5",,"4","1","0","-9223372036854775808","1917","Microsoft-Windows-Sysmon","5770385f-c22a-43e0-bf4c-06f5698ffbd9","Microsoft-Windows-Sysmon/Operational","3704","4144","DESKTOP-7HV9KN7","S-1-5-18","4/12/2026 7:56:59 PM",,,"Microsoft-Windows-Sysmon/Operational","System.UInt32[]","System.Diagnostics.Eventing.Reader.EventBookmark","Information","Info","Process terminated (rule: ProcessTerminate)","System.Collections.ObjectModel.ReadOnlyCollection`1[System.String]","System.Collections.Generic.List`1[System.Diagnostics.Eventing.Reader.EventProperty]"
"Process terminated:
RuleName: -
UtcTime: 2026-04-13 02:56:48.208
ProcessGuid: {fc4680f6-5828-69dc-e800-000000001700}
ProcessId: 10956
Image: C:\Windows\System32\taskhostw.exe
User: DESKTOP-7HV9KN7\LabAdmin","5","3",,"4","5","0","-9223372036854775808","1916","Microsoft-Windows-Sysmon","5770385f-c22a-43e0-bf4c-06f5698ffbd9","Microsoft-Windows-Sysmon/Operational","3704","4144","DESKTOP-7HV9KN7","S-1-5-18","4/12/2026 7:56:48 PM",,,"Microsoft-Windows-Sysmon/Operational","System.UInt32[]","System.Diagnostics.Eventing.Reader.EventBookmark","Information","Info","Process terminated (rule: ProcessTerminate)","System.Collections.ObjectModel.ReadOnlyCollection`1[System.String]","System.Collections.Generic.List`1[System.Diagnostics.Eventing.Reader.EventProperty]"
"Process terminated:
RuleName: -
UtcTime: 2026-04-13 02:56:42.901
ProcessGuid: {fc4680f6-5b6a-69dc-7501-000000001700}
ProcessId: 10864
Image: C:\Program Files (x86)\Microsoft\EdgeWebView\Application\146.0.3856.109\msedgewebview2.exe
User: DESKTOP-7HV9KN7\LabAdmin","5","3",,"4","5","0","-9223372036854775808","1915","Microsoft-Windows-Sysmon","5770385f-c22a-43e0-bf4c-06f5698ffbd9","Microsoft-Windows-Sysmon/Operational","3704","4144","DESKTOP-7HV9KN7","S-1-5-18","4/12/2026 7:56:42 PM",,,"Microsoft-Windows-Sysmon/Operational","System.UInt32[]","System.Diagnostics.Eventing.Reader.EventBookmark","Information","Info","Process terminated (rule: ProcessTerminate)","System.Collections.ObjectModel.ReadOnlyCollection`1[System.String]","System.Collections.Generic.List`1[System.Diagnostics.Eventing.Reader.EventProperty]"
"Process terminated:
RuleName: -
UtcTime: 2026-04-13 02:56:42.783
ProcessGuid: {fc4680f6-5b2e-69dc-6d01-000000001700}
ProcessId: 604
Image: C:\Program Files (x86)\Microsoft\EdgeWebView\Application\146.0.3856.109\msedgewebview2.exe
User: DESKTOP-7HV9KN7\LabAdmin","5","3",,"4","5","0","-9223372036854775808","1914","Microsoft-Windows-Sysmon","5770385f-c22a-43e0-bf4c-06f5698ffbd9","Microsoft-Windows-Sysmon/Operational","3704","4144","DESKTOP-7HV9KN7","S-1-5-18","4/12/2026 7:56:42 PM",,,"Microsoft-Windows-Sysmon/Operational","System.UInt32[]","System.Diagnostics.Eventing.Reader.EventBookmark","Information","Info","Process terminated (rule: ProcessTerminate)","System.Collections.ObjectModel.ReadOnlyCollection`1[System.String]","System.Collections.Generic.List`1[System.Diagnostics.Eventing.Reader.EventProperty]"
"Process Create:
RuleName: -
UtcTime: 2026-04-13 02:56:42.765
ProcessGuid: {fc4680f6-5b6a-69dc-7601-000000001700}
ProcessId: 5844
Image: C:\Program Files (x86)\Microsoft\EdgeWebView\Application\146.0.3856.109\msedgewebview2.exe
FileVersion: 146.0.3856.109
Description: Microsoft Edge WebView2
Product: Microsoft Edge WebView2
Company: Microsoft Corporation
OriginalFileName: msedgewebview2.exe
CommandLine: ""C:\Program Files (x86)\Microsoft\EdgeWebView\Application\146.0.3856.109\msedgewebview2.exe"" --type=renderer --noerrdialogs --user-data-dir=""C:\Users\LabAdmin\AppData\Local\Packages\Microsoft.MicrosoftOfficeHub_8wekyb3d8bbwe\LocalState\EBWebView"" --webview-exe-name=M365Copilot.exe --webview-exe-version=19.2604.36171.0 --embedded-browser-webview=1 --embedded-browser-webview-dpi-awareness=2 --disable-gpu-compositing --video-capture-use-gpu-memory-buffer --lang=en-US --js-flags=--expose-gc --device-scale-factor=1 --num-raster-threads=2 --enable-main-frame-before-activation --renderer-client-id=68 --time-ticks-at-unix-epoch=-1776048082779880 --launch-time-ticks=919982138 --always-read-main-dll --metrics-shmem-handle=5512,i,1528250833175828623,12154091694788435999,2097152 --field-trial-handle=2116,i,11094893147394152137,5464349725300480981,262144 --enable-features=msSingleSignOnOSForPrimaryAccountIsShared --disable-features=msEnhancedTrackingPreventionEnabled --variations-seed-version --pseudonymization-salt-handle=2120,i,5221246016033571828,3123048113950713908,4 --trace-process-track-uuid=3190709050030717226 --mojo-platform-channel-handle=3912 /pfhostedapp:e2ee8b1eb288a7fedb96cb977854e74f0a99447a /prefetch:1
CurrentDirectory: C:\Program Files (x86)\Microsoft\EdgeWebView\Application\146.0.3856.109\
User: DESKTOP-7HV9KN7\LabAdmin
LogonGuid: {fc4680f6-57e8-69dc-06e4-040000000000}
LogonId: 0x4E406
TerminalSessionId: 1
IntegrityLevel: Low
Hashes: SHA256=29CE36EA7A746028BC637095F1068BC29FAC83FC677716FF052B56E913DCE6B7
ParentProcessGuid: {fc4680f6-5816-69dc-c700-000000001700}
ParentProcessId: 9244
ParentImage: C:\Program Files (x86)\Microsoft\EdgeWebView\Application\146.0.3856.109\msedgewebview2.exe
ParentCommandLine: ""C:\Program Files (x86)\Microsoft\EdgeWebView\Application\146.0.3856.109\msedgewebview2.exe"" --embedded-browser-webview=1 --webview-exe-name=M365Copilot.exe --webview-exe-version=19.2604.36171.0 --user-data-dir=""C:\Users\LabAdmin\AppData\Local\Packages\Microsoft.MicrosoftOfficeHub_8wekyb3d8bbwe\LocalState\EBWebView"" --noerrdialogs --embedded-browser-webview-dpi-awareness=2 --disable-features=msEnhancedTrackingPreventionEnabled --enable-features=msSingleSignOnOSForPrimaryAccountIsShared --mojo-named-platform-channel-pipe=9004.9240.8986736808868251626 /pfhostedapp:e2ee8b1eb288a7fedb96cb977854e74f0a99447a
ParentUser: DESKTOP-7HV9KN7\LabAdmin","1","5",,"4","1","0","-9223372036854775808","1913","Microsoft-Windows-Sysmon","5770385f-c22a-43e0-bf4c-06f5698ffbd9","Microsoft-Windows-Sysmon/Operational","3704","4144","DESKTOP-7HV9KN7","S-1-5-18","4/12/2026 7:56:42 PM",,,"Microsoft-Windows-Sysmon/Operational","System.UInt32[]","System.Diagnostics.Eventing.Reader.EventBookmark","Information","Info","Process terminated (rule: ProcessTerminate)","System.Collections.ObjectModel.ReadOnlyCollection`1[System.String]","System.Collections.Generic.List`1[System.Diagnostics.Eventing.Reader.EventProperty]"
"Process terminated:
RuleName: -
UtcTime: 2026-04-13 02:56:42.656
ProcessGuid: {fc4680f6-5b6a-69dc-7401-000000001700}
ProcessId: 6816
Image: C:\Program Files (x86)\Microsoft\EdgeWebView\Application\146.0.3856.109\msedgewebview2.exe
User: DESKTOP-7HV9KN7\LabAdmin","5","3",,"4","5","0","-9223372036854775808","1912","Microsoft-Windows-Sysmon","5770385f-c22a-43e0-bf4c-06f5698ffbd9","Microsoft-Windows-Sysmon/Operational","3704","4144","DESKTOP-7HV9KN7","S-1-5-18","4/12/2026 7:56:42 PM",,,"Microsoft-Windows-Sysmon/Operational","System.UInt32[]","System.Diagnostics.Eventing.Reader.EventBookmark","Information","Info","Process terminated (rule: ProcessTerminate)","System.Collections.ObjectModel.ReadOnlyCollection`1[System.String]","System.Collections.Generic.List`1[System.Diagnostics.Eventing.Reader.EventProperty]"
"Process Create:
RuleName: -
UtcTime: 2026-04-13 02:56:42.654
ProcessGuid: {fc4680f6-5b6a-69dc-7501-000000001700}
ProcessId: 10864
Image: C:\Program Files (x86)\Microsoft\EdgeWebView\Application\146.0.3856.109\msedgewebview2.exe
FileVersion: 146.0.3856.109
Description: Microsoft Edge WebView2
Product: Microsoft Edge WebView2
Company: Microsoft Corporation
OriginalFileName: msedgewebview2.exe
CommandLine: ""C:\Program Files (x86)\Microsoft\EdgeWebView\Application\146.0.3856.109\msedgewebview2.exe"" --type=renderer --noerrdialogs --user-data-dir=""C:\Users\LabAdmin\AppData\Local\Packages\Microsoft.MicrosoftOfficeHub_8wekyb3d8bbwe\LocalState\EBWebView"" --webview-exe-name=M365Copilot.exe --webview-exe-version=19.2604.36171.0 --embedded-browser-webview=1 --embedded-browser-webview-dpi-awareness=2 --disable-gpu-compositing --video-capture-use-gpu-memory-buffer --lang=en-US --js-flags=--expose-gc --device-scale-factor=1 --num-raster-threads=2 --enable-main-frame-before-activation --renderer-client-id=67 --time-ticks-at-unix-epoch=-1776048082779880 --launch-time-ticks=919871040 --always-read-main-dll --metrics-shmem-handle=6092,i,2266397095080096223,15836467334675672571,2097152 --field-trial-handle=2116,i,11094893147394152137,5464349725300480981,262144 --enable-features=msSingleSignOnOSForPrimaryAccountIsShared --disable-features=msEnhancedTrackingPreventionEnabled --variations-seed-version --pseudonymization-salt-handle=2120,i,5221246016033571828,3123048113950713908,4 --trace-process-track-uuid=3190709049093675377 --mojo-platform-channel-handle=5896 /pfhostedapp:e2ee8b1eb288a7fedb96cb977854e74f0a99447a /prefetch:1
CurrentDirectory: C:\Program Files (x86)\Microsoft\EdgeWebView\Application\146.0.3856.109\
User: DESKTOP-7HV9KN7\LabAdmin
LogonGuid: {fc4680f6-57e8-69dc-06e4-040000000000}
LogonId: 0x4E406
TerminalSessionId: 1
IntegrityLevel: Low
Hashes: SHA256=29CE36EA7A746028BC637095F1068BC29FAC83FC677716FF052B56E913DCE6B7
ParentProcessGuid: {fc4680f6-5816-69dc-c700-000000001700}
ParentProcessId: 9244
ParentImage: C:\Program Files (x86)\Microsoft\EdgeWebView\Application\146.0.3856.109\msedgewebview2.exe
ParentCommandLine: ""C:\Program Files (x86)\Microsoft\EdgeWebView\Application\146.0.3856.109\msedgewebview2.exe"" --embedded-browser-webview=1 --webview-exe-name=M365Copilot.exe --webview-exe-version=19.2604.36171.0 --user-data-dir=""C:\Users\LabAdmin\AppData\Local\Packages\Microsoft.MicrosoftOfficeHub_8wekyb3d8bbwe\LocalState\EBWebView"" --noerrdialogs --embedded-browser-webview-dpi-awareness=2 --disable-features=msEnhancedTrackingPreventionEnabled --enable-features=msSingleSignOnOSForPrimaryAccountIsShared --mojo-named-platform-channel-pipe=9004.9240.8986736808868251626 /pfhostedapp:e2ee8b1eb288a7fedb96cb977854e74f0a99447a
ParentUser: DESKTOP-7HV9KN7\LabAdmin","1","5",,"4","1","0","-9223372036854775808","1911","Microsoft-Windows-Sysmon","5770385f-c22a-43e0-bf4c-06f5698ffbd9","Microsoft-Windows-Sysmon/Operational","3704","4144","DESKTOP-7HV9KN7","S-1-5-18","4/12/2026 7:56:42 PM",,,"Microsoft-Windows-Sysmon/Operational","System.UInt32[]","System.Diagnostics.Eventing.Reader.EventBookmark","Information","Info","Process terminated (rule: ProcessTerminate)","System.Collections.ObjectModel.ReadOnlyCollection`1[System.String]","System.Collections.Generic.List`1[System.Diagnostics.Eventing.Reader.EventProperty]"
"Process Create:
RuleName: -
UtcTime: 2026-04-13 02:56:42.629
ProcessGuid: {fc4680f6-5b6a-69dc-7401-000000001700}
ProcessId: 6816
Image: C:\Program Files (x86)\Microsoft\EdgeWebView\Application\146.0.3856.109\msedgewebview2.exe
FileVersion: 146.0.3856.109
Description: Microsoft Edge WebView2
Product: Microsoft Edge WebView2
Company: Microsoft Corporation
OriginalFileName: msedgewebview2.exe
CommandLine: ""C:\Program Files (x86)\Microsoft\EdgeWebView\Application\146.0.3856.109\msedgewebview2.exe"" --type=renderer --noerrdialogs --user-data-dir=""C:\Users\LabAdmin\AppData\Local\Packages\Microsoft.MicrosoftOfficeHub_8wekyb3d8bbwe\LocalState\EBWebView"" --webview-exe-name=M365Copilot.exe --webview-exe-version=19.2604.36171.0 --embedded-browser-webview=1 --embedded-browser-webview-dpi-awareness=2 --disable-gpu-compositing --video-capture-use-gpu-memory-buffer --lang=en-US --js-flags=--expose-gc --device-scale-factor=1 --num-raster-threads=2 --enable-main-frame-before-activation --renderer-client-id=66 --time-ticks-at-unix-epoch=-1776048082779880 --launch-time-ticks=919838715 --always-read-main-dll --metrics-shmem-handle=5952,i,9175812823809256431,10687225434392845137,2097152 --field-trial-handle=2116,i,11094893147394152137,5464349725300480981,262144 --enable-features=msSingleSignOnOSForPrimaryAccountIsShared --disable-features=msEnhancedTrackingPreventionEnabled --variations-seed-version --pseudonymization-salt-handle=2120,i,5221246016033571828,3123048113950713908,4 --trace-process-track-uuid=3190709048156633528 --mojo-platform-channel-handle=5912 /pfhostedapp:e2ee8b1eb288a7fedb96cb977854e74f0a99447a /prefetch:1
CurrentDirectory: C:\Program Files (x86)\Microsoft\EdgeWebView\Application\146.0.3856.109\
User: DESKTOP-7HV9KN7\LabAdmin
LogonGuid: {fc4680f6-57e8-69dc-06e4-040000000000}
LogonId: 0x4E406
TerminalSessionId: 1
IntegrityLevel: Low
Hashes: SHA256=29CE36EA7A746028BC637095F1068BC29FAC83FC677716FF052B56E913DCE6B7
ParentProcessGuid: {fc4680f6-5816-69dc-c700-000000001700}
ParentProcessId: 9244
ParentImage: C:\Program Files (x86)\Microsoft\EdgeWebView\Application\146.0.3856.109\msedgewebview2.exe
ParentCommandLine: ""C:\Program Files (x86)\Microsoft\EdgeWebView\Application\146.0.3856.109\msedgewebview2.exe"" --embedded-browser-webview=1 --webview-exe-name=M365Copilot.exe --webview-exe-version=19.2604.36171.0 --user-data-dir=""C:\Users\LabAdmin\AppData\Local\Packages\Microsoft.MicrosoftOfficeHub_8wekyb3d8bbwe\LocalState\EBWebView"" --noerrdialogs --embedded-browser-webview-dpi-awareness=2 --disable-features=msEnhancedTrackingPreventionEnabled --enable-features=msSingleSignOnOSForPrimaryAccountIsShared --mojo-named-platform-channel-pipe=9004.9240.8986736808868251626 /pfhostedapp:e2ee8b1eb288a7fedb96cb977854e74f0a99447a
ParentUser: DESKTOP-7HV9KN7\LabAdmin","1","5",,"4","1","0","-9223372036854775808","1910","Microsoft-Windows-Sysmon","5770385f-c22a-43e0-bf4c-06f5698ffbd9","Microsoft-Windows-Sysmon/Operational","3704","4144","DESKTOP-7HV9KN7","S-1-5-18","4/12/2026 7:56:42 PM",,,"Microsoft-Windows-Sysmon/Operational","System.UInt32[]","System.Diagnostics.Eventing.Reader.EventBookmark","Information","Info","Process terminated (rule: ProcessTerminate)","System.Collections.ObjectModel.ReadOnlyCollection`1[System.String]","System.Collections.Generic.List`1[System.Diagnostics.Eventing.Reader.EventProperty]"
"Image loaded:
RuleName: -
UtcTime: 2026-04-13 02:56:40.304
ProcessGuid: {fc4680f6-5b68-69dc-7301-000000001700}
ProcessId: 3540
Image: C:\Windows\System32\svchost.exe
ImageLoaded: C:\Payloads\heartbeat.dll
FileVersion: -
Description: -
Product: -
Company: -
OriginalFileName: -
Hashes: SHA256=BC3F9BF5B00EAC5A58C772895FF69274DCC35A5DC850AB4321297957BBEB1AA9
Signed: false
Signature: -
SignatureStatus: Unavailable
User: NT AUTHORITY\SYSTEM","7","3",,"4","7","0","-9223372036854775808","1909","Microsoft-Windows-Sysmon","5770385f-c22a-43e0-bf4c-06f5698ffbd9","Microsoft-Windows-Sysmon/Operational","3704","4144","DESKTOP-7HV9KN7","S-1-5-18","4/12/2026 7:56:40 PM",,,"Microsoft-Windows-Sysmon/Operational","System.UInt32[]","System.Diagnostics.Eventing.Reader.EventBookmark","Information","Info","Process terminated (rule: ProcessTerminate)","System.Collections.ObjectModel.ReadOnlyCollection`1[System.String]","System.Collections.Generic.List`1[System.Diagnostics.Eventing.Reader.EventProperty]"
"Process Create:
RuleName: -
UtcTime: 2026-04-13 02:56:40.287
ProcessGuid: {fc4680f6-5b68-69dc-7301-000000001700}
ProcessId: 3540
Image: C:\Windows\System32\svchost.exe
FileVersion: 10.0.26100.7705 (WinBuild.160101.0800)
Description: Host Process for Windows Services
Product: Microsoft? Windows? Operating System
Company: Microsoft Corporation
OriginalFileName: svchost.exe
CommandLine: C:\WINDOWS\system32\svchost.exe -k netsvcs -p -s wlidsvc
CurrentDirectory: C:\WINDOWS\system32\
User: NT AUTHORITY\SYSTEM
LogonGuid: {fc4680f6-73fe-69dc-e703-000000000000}
LogonId: 0x3E7
TerminalSessionId: 0
IntegrityLevel: System
Hashes: SHA256=44FD6F9347CEED5798A25C47167F335EF085AE4648A81F775DD4BDC6240D8189
ParentProcessGuid: {00000000-0000-0000-0000-000000000000}
ParentProcessId: 884
ParentImage: -
ParentCommandLine: -
ParentUser: -","1","5",,"4","1","0","-9223372036854775808","1908","Microsoft-Windows-Sysmon","5770385f-c22a-43e0-bf4c-06f5698ffbd9","Microsoft-Windows-Sysmon/Operational","3704","4144","DESKTOP-7HV9KN7","S-1-5-18","4/12/2026 7:56:40 PM",,,"Microsoft-Windows-Sysmon/Operational","System.UInt32[]","System.Diagnostics.Eventing.Reader.EventBookmark","Information","Info","Process terminated (rule: ProcessTerminate)","System.Collections.ObjectModel.ReadOnlyCollection`1[System.String]","System.Collections.Generic.List`1[System.Diagnostics.Eventing.Reader.EventProperty]"
"Process terminated:
RuleName: -
UtcTime: 2026-04-13 02:56:40.232
ProcessGuid: {fc4680f6-5b68-69dc-7101-000000001700}
ProcessId: 8556
Image: C:\Windows\System32\backgroundTaskHost.exe
User: DESKTOP-7HV9KN7\LabAdmin","5","3",,"4","5","0","-9223372036854775808","1907","Microsoft-Windows-Sysmon","5770385f-c22a-43e0-bf4c-06f5698ffbd9","Microsoft-Windows-Sysmon/Operational","3704","4144","DESKTOP-7HV9KN7","S-1-5-18","4/12/2026 7:56:40 PM",,,"Microsoft-Windows-Sysmon/Operational","System.UInt32[]","System.Diagnostics.Eventing.Reader.EventBookmark","Information","Info","Process terminated (rule: ProcessTerminate)","System.Collections.ObjectModel.ReadOnlyCollection`1[System.String]","System.Collections.Generic.List`1[System.Diagnostics.Eventing.Reader.EventProperty]"
"Process Create:
RuleName: -
UtcTime: 2026-04-13 02:56:40.150
ProcessGuid: {fc4680f6-5b68-69dc-7201-000000001700}
ProcessId: 7648
Image: C:\Windows\System32\RuntimeBroker.exe
FileVersion: 10.0.26100.8115 (WinBuild.160101.0800)
Description: Runtime Broker
Product: Microsoft? Windows? Operating System
Company: Microsoft Corporation
OriginalFileName: RuntimeBroker.exe
CommandLine: C:\Windows\System32\RuntimeBroker.exe -Embedding
CurrentDirectory: C:\WINDOWS\system32\
User: DESKTOP-7HV9KN7\LabAdmin
LogonGuid: {fc4680f6-57e8-69dc-06e4-040000000000}
LogonId: 0x4E406
TerminalSessionId: 1
IntegrityLevel: Medium
Hashes: SHA256=61FD42509C0235965E8A7C667DDB32ACE00579501A25D399E3D3574B68518AFB
ParentProcessGuid: {00000000-0000-0000-0000-000000000000}
ParentProcessId: 580
ParentImage: -
ParentCommandLine: -
ParentUser: -","1","5",,"4","1","0","-9223372036854775808","1906","Microsoft-Windows-Sysmon","5770385f-c22a-43e0-bf4c-06f5698ffbd9","Microsoft-Windows-Sysmon/Operational","3704","4144","DESKTOP-7HV9KN7","S-1-5-18","4/12/2026 7:56:40 PM",,,"Microsoft-Windows-Sysmon/Operational","System.UInt32[]","System.Diagnostics.Eventing.Reader.EventBookmark","Information","Info","Process terminated (rule: ProcessTerminate)","System.Collections.ObjectModel.ReadOnlyCollection`1[System.String]","System.Collections.Generic.List`1[System.Diagnostics.Eventing.Reader.EventProperty]"
"Process Create:
RuleName: -
UtcTime: 2026-04-13 02:56:40.062
ProcessGuid: {fc4680f6-5b68-69dc-7101-000000001700}
ProcessId: 8556
Image: C:\Windows\System32\backgroundTaskHost.exe
FileVersion: 10.0.26100.1 (WinBuild.160101.0800)
Description: Background Task Host
Product: Microsoft? Windows? Operating System
Company: Microsoft Corporation
OriginalFileName: backgroundTaskHost.exe
CommandLine: ""C:\WINDOWS\system32\BackgroundTaskHost.exe"" -ServerName:BackgroundTaskHost.WebAccountProvider
CurrentDirectory: C:\Windows\SystemApps\Microsoft.AAD.BrokerPlugin_cw5n1h2txyewy\
User: DESKTOP-7HV9KN7\LabAdmin
LogonGuid: {fc4680f6-57e8-69dc-06e4-040000000000}
LogonId: 0x4E406
TerminalSessionId: 1
IntegrityLevel: AppContainer
Hashes: SHA256=B7D2C17E0038945AA4B72AE7A89E54D29B04CCC0FEB62DF5C9B7B67DE43C2530
ParentProcessGuid: {00000000-0000-0000-0000-000000000000}
ParentProcessId: 580
ParentImage: -
ParentCommandLine: -
ParentUser: -","1","5",,"4","1","0","-9223372036854775808","1905","Microsoft-Windows-Sysmon","5770385f-c22a-43e0-bf4c-06f5698ffbd9","Microsoft-Windows-Sysmon/Operational","3704","4144","DESKTOP-7HV9KN7","S-1-5-18","4/12/2026 7:56:40 PM",,,"Microsoft-Windows-Sysmon/Operational","System.UInt32[]","System.Diagnostics.Eventing.Reader.EventBookmark","Information","Info","Process terminated (rule: ProcessTerminate)","System.Collections.ObjectModel.ReadOnlyCollection`1[System.String]","System.Collections.Generic.List`1[System.Diagnostics.Eventing.Reader.EventProperty]"
"Process terminated:
RuleName: -
UtcTime: 2026-04-13 02:56:39.869
ProcessGuid: {fc4680f6-5b67-69dc-6e01-000000001700}
ProcessId: 10732
Image: C:\Windows\System32\UsoClient.exe
User: NT AUTHORITY\SYSTEM","5","3",,"4","5","0","-9223372036854775808","1904","Microsoft-Windows-Sysmon","5770385f-c22a-43e0-bf4c-06f5698ffbd9","Microsoft-Windows-Sysmon/Operational","3704","4144","DESKTOP-7HV9KN7","S-1-5-18","4/12/2026 7:56:39 PM",,,"Microsoft-Windows-Sysmon/Operational","System.UInt32[]","System.Diagnostics.Eventing.Reader.EventBookmark","Information","Info","Process terminated (rule: ProcessTerminate)","System.Collections.ObjectModel.ReadOnlyCollection`1[System.String]","System.Collections.Generic.List`1[System.Diagnostics.Eventing.Reader.EventProperty]"
"Process Create:
RuleName: -
UtcTime: 2026-04-13 02:56:39.811
ProcessGuid: {fc4680f6-5b67-69dc-7001-000000001700}
ProcessId: 3420
Image: C:\Windows\System32\svchost.exe
FileVersion: 10.0.26100.7705 (WinBuild.160101.0800)
Description: Host Process for Windows Services
Product: Microsoft? Windows? Operating System
Company: Microsoft Corporation
OriginalFileName: svchost.exe
CommandLine: C:\WINDOWS\system32\svchost.exe -k wusvcs -p -s WaaSMedicSvc
CurrentDirectory: C:\WINDOWS\system32\
User: NT AUTHORITY\SYSTEM
LogonGuid: {fc4680f6-73fe-69dc-e703-000000000000}
LogonId: 0x3E7
TerminalSessionId: 0
IntegrityLevel: System
Hashes: SHA256=44FD6F9347CEED5798A25C47167F335EF085AE4648A81F775DD4BDC6240D8189
ParentProcessGuid: {00000000-0000-0000-0000-000000000000}
ParentProcessId: 884
ParentImage: -
ParentCommandLine: -
ParentUser: -","1","5",,"4","1","0","-9223372036854775808","1903","Microsoft-Windows-Sysmon","5770385f-c22a-43e0-bf4c-06f5698ffbd9","Microsoft-Windows-Sysmon/Operational","3704","4144","DESKTOP-7HV9KN7","S-1-5-18","4/12/2026 7:56:39 PM",,,"Microsoft-Windows-Sysmon/Operational","System.UInt32[]","System.Diagnostics.Eventing.Reader.EventBookmark","Information","Info","Process terminated (rule: ProcessTerminate)","System.Collections.ObjectModel.ReadOnlyCollection`1[System.String]","System.Collections.Generic.List`1[System.Diagnostics.Eventing.Reader.EventProperty]"
"Image loaded:
RuleName: -
UtcTime: 2026-04-13 02:56:39.690
ProcessGuid: {fc4680f6-5b67-69dc-6f01-000000001700}
ProcessId: 5608
Image: C:\Windows\UUS\Packages\Preview\amd64\MoUsoCoreWorker.exe
ImageLoaded: C:\Payloads\heartbeat.dll
FileVersion: -
Description: -
Product: -
Company: -
OriginalFileName: -
Hashes: SHA256=BC3F9BF5B00EAC5A58C772895FF69274DCC35A5DC850AB4321297957BBEB1AA9
Signed: false
Signature: -
SignatureStatus: Unavailable
User: NT AUTHORITY\SYSTEM","7","3",,"4","7","0","-9223372036854775808","1902","Microsoft-Windows-Sysmon","5770385f-c22a-43e0-bf4c-06f5698ffbd9","Microsoft-Windows-Sysmon/Operational","3704","4144","DESKTOP-7HV9KN7","S-1-5-18","4/12/2026 7:56:39 PM",,,"Microsoft-Windows-Sysmon/Operational","System.UInt32[]","System.Diagnostics.Eventing.Reader.EventBookmark","Information","Info","Process terminated (rule: ProcessTerminate)","System.Collections.ObjectModel.ReadOnlyCollection`1[System.String]","System.Collections.Generic.List`1[System.Diagnostics.Eventing.Reader.EventProperty]"
"Process Create:
RuleName: -
UtcTime: 2026-04-13 02:56:39.646
ProcessGuid: {fc4680f6-5b67-69dc-6f01-000000001700}
ProcessId: 5608
Image: C:\Windows\UUS\Packages\Preview\amd64\MoUsoCoreWorker.exe
FileVersion: 1507.2602.25052.0
Description: MoUSO Core Worker Process
Product: Microsoft? Windows? Operating System
Company: Microsoft Corporation
OriginalFileName: MoUSOCoreWorker.exe
CommandLine: ""C:\WINDOWS\uus\packages\preview\AMD64\MoUsoCoreWorker.exe"" useprivatenamespaces
CurrentDirectory: C:\WINDOWS\system32\
User: NT AUTHORITY\SYSTEM
LogonGuid: {fc4680f6-73fe-69dc-e703-000000000000}
LogonId: 0x3E7
TerminalSessionId: 0
IntegrityLevel: System
Hashes: SHA256=9358E4C0DD24DE791EC4C25336AF89A36CA5C249D7A0BD1551300973CF19B9C3
ParentProcessGuid: {fc4680f6-580b-69dc-b600-000000001700}
ParentProcessId: 5592
ParentImage: C:\Windows\System32\svchost.exe
ParentCommandLine: C:\WINDOWS\system32\svchost.exe -k netsvcs -p -s UsoSvc
ParentUser: NT AUTHORITY\SYSTEM","1","5",,"4","1","0","-9223372036854775808","1901","Microsoft-Windows-Sysmon","5770385f-c22a-43e0-bf4c-06f5698ffbd9","Microsoft-Windows-Sysmon/Operational","3704","4144","DESKTOP-7HV9KN7","S-1-5-18","4/12/2026 7:56:39 PM",,,"Microsoft-Windows-Sysmon/Operational","System.UInt32[]","System.Diagnostics.Eventing.Reader.EventBookmark","Information","Info","Process terminated (rule: ProcessTerminate)","System.Collections.ObjectModel.ReadOnlyCollection`1[System.String]","System.Collections.Generic.List`1[System.Diagnostics.Eventing.Reader.EventProperty]"
"Image loaded:
RuleName: -
UtcTime: 2026-04-13 02:56:39.632
ProcessGuid: {fc4680f6-5b67-69dc-6e01-000000001700}
ProcessId: 10732
Image: C:\Windows\System32\UsoClient.exe
ImageLoaded: C:\Payloads\heartbeat.dll
FileVersion: -
Description: -
Product: -
Company: -
OriginalFileName: -
Hashes: SHA256=BC3F9BF5B00EAC5A58C772895FF69274DCC35A5DC850AB4321297957BBEB1AA9
Signed: false
Signature: -
SignatureStatus: Unavailable
User: NT AUTHORITY\SYSTEM","7","3",,"4","7","0","-9223372036854775808","1900","Microsoft-Windows-Sysmon","5770385f-c22a-43e0-bf4c-06f5698ffbd9","Microsoft-Windows-Sysmon/Operational","3704","4144","DESKTOP-7HV9KN7","S-1-5-18","4/12/2026 7:56:39 PM",,,"Microsoft-Windows-Sysmon/Operational","System.UInt32[]","System.Diagnostics.Eventing.Reader.EventBookmark","Information","Info","Process terminated (rule: ProcessTerminate)","System.Collections.ObjectModel.ReadOnlyCollection`1[System.String]","System.Collections.Generic.List`1[System.Diagnostics.Eventing.Reader.EventProperty]"
"Process Create:
RuleName: -
UtcTime: 2026-04-13 02:56:39.566
ProcessGuid: {fc4680f6-5b67-69dc-6e01-000000001700}
ProcessId: 10732
Image: C:\Windows\System32\UsoClient.exe
FileVersion: 10.0.26100.8115 (WinBuild.160101.0800)
Description: UsoClient
Product: Microsoft? Windows? Operating System
Company: Microsoft Corporation
OriginalFileName: UsoClient
CommandLine: ""C:\WINDOWS\system32\usoclient.exe"" StartWork
CurrentDirectory: C:\WINDOWS\system32\
User: NT AUTHORITY\SYSTEM
LogonGuid: {fc4680f6-73fe-69dc-e703-000000000000}
LogonId: 0x3E7
TerminalSessionId: 0
IntegrityLevel: System
Hashes: SHA256=1F87A52A9E765CEF0F5AFF936150DD84CE80B205A39ED8DE69F8632A4C18F1E0
ParentProcessGuid: {00000000-0000-0000-0000-000000000000}
ParentProcessId: 1348
ParentImage: -
ParentCommandLine: -
ParentUser: -","1","5",,"4","1","0","-9223372036854775808","1899","Microsoft-Windows-Sysmon","5770385f-c22a-43e0-bf4c-06f5698ffbd9","Microsoft-Windows-Sysmon/Operational","3704","4144","DESKTOP-7HV9KN7","S-1-5-18","4/12/2026 7:56:39 PM",,,"Microsoft-Windows-Sysmon/Operational","System.UInt32[]","System.Diagnostics.Eventing.Reader.EventBookmark","Information","Info","Process terminated (rule: ProcessTerminate)","System.Collections.ObjectModel.ReadOnlyCollection`1[System.String]","System.Collections.Generic.List`1[System.Diagnostics.Eventing.Reader.EventProperty]"
"Process terminated:
RuleName: -
UtcTime: 2026-04-13 02:56:28.381
ProcessGuid: {fc4680f6-5b05-69dc-6801-000000001700}
ProcessId: 1800
Image: C:\Windows\System32\SearchProtocolHost.exe
User: NT AUTHORITY\SYSTEM","5","3",,"4","5","0","-9223372036854775808","1898","Microsoft-Windows-Sysmon","5770385f-c22a-43e0-bf4c-06f5698ffbd9","Microsoft-Windows-Sysmon/Operational","3704","4144","DESKTOP-7HV9KN7","S-1-5-18","4/12/2026 7:56:28 PM",,,"Microsoft-Windows-Sysmon/Operational","System.UInt32[]","System.Diagnostics.Eventing.Reader.EventBookmark","Information","Info","Process terminated (rule: ProcessTerminate)","System.Collections.ObjectModel.ReadOnlyCollection`1[System.String]","System.Collections.Generic.List`1[System.Diagnostics.Eventing.Reader.EventProperty]"
"Process terminated:
RuleName: -
UtcTime: 2026-04-13 02:56:25.817
ProcessGuid: {fc4680f6-5b05-69dc-6a01-000000001700}
ProcessId: 9028
Image: C:\Windows\System32\SearchFilterHost.exe
User: NT AUTHORITY\SYSTEM","5","3",,"4","5","0","-9223372036854775808","1897","Microsoft-Windows-Sysmon","5770385f-c22a-43e0-bf4c-06f5698ffbd9","Microsoft-Windows-Sysmon/Operational","3704","4144","DESKTOP-7HV9KN7","S-1-5-18","4/12/2026 7:56:25 PM",,,"Microsoft-Windows-Sysmon/Operational","System.UInt32[]","System.Diagnostics.Eventing.Reader.EventBookmark","Information","Info","Process terminated (rule: ProcessTerminate)","System.Collections.ObjectModel.ReadOnlyCollection`1[System.String]","System.Collections.Generic.List`1[System.Diagnostics.Eventing.Reader.EventProperty]"
