"Message","Id","Version","Qualifiers","Level","Task","Opcode","Keywords","RecordId","ProviderName","ProviderId","LogName","ProcessId","ThreadId","MachineName","UserId","TimeCreated","ActivityId","RelatedActivityId","ContainerLog","MatchedQueryIds","Bookmark","LevelDisplayName","OpcodeDisplayName","TaskDisplayName","KeywordsDisplayNames","Properties"
"Process terminated:
RuleName: -
UtcTime: 2026-04-13 02:59:13.928
ProcessGuid: {fc4680f6-5bcb-69dc-7c01-000000001700}
ProcessId: 10536
Image: C:\Program Files (x86)\Microsoft\EdgeUpdate\MicrosoftEdgeUpdate.exe
User: NT AUTHORITY\SYSTEM","5","3",,"4","5","0","-9223372036854775808","1965","Microsoft-Windows-Sysmon","5770385f-c22a-43e0-bf4c-06f5698ffbd9","Microsoft-Windows-Sysmon/Operational","3704","4144","DESKTOP-7HV9KN7","S-1-5-18","4/12/2026 7:59:13 PM",,,"Microsoft-Windows-Sysmon/Operational","System.UInt32[]","System.Diagnostics.Eventing.Reader.EventBookmark","Information","Info","Process terminated (rule: ProcessTerminate)","System.Collections.ObjectModel.ReadOnlyCollection`1[System.String]","System.Collections.Generic.List`1[System.Diagnostics.Eventing.Reader.EventProperty]"
"Process Create:
RuleName: -
UtcTime: 2026-04-13 02:59:13.846
ProcessGuid: {fc4680f6-5c01-69dc-8f01-000000001700}
ProcessId: 880
Image: C:\Program Files (x86)\Microsoft\EdgeUpdate\MicrosoftEdgeUpdate.exe
FileVersion: 1.3.227.11
Description: Microsoft Edge Update
Product: Microsoft Edge Update
Company: Microsoft Corporation
OriginalFileName: MicrosoftEdgeUpdate.exe
CommandLine: ""C:\Program Files (x86)\Microsoft\EdgeUpdate\MicrosoftEdgeUpdate.exe"" /ping PD94bWwgdmVyc2lvbj0iMS4wIiBlbmNvZGluZz0iVVRGLTgiPz48cmVxdWVzdCBwcm90b2NvbD0iMy4wIiB1cGRhdGVyPSJPbWFoYSIgdXBkYXRlcnZlcnNpb249IjEuMy4yMjcuMTEiIHNoZWxsX3ZlcnNpb249IjEuMy4yMjcuMTEiIGlzbWFjaGluZT0iMSIgc2Vzc2lvbmlkPSJ7N0I3RDE5OEItNDBBQi00RDQxLUJCMkYtMDVFNUIyQjA4OUFCfSIgdXNlcmlkPSJ7QjA4QTg5MTEtM0M1OS00NjU1LThGNTUtMTU1RTI3ODU5QjVCfSIgaW5zdGFsbHNvdXJjZT0ic2NoZWR1bGVyIiByZXF1ZXN0aWQ9Ins0NkVGQ0YxQy01NzY2LTQ3RDQtODExRi01MEZGNEVBOEVBQkF9IiBkZWR1cD0iY3IiIGRvbWFpbmpvaW5lZD0iMCI-PGh3IGxvZ2ljYWxfY3B1cz0iNCIgcGh5c21lbW9yeT0iOCIgZGlza190eXBlPSIxIiBzc2U9IjEiIHNzZTI9IjEiIHNzZTM9IjEiIHNzc2UzPSIxIiBzc2U0MT0iMSIgc3NlNDI9IjEiIGF2eD0iMSIvPjxvcyBwbGF0Zm9ybT0id2luIiB2ZXJzaW9uPSIxMC4wLjI2MjAwLjgxMTciIHNwPSIiIGFyY2g9Ing2NCIgcHJvZHVjdF90eXBlPSI3MiIgaXNfd2lwPSIwIiBpc19pbl9sb2NrZG93bl9tb2RlPSIwIi8-PG9lbSBwcm9kdWN0X21hbnVmYWN0dXJlcj0iaW5ub3RlayBHbWJIIiBwcm9kdWN0X25hbWU9IlZpcnR1YWxCb3giLz48ZXhwIGV0YWc9IiZxdW90O0hJTExObmlGOXRFbEpVTmgrQU56WW1HSGFJN1RwMTcvQzA5UG0zN2xpdGc9JnF1b3Q7Ii8-PGFwcCBhcHBpZD0ie0YzQzRGRTAwLUVGRDUtNDAzQi05NTY5LTM5OEEyMEYxQkE0QX0iIHZlcnNpb249IjEuMy4yMjcuMTEiIG5leHR2ZXJzaW9uPSIiIGxhbmc9IiIgYnJhbmQ9IklOQlgiIGNsaWVudD0iIiBleHBlcmltZW50cz0iUHJvZHVjdHNUb1JlZ2lzdGVyPSU1QiUyMiU3QkM1MDU2NUU5LUNDQ0YtNDRCNC1CQTE1LTVBQzVDNjU2OTE5NyU3RCUyMiU1RCIgaW5zdGFsbGFnZT0iNTQiIGNvaG9ydD0icnJmQDAuODIiPjx1cGRhdGVjaGVjay8-PHBpbmcgcj0iMyIgcmQ9IjcwMzkiIHBpbmdfZnJlc2huZXNzPSJ7RDEyRDA3MjItNTAwOS00RTBBLTgyNzQtOUI1RTcxOEMxMTY5fSIvPjwvYXBwPjxhcHAgYXBwaWQ9Ins1NkVCMThGOC1CMDA4LTRDQkQtQjZEMi04Qzk3RkU3RTkwNjJ9IiB2ZXJzaW9uPSIxNDYuMC4zODU2LjEwOSIgbmV4dHZlcnNpb249IiIgYXA9Ii1mdWxsIiBsYW5nPSIiIGJyYW5kPSJJTkJYIiBjbGllbnQ9IiIgZXhwZXJpbWVudHM9ImNvbnNlbnQ9ZmFsc2UiIGluc3RhbGxhZ2U9IjU0IiBjb2hvcnQ9InJyZkAwLjkwIiBvb2JlX2luc3RhbGxfdGltZT0iMTM0MTU4NDYzNzM0MTIyODgwIiB1cGRhdGVfY291bnQ9IjIiIGlzX3Bpbm5lZF9zeXN0ZW09InRydWUiIGxhc3RfbGF1bmNoX2NvdW50PSIxIiBsYXN0X2xhdW5jaF90aW1lPSIxMzQyMDUxODI3NjQ1MTc5ODAiIGZpcnN0X2ZyZV9zZWVuX3RpbWU9IjEzNDE1ODQ4MjA3NDI0MjI2MCIgZmlyc3RfZnJlX3NlZW5fdmVyc2lvbj0iMTQ1LjAuMzgwMC42NSI-PHVwZGF0ZWNoZWNrLz48cGluZyBhY3RpdmU9IjEiIGE9IjMiIHI9IjMiIGFkPSI3MDM5IiByZD0iNzAzOSIgcGluZ19mcmVzaG5lc3M9IntFQjRDQzAyRi0xQkZGLTRENDgtODA5NC03QzkwQzhFNDQ2NkF9Ii8-PC9hcHA-PGFwcCBhcHBpZD0ie0YzMDE3MjI2LUZFMkEtNDI5NS04QkRGLTAwQzNBOUE3RTRDNX0iIHZlcnNpb249IjE0Ni4wLjM4NTYuMTA5IiBuZXh0dmVyc2lvbj0iIiBsYW5nPSIiIGJyYW5kPSJJTkJYIiBjbGllbnQ9IiIgZXhwZXJpbWVudHM9ImNvbnNlbnQ9ZmFsc2UiIGluc3RhbGxhZ2U9IjU0IiBjb2hvcnQ9InJyZkAwLjA2IiB1cGRhdGVfY291bnQ9IjIiIGxhc3RfbGF1bmNoX2NvdW50PSIxIiBsYXN0X2xhdW5jaF90aW1lPSIxMzQyMDUyMTc1MDU2Mjc1NDAiPjx1cGRhdGVjaGVjay8-PHBpbmcgYWN0aXZlPSIxIiBhPSIzIiByPSIzIiBhZD0iNzAzOSIgcmQ9IjcwMzkiIHBpbmdfZnJlc2huZXNzPSJ7NjdENTc3OEItQjdBRi00MDI4LUJBOTctNDFGNThCNTYzMzY0fSIvPjwvYXBwPjwvcmVxdWVzdD4
CurrentDirectory: C:\Program Files (x86)\Microsoft\EdgeUpdate\1.3.227.11\
User: NT AUTHORITY\SYSTEM
LogonGuid: {fc4680f6-73fe-69dc-e703-000000000000}
LogonId: 0x3E7
TerminalSessionId: 0
IntegrityLevel: System
Hashes: SHA256=06092DDE1D7349E5F5A3088A74FED1DF49398D27F485FC3D2FA4E2C8D3179DE3
ParentProcessGuid: {fc4680f6-5bf6-69dc-8e01-000000001700}
ParentProcessId: 10840
ParentImage: C:\Program Files (x86)\Microsoft\EdgeUpdate\MicrosoftEdgeUpdate.exe
ParentCommandLine: ""C:\Program Files (x86)\Microsoft\EdgeUpdate\MicrosoftEdgeUpdate.exe"" /svc
ParentUser: NT AUTHORITY\SYSTEM","1","5",,"4","1","0","-9223372036854775808","1964","Microsoft-Windows-Sysmon","5770385f-c22a-43e0-bf4c-06f5698ffbd9","Microsoft-Windows-Sysmon/Operational","3704","4144","DESKTOP-7HV9KN7","S-1-5-18","4/12/2026 7:59:13 PM",,,"Microsoft-Windows-Sysmon/Operational","System.UInt32[]","System.Diagnostics.Eventing.Reader.EventBookmark","Information","Info","Process terminated (rule: ProcessTerminate)","System.Collections.ObjectModel.ReadOnlyCollection`1[System.String]","System.Collections.Generic.List`1[System.Diagnostics.Eventing.Reader.EventProperty]"
"Process Create:
RuleName: -
UtcTime: 2026-04-13 02:59:02.939
ProcessGuid: {fc4680f6-5bf6-69dc-8e01-000000001700}
ProcessId: 10840
Image: C:\Program Files (x86)\Microsoft\EdgeUpdate\MicrosoftEdgeUpdate.exe
FileVersion: 1.3.227.11
Description: Microsoft Edge Update
Product: Microsoft Edge Update
Company: Microsoft Corporation
OriginalFileName: MicrosoftEdgeUpdate.exe
CommandLine: ""C:\Program Files (x86)\Microsoft\EdgeUpdate\MicrosoftEdgeUpdate.exe"" /svc
CurrentDirectory: C:\WINDOWS\system32\
User: NT AUTHORITY\SYSTEM
LogonGuid: {fc4680f6-73fe-69dc-e703-000000000000}
LogonId: 0x3E7
TerminalSessionId: 0
IntegrityLevel: System
Hashes: SHA256=06092DDE1D7349E5F5A3088A74FED1DF49398D27F485FC3D2FA4E2C8D3179DE3
ParentProcessGuid: {00000000-0000-0000-0000-000000000000}
ParentProcessId: 884
ParentImage: -
ParentCommandLine: -
ParentUser: -","1","5",,"4","1","0","-9223372036854775808","1963","Microsoft-Windows-Sysmon","5770385f-c22a-43e0-bf4c-06f5698ffbd9","Microsoft-Windows-Sysmon/Operational","3704","4144","DESKTOP-7HV9KN7","S-1-5-18","4/12/2026 7:59:02 PM",,,"Microsoft-Windows-Sysmon/Operational","System.UInt32[]","System.Diagnostics.Eventing.Reader.EventBookmark","Information","Info","Process terminated (rule: ProcessTerminate)","System.Collections.ObjectModel.ReadOnlyCollection`1[System.String]","System.Collections.Generic.List`1[System.Diagnostics.Eventing.Reader.EventProperty]"
"Process terminated:
RuleName: -
UtcTime: 2026-04-13 02:58:50.457
ProcessGuid: {fc4680f6-5bea-69dc-8c01-000000001700}
ProcessId: 6540
Image: C:\Windows\System32\backgroundTaskHost.exe
User: DESKTOP-7HV9KN7\LabAdmin","5","3",,"4","5","0","-9223372036854775808","1962","Microsoft-Windows-Sysmon","5770385f-c22a-43e0-bf4c-06f5698ffbd9","Microsoft-Windows-Sysmon/Operational","3704","4144","DESKTOP-7HV9KN7","S-1-5-18","4/12/2026 7:58:50 PM",,,"Microsoft-Windows-Sysmon/Operational","System.UInt32[]","System.Diagnostics.Eventing.Reader.EventBookmark","Information","Info","Process terminated (rule: ProcessTerminate)","System.Collections.ObjectModel.ReadOnlyCollection`1[System.String]","System.Collections.Generic.List`1[System.Diagnostics.Eventing.Reader.EventProperty]"
"Process Create:
RuleName: -
UtcTime: 2026-04-13 02:58:50.362
ProcessGuid: {fc4680f6-5bea-69dc-8d01-000000001700}
ProcessId: 9952
Image: C:\Windows\System32\RuntimeBroker.exe
FileVersion: 10.0.26100.8115 (WinBuild.160101.0800)
Description: Runtime Broker
Product: Microsoft? Windows? Operating System
Company: Microsoft Corporation
OriginalFileName: RuntimeBroker.exe
CommandLine: C:\Windows\System32\RuntimeBroker.exe -Embedding
CurrentDirectory: C:\WINDOWS\system32\
User: DESKTOP-7HV9KN7\LabAdmin
LogonGuid: {fc4680f6-57e8-69dc-06e4-040000000000}
LogonId: 0x4E406
TerminalSessionId: 1
IntegrityLevel: Medium
Hashes: SHA256=61FD42509C0235965E8A7C667DDB32ACE00579501A25D399E3D3574B68518AFB
ParentProcessGuid: {00000000-0000-0000-0000-000000000000}
ParentProcessId: 580
ParentImage: -
ParentCommandLine: -
ParentUser: -","1","5",,"4","1","0","-9223372036854775808","1961","Microsoft-Windows-Sysmon","5770385f-c22a-43e0-bf4c-06f5698ffbd9","Microsoft-Windows-Sysmon/Operational","3704","4144","DESKTOP-7HV9KN7","S-1-5-18","4/12/2026 7:58:50 PM",,,"Microsoft-Windows-Sysmon/Operational","System.UInt32[]","System.Diagnostics.Eventing.Reader.EventBookmark","Information","Info","Process terminated (rule: ProcessTerminate)","System.Collections.ObjectModel.ReadOnlyCollection`1[System.String]","System.Collections.Generic.List`1[System.Diagnostics.Eventing.Reader.EventProperty]"
"Process Create:
RuleName: -
UtcTime: 2026-04-13 02:58:50.266
ProcessGuid: {fc4680f6-5bea-69dc-8c01-000000001700}
ProcessId: 6540
Image: C:\Windows\System32\backgroundTaskHost.exe
FileVersion: 10.0.26100.1 (WinBuild.160101.0800)
Description: Background Task Host
Product: Microsoft? Windows? Operating System
Company: Microsoft Corporation
OriginalFileName: backgroundTaskHost.exe
CommandLine: ""C:\WINDOWS\system32\BackgroundTaskHost.exe"" -ServerName:BackgroundTaskHost.WebAccountProvider
CurrentDirectory: C:\Windows\SystemApps\Microsoft.AAD.BrokerPlugin_cw5n1h2txyewy\
User: DESKTOP-7HV9KN7\LabAdmin
LogonGuid: {fc4680f6-57e8-69dc-06e4-040000000000}
LogonId: 0x4E406
TerminalSessionId: 1
IntegrityLevel: AppContainer
Hashes: SHA256=B7D2C17E0038945AA4B72AE7A89E54D29B04CCC0FEB62DF5C9B7B67DE43C2530
ParentProcessGuid: {00000000-0000-0000-0000-000000000000}
ParentProcessId: 580
ParentImage: -
ParentCommandLine: -
ParentUser: -","1","5",,"4","1","0","-9223372036854775808","1960","Microsoft-Windows-Sysmon","5770385f-c22a-43e0-bf4c-06f5698ffbd9","Microsoft-Windows-Sysmon/Operational","3704","4144","DESKTOP-7HV9KN7","S-1-5-18","4/12/2026 7:58:50 PM",,,"Microsoft-Windows-Sysmon/Operational","System.UInt32[]","System.Diagnostics.Eventing.Reader.EventBookmark","Information","Info","Process terminated (rule: ProcessTerminate)","System.Collections.ObjectModel.ReadOnlyCollection`1[System.String]","System.Collections.Generic.List`1[System.Diagnostics.Eventing.Reader.EventProperty]"
"Process Create:
RuleName: -
UtcTime: 2026-04-13 02:58:49.923
ProcessGuid: {fc4680f6-5be9-69dc-8b01-000000001700}
ProcessId: 5856
Image: C:\Windows\System32\svchost.exe
FileVersion: 10.0.26100.7705 (WinBuild.160101.0800)
Description: Host Process for Windows Services
Product: Microsoft? Windows? Operating System
Company: Microsoft Corporation
OriginalFileName: svchost.exe
CommandLine: C:\WINDOWS\system32\svchost.exe -k wusvcs -p -s WaaSMedicSvc
CurrentDirectory: C:\WINDOWS\system32\
User: NT AUTHORITY\SYSTEM
LogonGuid: {fc4680f6-73fe-69dc-e703-000000000000}
LogonId: 0x3E7
TerminalSessionId: 0
IntegrityLevel: System
Hashes: SHA256=44FD6F9347CEED5798A25C47167F335EF085AE4648A81F775DD4BDC6240D8189
ParentProcessGuid: {00000000-0000-0000-0000-000000000000}
ParentProcessId: 884
ParentImage: -
ParentCommandLine: -
ParentUser: -","1","5",,"4","1","0","-9223372036854775808","1959","Microsoft-Windows-Sysmon","5770385f-c22a-43e0-bf4c-06f5698ffbd9","Microsoft-Windows-Sysmon/Operational","3704","4144","DESKTOP-7HV9KN7","S-1-5-18","4/12/2026 7:58:49 PM",,,"Microsoft-Windows-Sysmon/Operational","System.UInt32[]","System.Diagnostics.Eventing.Reader.EventBookmark","Information","Info","Process terminated (rule: ProcessTerminate)","System.Collections.ObjectModel.ReadOnlyCollection`1[System.String]","System.Collections.Generic.List`1[System.Diagnostics.Eventing.Reader.EventProperty]"
"Image loaded:
RuleName: -
UtcTime: 2026-04-13 02:58:49.835
ProcessGuid: {fc4680f6-5be9-69dc-8a01-000000001700}
ProcessId: 2464
Image: C:\Windows\System32\wbem\WmiPrvSE.exe
ImageLoaded: C:\Payloads\heartbeat.dll
FileVersion: -
Description: -
Product: -
Company: -
OriginalFileName: -
Hashes: SHA256=BC3F9BF5B00EAC5A58C772895FF69274DCC35A5DC850AB4321297957BBEB1AA9
Signed: false
Signature: -
SignatureStatus: Unavailable
User: NT AUTHORITY\NETWORK SERVICE","7","3",,"4","7","0","-9223372036854775808","1958","Microsoft-Windows-Sysmon","5770385f-c22a-43e0-bf4c-06f5698ffbd9","Microsoft-Windows-Sysmon/Operational","3704","4144","DESKTOP-7HV9KN7","S-1-5-18","4/12/2026 7:58:49 PM",,,"Microsoft-Windows-Sysmon/Operational","System.UInt32[]","System.Diagnostics.Eventing.Reader.EventBookmark","Information","Info","Process terminated (rule: ProcessTerminate)","System.Collections.ObjectModel.ReadOnlyCollection`1[System.String]","System.Collections.Generic.List`1[System.Diagnostics.Eventing.Reader.EventProperty]"
"Process Create:
RuleName: -
UtcTime: 2026-04-13 02:58:49.803
ProcessGuid: {fc4680f6-5be9-69dc-8a01-000000001700}
ProcessId: 2464
Image: C:\Windows\System32\wbem\WmiPrvSE.exe
FileVersion: 10.0.26100.7309 (WinBuild.160101.0800)
Description: WMI Provider Host
Product: Microsoft? Windows? Operating System
Company: Microsoft Corporation
OriginalFileName: Wmiprvse.exe
CommandLine: C:\WINDOWS\system32\wbem\wmiprvse.exe -secured -Embedding
CurrentDirectory: C:\WINDOWS\system32\
User: NT AUTHORITY\NETWORK SERVICE
LogonGuid: {fc4680f6-73ff-69dc-e403-000000000000}
LogonId: 0x3E4
TerminalSessionId: 0
IntegrityLevel: System
Hashes: SHA256=47C8843760F9F9C1086F844A7B746323D9EDD44F453183848812F538635D12DF
ParentProcessGuid: {00000000-0000-0000-0000-000000000000}
ParentProcessId: 580
ParentImage: -
ParentCommandLine: -
ParentUser: -","1","5",,"4","1","0","-9223372036854775808","1957","Microsoft-Windows-Sysmon","5770385f-c22a-43e0-bf4c-06f5698ffbd9","Microsoft-Windows-Sysmon/Operational","3704","4144","DESKTOP-7HV9KN7","S-1-5-18","4/12/2026 7:58:49 PM",,,"Microsoft-Windows-Sysmon/Operational","System.UInt32[]","System.Diagnostics.Eventing.Reader.EventBookmark","Information","Info","Process terminated (rule: ProcessTerminate)","System.Collections.ObjectModel.ReadOnlyCollection`1[System.String]","System.Collections.Generic.List`1[System.Diagnostics.Eventing.Reader.EventProperty]"
"Image loaded:
RuleName: -
UtcTime: 2026-04-13 02:58:49.745
ProcessGuid: {fc4680f6-5be9-69dc-8901-000000001700}
ProcessId: 8952
Image: C:\Windows\UUS\Packages\Preview\amd64\MoUsoCoreWorker.exe
ImageLoaded: C:\Payloads\heartbeat.dll
FileVersion: -
Description: -
Product: -
Company: -
OriginalFileName: -
Hashes: SHA256=BC3F9BF5B00EAC5A58C772895FF69274DCC35A5DC850AB4321297957BBEB1AA9
Signed: false
Signature: -
SignatureStatus: Unavailable
User: NT AUTHORITY\SYSTEM","7","3",,"4","7","0","-9223372036854775808","1956","Microsoft-Windows-Sysmon","5770385f-c22a-43e0-bf4c-06f5698ffbd9","Microsoft-Windows-Sysmon/Operational","3704","4144","DESKTOP-7HV9KN7","S-1-5-18","4/12/2026 7:58:49 PM",,,"Microsoft-Windows-Sysmon/Operational","System.UInt32[]","System.Diagnostics.Eventing.Reader.EventBookmark","Information","Info","Process terminated (rule: ProcessTerminate)","System.Collections.ObjectModel.ReadOnlyCollection`1[System.String]","System.Collections.Generic.List`1[System.Diagnostics.Eventing.Reader.EventProperty]"
"Process Create:
RuleName: -
UtcTime: 2026-04-13 02:58:49.649
ProcessGuid: {fc4680f6-5be9-69dc-8901-000000001700}
ProcessId: 8952
Image: C:\Windows\UUS\Packages\Preview\amd64\MoUsoCoreWorker.exe
FileVersion: 1507.2602.25052.0
Description: MoUSO Core Worker Process
Product: Microsoft? Windows? Operating System
Company: Microsoft Corporation
OriginalFileName: MoUSOCoreWorker.exe
CommandLine: ""C:\WINDOWS\uus\packages\preview\AMD64\MoUsoCoreWorker.exe"" useprivatenamespaces
CurrentDirectory: C:\WINDOWS\system32\
User: NT AUTHORITY\SYSTEM
LogonGuid: {fc4680f6-73fe-69dc-e703-000000000000}
LogonId: 0x3E7
TerminalSessionId: 0
IntegrityLevel: System
Hashes: SHA256=9358E4C0DD24DE791EC4C25336AF89A36CA5C249D7A0BD1551300973CF19B9C3
ParentProcessGuid: {fc4680f6-580b-69dc-b600-000000001700}
ParentProcessId: 5592
ParentImage: C:\Windows\System32\svchost.exe
ParentCommandLine: C:\WINDOWS\system32\svchost.exe -k netsvcs -p -s UsoSvc
ParentUser: NT AUTHORITY\SYSTEM","1","5",,"4","1","0","-9223372036854775808","1955","Microsoft-Windows-Sysmon","5770385f-c22a-43e0-bf4c-06f5698ffbd9","Microsoft-Windows-Sysmon/Operational","3704","4144","DESKTOP-7HV9KN7","S-1-5-18","4/12/2026 7:58:49 PM",,,"Microsoft-Windows-Sysmon/Operational","System.UInt32[]","System.Diagnostics.Eventing.Reader.EventBookmark","Information","Info","Process terminated (rule: ProcessTerminate)","System.Collections.ObjectModel.ReadOnlyCollection`1[System.String]","System.Collections.Generic.List`1[System.Diagnostics.Eventing.Reader.EventProperty]"
"Process Create:
RuleName: -
UtcTime: 2026-04-13 02:58:48.652
ProcessGuid: {fc4680f6-5be8-69dc-8801-000000001700}
ProcessId: 4592
Image: C:\Windows\System32\svchost.exe
FileVersion: 10.0.26100.7705 (WinBuild.160101.0800)
Description: Host Process for Windows Services
Product: Microsoft? Windows? Operating System
Company: Microsoft Corporation
OriginalFileName: svchost.exe
CommandLine: C:\WINDOWS\system32\svchost.exe -k wsappx -p -s AppXSvc
CurrentDirectory: C:\WINDOWS\system32\
User: NT AUTHORITY\SYSTEM
LogonGuid: {fc4680f6-73fe-69dc-e703-000000000000}
LogonId: 0x3E7
TerminalSessionId: 0
IntegrityLevel: System
Hashes: SHA256=44FD6F9347CEED5798A25C47167F335EF085AE4648A81F775DD4BDC6240D8189
ParentProcessGuid: {00000000-0000-0000-0000-000000000000}
ParentProcessId: 884
ParentImage: -
ParentCommandLine: -
ParentUser: -","1","5",,"4","1","0","-9223372036854775808","1954","Microsoft-Windows-Sysmon","5770385f-c22a-43e0-bf4c-06f5698ffbd9","Microsoft-Windows-Sysmon/Operational","3704","4144","DESKTOP-7HV9KN7","S-1-5-18","4/12/2026 7:58:48 PM",,,"Microsoft-Windows-Sysmon/Operational","System.UInt32[]","System.Diagnostics.Eventing.Reader.EventBookmark","Information","Info","Process terminated (rule: ProcessTerminate)","System.Collections.ObjectModel.ReadOnlyCollection`1[System.String]","System.Collections.Generic.List`1[System.Diagnostics.Eventing.Reader.EventProperty]"
"Process Create:
RuleName: -
UtcTime: 2026-04-13 02:58:48.236
ProcessGuid: {fc4680f6-5be8-69dc-8701-000000001700}
ProcessId: 5492
Image: C:\Windows\ImmersiveControlPanel\SystemSettings.exe
FileVersion: 10.0.26100.8115 (WinBuild.160101.0800)
Description: Settings
Product: Microsoft? Windows? Operating System
Company: Microsoft Corporation
OriginalFileName: SystemSettings.exe
CommandLine: ""C:\Windows\ImmersiveControlPanel\SystemSettings.exe"" -ServerName:microsoft.windows.immersivecontrolpanel
CurrentDirectory: C:\Windows\ImmersiveControlPanel\
User: DESKTOP-7HV9KN7\LabAdmin
LogonGuid: {fc4680f6-57e8-69dc-06e4-040000000000}
LogonId: 0x4E406
TerminalSessionId: 1
IntegrityLevel: Medium
Hashes: SHA256=B2B56B4EE89402FBC3385E080A4551FD2C8643C9BC884B9B2A747678933745E4
ParentProcessGuid: {00000000-0000-0000-0000-000000000000}
ParentProcessId: 580
ParentImage: -
ParentCommandLine: -
ParentUser: -","1","5",,"4","1","0","-9223372036854775808","1953","Microsoft-Windows-Sysmon","5770385f-c22a-43e0-bf4c-06f5698ffbd9","Microsoft-Windows-Sysmon/Operational","3704","4144","DESKTOP-7HV9KN7","S-1-5-18","4/12/2026 7:58:48 PM",,,"Microsoft-Windows-Sysmon/Operational","System.UInt32[]","System.Diagnostics.Eventing.Reader.EventBookmark","Information","Info","Process terminated (rule: ProcessTerminate)","System.Collections.ObjectModel.ReadOnlyCollection`1[System.String]","System.Collections.Generic.List`1[System.Diagnostics.Eventing.Reader.EventProperty]"
"Process terminated:
RuleName: -
UtcTime: 2026-04-13 02:58:47.608
ProcessGuid: {fc4680f6-5be2-69dc-8101-000000001700}
ProcessId: 2764
Image: C:\Windows\System32\ctfmon.exe
User: NT AUTHORITY\SYSTEM","5","3",,"4","5","0","-9223372036854775808","1952","Microsoft-Windows-Sysmon","5770385f-c22a-43e0-bf4c-06f5698ffbd9","Microsoft-Windows-Sysmon/Operational","3704","4144","DESKTOP-7HV9KN7","S-1-5-18","4/12/2026 7:58:47 PM",,,"Microsoft-Windows-Sysmon/Operational","System.UInt32[]","System.Diagnostics.Eventing.Reader.EventBookmark","Information","Info","Process terminated (rule: ProcessTerminate)","System.Collections.ObjectModel.ReadOnlyCollection`1[System.String]","System.Collections.Generic.List`1[System.Diagnostics.Eventing.Reader.EventProperty]"
"Process terminated:
RuleName: -
UtcTime: 2026-04-13 02:58:46.292
ProcessGuid: {fc4680f6-57ea-69dc-7200-000000001700}
ProcessId: 4712
Image: C:\Windows\System32\svchost.exe
User: NT AUTHORITY\SYSTEM","5","3",,"4","5","0","-9223372036854775808","1951","Microsoft-Windows-Sysmon","5770385f-c22a-43e0-bf4c-06f5698ffbd9","Microsoft-Windows-Sysmon/Operational","3704","4144","DESKTOP-7HV9KN7","S-1-5-18","4/12/2026 7:58:46 PM",,,"Microsoft-Windows-Sysmon/Operational","System.UInt32[]","System.Diagnostics.Eventing.Reader.EventBookmark","Information","Info","Process terminated (rule: ProcessTerminate)","System.Collections.ObjectModel.ReadOnlyCollection`1[System.String]","System.Collections.Generic.List`1[System.Diagnostics.Eventing.Reader.EventProperty]"
"Image loaded:
RuleName: -
UtcTime: 2026-04-13 02:58:44.693
ProcessGuid: {fc4680f6-5be4-69dc-8601-000000001700}
ProcessId: 4116
Image: C:\Windows\System32\WindowsPowerShell\v1.0\powershell_ise.exe
ImageLoaded: C:\Payloads\heartbeat.dll
FileVersion: -
Description: -
Product: -
Company: -
OriginalFileName: -
Hashes: SHA256=BC3F9BF5B00EAC5A58C772895FF69274DCC35A5DC850AB4321297957BBEB1AA9
Signed: false
Signature: -
SignatureStatus: Unavailable
User: DESKTOP-7HV9KN7\LabAdmin","7","3",,"4","7","0","-9223372036854775808","1950","Microsoft-Windows-Sysmon","5770385f-c22a-43e0-bf4c-06f5698ffbd9","Microsoft-Windows-Sysmon/Operational","3704","4144","DESKTOP-7HV9KN7","S-1-5-18","4/12/2026 7:58:44 PM",,,"Microsoft-Windows-Sysmon/Operational","System.UInt32[]","System.Diagnostics.Eventing.Reader.EventBookmark","Information","Info","Process terminated (rule: ProcessTerminate)","System.Collections.ObjectModel.ReadOnlyCollection`1[System.String]","System.Collections.Generic.List`1[System.Diagnostics.Eventing.Reader.EventProperty]"
"Process Create:
RuleName: -
UtcTime: 2026-04-13 02:58:44.645
ProcessGuid: {fc4680f6-5be4-69dc-8601-000000001700}
ProcessId: 4116
Image: C:\Windows\System32\WindowsPowerShell\v1.0\powershell_ise.exe
FileVersion: 10.0.26100.1591 (WinBuild.160101.0800)
Description: Windows PowerShell ISE
Product: Microsoft? Windows? Operating System
Company: Microsoft Corporation
OriginalFileName: powershell_ise.EXE
CommandLine: ""C:\WINDOWS\system32\WindowsPowerShell\v1.0\PowerShell_ISE.exe"" 
CurrentDirectory: C:\WINDOWS\system32\
User: DESKTOP-7HV9KN7\LabAdmin
LogonGuid: {fc4680f6-57e8-69dc-7fe3-040000000000}
LogonId: 0x4E37F
TerminalSessionId: 1
IntegrityLevel: High
Hashes: SHA256=6F22833A6EDAE0EFE2EF65FC6F5B95FA43049E33547492E1AF190FDA0CD560A1
ParentProcessGuid: {fc4680f6-57eb-69dc-8300-000000001700}
ParentProcessId: 5144
ParentImage: C:\Windows\explorer.exe
ParentCommandLine: C:\WINDOWS\Explorer.EXE
ParentUser: DESKTOP-7HV9KN7\LabAdmin","1","5",,"4","1","0","-9223372036854775808","1949","Microsoft-Windows-Sysmon","5770385f-c22a-43e0-bf4c-06f5698ffbd9","Microsoft-Windows-Sysmon/Operational","3704","4144","DESKTOP-7HV9KN7","S-1-5-18","4/12/2026 7:58:44 PM",,,"Microsoft-Windows-Sysmon/Operational","System.UInt32[]","System.Diagnostics.Eventing.Reader.EventBookmark","Information","Info","Process terminated (rule: ProcessTerminate)","System.Collections.ObjectModel.ReadOnlyCollection`1[System.String]","System.Collections.Generic.List`1[System.Diagnostics.Eventing.Reader.EventProperty]"
"Process terminated:
RuleName: -
UtcTime: 2026-04-13 02:58:44.625
ProcessGuid: {fc4680f6-5be2-69dc-8001-000000001700}
ProcessId: 840
Image: C:\Windows\System32\consent.exe
User: NT AUTHORITY\SYSTEM","5","3",,"4","5","0","-9223372036854775808","1948","Microsoft-Windows-Sysmon","5770385f-c22a-43e0-bf4c-06f5698ffbd9","Microsoft-Windows-Sysmon/Operational","3704","4144","DESKTOP-7HV9KN7","S-1-5-18","4/12/2026 7:58:44 PM",,,"Microsoft-Windows-Sysmon/Operational","System.UInt32[]","System.Diagnostics.Eventing.Reader.EventBookmark","Information","Info","Process terminated (rule: ProcessTerminate)","System.Collections.ObjectModel.ReadOnlyCollection`1[System.String]","System.Collections.Generic.List`1[System.Diagnostics.Eventing.Reader.EventProperty]"
"Process terminated:
RuleName: -
UtcTime: 2026-04-13 02:58:43.593
ProcessGuid: {fc4680f6-5be3-69dc-8401-000000001700}
ProcessId: 2840
Image: C:\Program Files (x86)\Microsoft\EdgeWebView\Application\146.0.3856.109\msedgewebview2.exe
User: DESKTOP-7HV9KN7\LabAdmin","5","3",,"4","5","0","-9223372036854775808","1947","Microsoft-Windows-Sysmon","5770385f-c22a-43e0-bf4c-06f5698ffbd9","Microsoft-Windows-Sysmon/Operational","3704","4144","DESKTOP-7HV9KN7","S-1-5-18","4/12/2026 7:58:43 PM",,,"Microsoft-Windows-Sysmon/Operational","System.UInt32[]","System.Diagnostics.Eventing.Reader.EventBookmark","Information","Info","Process terminated (rule: ProcessTerminate)","System.Collections.ObjectModel.ReadOnlyCollection`1[System.String]","System.Collections.Generic.List`1[System.Diagnostics.Eventing.Reader.EventProperty]"
"Process terminated:
RuleName: -
UtcTime: 2026-04-13 02:58:43.466
ProcessGuid: {fc4680f6-5ba7-69dc-7b01-000000001700}
ProcessId: 10316
Image: C:\Program Files (x86)\Microsoft\EdgeWebView\Application\146.0.3856.109\msedgewebview2.exe
User: DESKTOP-7HV9KN7\LabAdmin","5","3",,"4","5","0","-9223372036854775808","1946","Microsoft-Windows-Sysmon","5770385f-c22a-43e0-bf4c-06f5698ffbd9","Microsoft-Windows-Sysmon/Operational","3704","4144","DESKTOP-7HV9KN7","S-1-5-18","4/12/2026 7:58:43 PM",,,"Microsoft-Windows-Sysmon/Operational","System.UInt32[]","System.Diagnostics.Eventing.Reader.EventBookmark","Information","Info","Process terminated (rule: ProcessTerminate)","System.Collections.ObjectModel.ReadOnlyCollection`1[System.String]","System.Collections.Generic.List`1[System.Diagnostics.Eventing.Reader.EventProperty]"
"Process Create:
RuleName: -
UtcTime: 2026-04-13 02:58:43.460
ProcessGuid: {fc4680f6-5be3-69dc-8501-000000001700}
ProcessId: 5360
Image: C:\Program Files (x86)\Microsoft\EdgeWebView\Application\146.0.3856.109\msedgewebview2.exe
FileVersion: 146.0.3856.109
Description: Microsoft Edge WebView2
Product: Microsoft Edge WebView2
Company: Microsoft Corporation
OriginalFileName: msedgewebview2.exe
CommandLine: ""C:\Program Files (x86)\Microsoft\EdgeWebView\Application\146.0.3856.109\msedgewebview2.exe"" --type=renderer --noerrdialogs --user-data-dir=""C:\Users\LabAdmin\AppData\Local\Packages\Microsoft.MicrosoftOfficeHub_8wekyb3d8bbwe\LocalState\EBWebView"" --webview-exe-name=M365Copilot.exe --webview-exe-version=19.2604.36171.0 --embedded-browser-webview=1 --embedded-browser-webview-dpi-awareness=2 --disable-gpu-compositing --video-capture-use-gpu-memory-buffer --lang=en-US --js-flags=--expose-gc --device-scale-factor=1 --num-raster-threads=2 --enable-main-frame-before-activation --renderer-client-id=74 --time-ticks-at-unix-epoch=-1776048082779880 --launch-time-ticks=1040675815 --always-read-main-dll --metrics-shmem-handle=5132,i,17010158557570943361,4572364221970837360,2097152 --field-trial-handle=2116,i,11094893147394152137,5464349725300480981,262144 --enable-features=msSingleSignOnOSForPrimaryAccountIsShared --disable-features=msEnhancedTrackingPreventionEnabled --variations-seed-version --pseudonymization-salt-handle=2120,i,5221246016033571828,3123048113950713908,4 --trace-process-track-uuid=3190709055652968320 --mojo-platform-channel-handle=6076 /pfhostedapp:e2ee8b1eb288a7fedb96cb977854e74f0a99447a /prefetch:1
CurrentDirectory: C:\Program Files (x86)\Microsoft\EdgeWebView\Application\146.0.3856.109\
User: DESKTOP-7HV9KN7\LabAdmin
LogonGuid: {fc4680f6-57e8-69dc-06e4-040000000000}
LogonId: 0x4E406
TerminalSessionId: 1
IntegrityLevel: Low
Hashes: SHA256=29CE36EA7A746028BC637095F1068BC29FAC83FC677716FF052B56E913DCE6B7
ParentProcessGuid: {fc4680f6-5816-69dc-c700-000000001700}
ParentProcessId: 9244
ParentImage: C:\Program Files (x86)\Microsoft\EdgeWebView\Application\146.0.3856.109\msedgewebview2.exe
ParentCommandLine: ""C:\Program Files (x86)\Microsoft\EdgeWebView\Application\146.0.3856.109\msedgewebview2.exe"" --embedded-browser-webview=1 --webview-exe-name=M365Copilot.exe --webview-exe-version=19.2604.36171.0 --user-data-dir=""C:\Users\LabAdmin\AppData\Local\Packages\Microsoft.MicrosoftOfficeHub_8wekyb3d8bbwe\LocalState\EBWebView"" --noerrdialogs --embedded-browser-webview-dpi-awareness=2 --disable-features=msEnhancedTrackingPreventionEnabled --enable-features=msSingleSignOnOSForPrimaryAccountIsShared --mojo-named-platform-channel-pipe=9004.9240.8986736808868251626 /pfhostedapp:e2ee8b1eb288a7fedb96cb977854e74f0a99447a
ParentUser: DESKTOP-7HV9KN7\LabAdmin","1","5",,"4","1","0","-9223372036854775808","1945","Microsoft-Windows-Sysmon","5770385f-c22a-43e0-bf4c-06f5698ffbd9","Microsoft-Windows-Sysmon/Operational","3704","4144","DESKTOP-7HV9KN7","S-1-5-18","4/12/2026 7:58:43 PM",,,"Microsoft-Windows-Sysmon/Operational","System.UInt32[]","System.Diagnostics.Eventing.Reader.EventBookmark","Information","Info","Process terminated (rule: ProcessTerminate)","System.Collections.ObjectModel.ReadOnlyCollection`1[System.String]","System.Collections.Generic.List`1[System.Diagnostics.Eventing.Reader.EventProperty]"
"Process terminated:
RuleName: -
UtcTime: 2026-04-13 02:58:43.352
ProcessGuid: {fc4680f6-5be3-69dc-8301-000000001700}
ProcessId: 6424
Image: C:\Program Files (x86)\Microsoft\EdgeWebView\Application\146.0.3856.109\msedgewebview2.exe
User: DESKTOP-7HV9KN7\LabAdmin","5","3",,"4","5","0","-9223372036854775808","1944","Microsoft-Windows-Sysmon","5770385f-c22a-43e0-bf4c-06f5698ffbd9","Microsoft-Windows-Sysmon/Operational","3704","4144","DESKTOP-7HV9KN7","S-1-5-18","4/12/2026 7:58:43 PM",,,"Microsoft-Windows-Sysmon/Operational","System.UInt32[]","System.Diagnostics.Eventing.Reader.EventBookmark","Information","Info","Process terminated (rule: ProcessTerminate)","System.Collections.ObjectModel.ReadOnlyCollection`1[System.String]","System.Collections.Generic.List`1[System.Diagnostics.Eventing.Reader.EventProperty]"
"Process Create:
RuleName: -
UtcTime: 2026-04-13 02:58:43.349
ProcessGuid: {fc4680f6-5be3-69dc-8401-000000001700}
ProcessId: 2840
Image: C:\Program Files (x86)\Microsoft\EdgeWebView\Application\146.0.3856.109\msedgewebview2.exe
FileVersion: 146.0.3856.109
Description: Microsoft Edge WebView2
Product: Microsoft Edge WebView2
Company: Microsoft Corporation
OriginalFileName: msedgewebview2.exe
CommandLine: ""C:\Program Files (x86)\Microsoft\EdgeWebView\Application\146.0.3856.109\msedgewebview2.exe"" --type=renderer --noerrdialogs --user-data-dir=""C:\Users\LabAdmin\AppData\Local\Packages\Microsoft.MicrosoftOfficeHub_8wekyb3d8bbwe\LocalState\EBWebView"" --webview-exe-name=M365Copilot.exe --webview-exe-version=19.2604.36171.0 --embedded-browser-webview=1 --embedded-browser-webview-dpi-awareness=2 --disable-gpu-compositing --video-capture-use-gpu-memory-buffer --lang=en-US --js-flags=--expose-gc --device-scale-factor=1 --num-raster-threads=2 --enable-main-frame-before-activation --renderer-client-id=73 --time-ticks-at-unix-epoch=-1776048082779880 --launch-time-ticks=1040566233 --always-read-main-dll --metrics-shmem-handle=4888,i,9023512142036313549,16784775677843207966,2097152 --field-trial-handle=2116,i,11094893147394152137,5464349725300480981,262144 --enable-features=msSingleSignOnOSForPrimaryAccountIsShared --disable-features=msEnhancedTrackingPreventionEnabled --variations-seed-version --pseudonymization-salt-handle=2120,i,5221246016033571828,3123048113950713908,4 --trace-process-track-uuid=3190709054715926471 --mojo-platform-channel-handle=5628 /pfhostedapp:e2ee8b1eb288a7fedb96cb977854e74f0a99447a /prefetch:1
CurrentDirectory: C:\Program Files (x86)\Microsoft\EdgeWebView\Application\146.0.3856.109\
User: DESKTOP-7HV9KN7\LabAdmin
LogonGuid: {fc4680f6-57e8-69dc-06e4-040000000000}
LogonId: 0x4E406
TerminalSessionId: 1
IntegrityLevel: Low
Hashes: SHA256=29CE36EA7A746028BC637095F1068BC29FAC83FC677716FF052B56E913DCE6B7
ParentProcessGuid: {fc4680f6-5816-69dc-c700-000000001700}
ParentProcessId: 9244
ParentImage: C:\Program Files (x86)\Microsoft\EdgeWebView\Application\146.0.3856.109\msedgewebview2.exe
ParentCommandLine: ""C:\Program Files (x86)\Microsoft\EdgeWebView\Application\146.0.3856.109\msedgewebview2.exe"" --embedded-browser-webview=1 --webview-exe-name=M365Copilot.exe --webview-exe-version=19.2604.36171.0 --user-data-dir=""C:\Users\LabAdmin\AppData\Local\Packages\Microsoft.MicrosoftOfficeHub_8wekyb3d8bbwe\LocalState\EBWebView"" --noerrdialogs --embedded-browser-webview-dpi-awareness=2 --disable-features=msEnhancedTrackingPreventionEnabled --enable-features=msSingleSignOnOSForPrimaryAccountIsShared --mojo-named-platform-channel-pipe=9004.9240.8986736808868251626 /pfhostedapp:e2ee8b1eb288a7fedb96cb977854e74f0a99447a
ParentUser: DESKTOP-7HV9KN7\LabAdmin","1","5",,"4","1","0","-9223372036854775808","1943","Microsoft-Windows-Sysmon","5770385f-c22a-43e0-bf4c-06f5698ffbd9","Microsoft-Windows-Sysmon/Operational","3704","4144","DESKTOP-7HV9KN7","S-1-5-18","4/12/2026 7:58:43 PM",,,"Microsoft-Windows-Sysmon/Operational","System.UInt32[]","System.Diagnostics.Eventing.Reader.EventBookmark","Information","Info","Process terminated (rule: ProcessTerminate)","System.Collections.ObjectModel.ReadOnlyCollection`1[System.String]","System.Collections.Generic.List`1[System.Diagnostics.Eventing.Reader.EventProperty]"
"Process Create:
RuleName: -
UtcTime: 2026-04-13 02:58:43.331
ProcessGuid: {fc4680f6-5be3-69dc-8301-000000001700}
ProcessId: 6424
Image: C:\Program Files (x86)\Microsoft\EdgeWebView\Application\146.0.3856.109\msedgewebview2.exe
FileVersion: 146.0.3856.109
Description: Microsoft Edge WebView2
Product: Microsoft Edge WebView2
Company: Microsoft Corporation
OriginalFileName: msedgewebview2.exe
CommandLine: ""C:\Program Files (x86)\Microsoft\EdgeWebView\Application\146.0.3856.109\msedgewebview2.exe"" --type=renderer --noerrdialogs --user-data-dir=""C:\Users\LabAdmin\AppData\Local\Packages\Microsoft.MicrosoftOfficeHub_8wekyb3d8bbwe\LocalState\EBWebView"" --webview-exe-name=M365Copilot.exe --webview-exe-version=19.2604.36171.0 --embedded-browser-webview=1 --embedded-browser-webview-dpi-awareness=2 --disable-gpu-compositing --video-capture-use-gpu-memory-buffer --lang=en-US --js-flags=--expose-gc --device-scale-factor=1 --num-raster-threads=2 --enable-main-frame-before-activation --renderer-client-id=72 --time-ticks-at-unix-epoch=-1776048082779880 --launch-time-ticks=1040547882 --always-read-main-dll --metrics-shmem-handle=5332,i,16674597859181388240,6745869482329206482,2097152 --field-trial-handle=2116,i,11094893147394152137,5464349725300480981,262144 --enable-features=msSingleSignOnOSForPrimaryAccountIsShared --disable-features=msEnhancedTrackingPreventionEnabled --variations-seed-version --pseudonymization-salt-handle=2120,i,5221246016033571828,3123048113950713908,4 --trace-process-track-uuid=3190709053778884622 --mojo-platform-channel-handle=5828 /pfhostedapp:e2ee8b1eb288a7fedb96cb977854e74f0a99447a /prefetch:1
CurrentDirectory: C:\Program Files (x86)\Microsoft\EdgeWebView\Application\146.0.3856.109\
User: DESKTOP-7HV9KN7\LabAdmin
LogonGuid: {fc4680f6-57e8-69dc-06e4-040000000000}
LogonId: 0x4E406
TerminalSessionId: 1
IntegrityLevel: Low
Hashes: SHA256=29CE36EA7A746028BC637095F1068BC29FAC83FC677716FF052B56E913DCE6B7
ParentProcessGuid: {fc4680f6-5816-69dc-c700-000000001700}
ParentProcessId: 9244
ParentImage: C:\Program Files (x86)\Microsoft\EdgeWebView\Application\146.0.3856.109\msedgewebview2.exe
ParentCommandLine: ""C:\Program Files (x86)\Microsoft\EdgeWebView\Application\146.0.3856.109\msedgewebview2.exe"" --embedded-browser-webview=1 --webview-exe-name=M365Copilot.exe --webview-exe-version=19.2604.36171.0 --user-data-dir=""C:\Users\LabAdmin\AppData\Local\Packages\Microsoft.MicrosoftOfficeHub_8wekyb3d8bbwe\LocalState\EBWebView"" --noerrdialogs --embedded-browser-webview-dpi-awareness=2 --disable-features=msEnhancedTrackingPreventionEnabled --enable-features=msSingleSignOnOSForPrimaryAccountIsShared --mojo-named-platform-channel-pipe=9004.9240.8986736808868251626 /pfhostedapp:e2ee8b1eb288a7fedb96cb977854e74f0a99447a
ParentUser: DESKTOP-7HV9KN7\LabAdmin","1","5",,"4","1","0","-9223372036854775808","1942","Microsoft-Windows-Sysmon","5770385f-c22a-43e0-bf4c-06f5698ffbd9","Microsoft-Windows-Sysmon/Operational","3704","4144","DESKTOP-7HV9KN7","S-1-5-18","4/12/2026 7:58:43 PM",,,"Microsoft-Windows-Sysmon/Operational","System.UInt32[]","System.Diagnostics.Eventing.Reader.EventBookmark","Information","Info","Process terminated (rule: ProcessTerminate)","System.Collections.ObjectModel.ReadOnlyCollection`1[System.String]","System.Collections.Generic.List`1[System.Diagnostics.Eventing.Reader.EventProperty]"
"Image loaded:
RuleName: -
UtcTime: 2026-04-13 02:58:42.821
ProcessGuid: {fc4680f6-5be2-69dc-8201-000000001700}
ProcessId: 8668
Image: C:\Windows\System32\audiodg.exe
ImageLoaded: C:\Payloads\heartbeat.dll
FileVersion: -
Description: -
Product: -
Company: -
OriginalFileName: -
Hashes: SHA256=BC3F9BF5B00EAC5A58C772895FF69274DCC35A5DC850AB4321297957BBEB1AA9
Signed: false
Signature: -
SignatureStatus: Unavailable
User: NT AUTHORITY\LOCAL SERVICE","7","3",,"4","7","0","-9223372036854775808","1941","Microsoft-Windows-Sysmon","5770385f-c22a-43e0-bf4c-06f5698ffbd9","Microsoft-Windows-Sysmon/Operational","3704","4144","DESKTOP-7HV9KN7","S-1-5-18","4/12/2026 7:58:42 PM",,,"Microsoft-Windows-Sysmon/Operational","System.UInt32[]","System.Diagnostics.Eventing.Reader.EventBookmark","Information","Info","Process terminated (rule: ProcessTerminate)","System.Collections.ObjectModel.ReadOnlyCollection`1[System.String]","System.Collections.Generic.List`1[System.Diagnostics.Eventing.Reader.EventProperty]"
"Process Create:
RuleName: -
UtcTime: 2026-04-13 02:58:42.749
ProcessGuid: {fc4680f6-5be2-69dc-8201-000000001700}
ProcessId: 8668
Image: C:\Windows\System32\audiodg.exe
FileVersion: 10.0.26100.8115 (WinBuild.160101.0800)
Description: Windows Audio Device Graph Isolation 
Product: Microsoft? Windows? Operating System
Company: Microsoft Corporation
OriginalFileName: audioadg.exe
CommandLine: C:\WINDOWS\system32\AUDIODG.EXE 0x00000000000004EC 0x0000000000000520
CurrentDirectory: C:\WINDOWS\system32\
User: NT AUTHORITY\LOCAL SERVICE
LogonGuid: {fc4680f6-7400-69dc-e503-000000000000}
LogonId: 0x3E5
TerminalSessionId: 0
IntegrityLevel: System
Hashes: SHA256=E7F9F79EDF73EB577738D51BD2C0B7CA3A648B6161BF419C4311FD92223EF642
ParentProcessGuid: {fc4680f6-57e2-69dc-2e00-000000001700}
ParentProcessId: 2336
ParentImage: C:\Windows\System32\svchost.exe
ParentCommandLine: C:\WINDOWS\System32\svchost.exe -k LocalServiceNetworkRestricted -p
ParentUser: NT AUTHORITY\LOCAL SERVICE","1","5",,"4","1","0","-9223372036854775808","1940","Microsoft-Windows-Sysmon","5770385f-c22a-43e0-bf4c-06f5698ffbd9","Microsoft-Windows-Sysmon/Operational","3704","4144","DESKTOP-7HV9KN7","S-1-5-18","4/12/2026 7:58:42 PM",,,"Microsoft-Windows-Sysmon/Operational","System.UInt32[]","System.Diagnostics.Eventing.Reader.EventBookmark","Information","Info","Process terminated (rule: ProcessTerminate)","System.Collections.ObjectModel.ReadOnlyCollection`1[System.String]","System.Collections.Generic.List`1[System.Diagnostics.Eventing.Reader.EventProperty]"
"Image loaded:
RuleName: -
UtcTime: 2026-04-13 02:58:42.659
ProcessGuid: {fc4680f6-5be2-69dc-8101-000000001700}
ProcessId: 2764
Image: C:\Windows\System32\ctfmon.exe
ImageLoaded: C:\Payloads\heartbeat.dll
FileVersion: -
Description: -
Product: -
Company: -
OriginalFileName: -
Hashes: SHA256=BC3F9BF5B00EAC5A58C772895FF69274DCC35A5DC850AB4321297957BBEB1AA9
Signed: false
Signature: -
SignatureStatus: Unavailable
User: NT AUTHORITY\SYSTEM","7","3",,"4","7","0","-9223372036854775808","1939","Microsoft-Windows-Sysmon","5770385f-c22a-43e0-bf4c-06f5698ffbd9","Microsoft-Windows-Sysmon/Operational","3704","4144","DESKTOP-7HV9KN7","S-1-5-18","4/12/2026 7:58:42 PM",,,"Microsoft-Windows-Sysmon/Operational","System.UInt32[]","System.Diagnostics.Eventing.Reader.EventBookmark","Information","Info","Process terminated (rule: ProcessTerminate)","System.Collections.ObjectModel.ReadOnlyCollection`1[System.String]","System.Collections.Generic.List`1[System.Diagnostics.Eventing.Reader.EventProperty]"
"Process Create:
RuleName: -
UtcTime: 2026-04-13 02:58:42.627
ProcessGuid: {fc4680f6-5be2-69dc-8101-000000001700}
ProcessId: 2764
Image: C:\Windows\System32\ctfmon.exe
FileVersion: 10.0.26100.8115 (WinBuild.160101.0800)
Description: CTF Loader
Product: Microsoft? Windows? Operating System
Company: Microsoft Corporation
OriginalFileName: CTFMON.EXE
CommandLine: /QuitInfo:000000000000035C;0000000000000368; 
CurrentDirectory: C:\WINDOWS\system32\
User: NT AUTHORITY\SYSTEM
LogonGuid: {fc4680f6-73fe-69dc-e703-000000000000}
LogonId: 0x3E7
TerminalSessionId: 1
IntegrityLevel: System
Hashes: SHA256=B751F1AD04D129360EFEFD1EC4C064496DBA8C1DDF3AED915C939663470BED2E
ParentProcessGuid: {fc4680f6-57e2-69dc-2f00-000000001700}
ParentProcessId: 2408
ParentImage: C:\Windows\System32\svchost.exe
ParentCommandLine: C:\WINDOWS\System32\svchost.exe -k LocalSystemNetworkRestricted -p -s TextInputManagementService
ParentUser: NT AUTHORITY\SYSTEM","1","5",,"4","1","0","-9223372036854775808","1938","Microsoft-Windows-Sysmon","5770385f-c22a-43e0-bf4c-06f5698ffbd9","Microsoft-Windows-Sysmon/Operational","3704","4144","DESKTOP-7HV9KN7","S-1-5-18","4/12/2026 7:58:42 PM",,,"Microsoft-Windows-Sysmon/Operational","System.UInt32[]","System.Diagnostics.Eventing.Reader.EventBookmark","Information","Info","Process terminated (rule: ProcessTerminate)","System.Collections.ObjectModel.ReadOnlyCollection`1[System.String]","System.Collections.Generic.List`1[System.Diagnostics.Eventing.Reader.EventProperty]"
"Image loaded:
RuleName: -
UtcTime: 2026-04-13 02:58:42.470
ProcessGuid: {fc4680f6-5be2-69dc-8001-000000001700}
ProcessId: 840
Image: C:\Windows\System32\consent.exe
ImageLoaded: C:\Payloads\heartbeat.dll
FileVersion: -
Description: -
Product: -
Company: -
OriginalFileName: -
Hashes: SHA256=BC3F9BF5B00EAC5A58C772895FF69274DCC35A5DC850AB4321297957BBEB1AA9
Signed: false
Signature: -
SignatureStatus: Unavailable
User: NT AUTHORITY\SYSTEM","7","3",,"4","7","0","-9223372036854775808","1937","Microsoft-Windows-Sysmon","5770385f-c22a-43e0-bf4c-06f5698ffbd9","Microsoft-Windows-Sysmon/Operational","3704","4144","DESKTOP-7HV9KN7","S-1-5-18","4/12/2026 7:58:42 PM",,,"Microsoft-Windows-Sysmon/Operational","System.UInt32[]","System.Diagnostics.Eventing.Reader.EventBookmark","Information","Info","Process terminated (rule: ProcessTerminate)","System.Collections.ObjectModel.ReadOnlyCollection`1[System.String]","System.Collections.Generic.List`1[System.Diagnostics.Eventing.Reader.EventProperty]"
"Process Create:
RuleName: -
UtcTime: 2026-04-13 02:58:42.438
ProcessGuid: {fc4680f6-5be2-69dc-8001-000000001700}
ProcessId: 840
Image: C:\Windows\System32\consent.exe
FileVersion: 10.0.26100.8115 (WinBuild.160101.0800)
Description: Consent UI for administrative applications
Product: Microsoft? Windows? Operating System
Company: Microsoft Corporation
OriginalFileName: consent.exe
CommandLine: consent.exe 5316 628 00000223E1153BE0
CurrentDirectory: C:\WINDOWS\system32\
User: NT AUTHORITY\SYSTEM
LogonGuid: {fc4680f6-73fe-69dc-e703-000000000000}
LogonId: 0x3E7
TerminalSessionId: 1
IntegrityLevel: System
Hashes: SHA256=75D175BD6051D921531EAFE3147C6AFD764CD127FA6929CACF5E0012311BF691
ParentProcessGuid: {fc4680f6-57eb-69dc-8500-000000001700}
ParentProcessId: 5316
ParentImage: C:\Windows\System32\svchost.exe
ParentCommandLine: C:\WINDOWS\system32\svchost.exe -k netsvcs -p -s Appinfo
ParentUser: NT AUTHORITY\SYSTEM","1","5",,"4","1","0","-9223372036854775808","1936","Microsoft-Windows-Sysmon","5770385f-c22a-43e0-bf4c-06f5698ffbd9","Microsoft-Windows-Sysmon/Operational","3704","4144","DESKTOP-7HV9KN7","S-1-5-18","4/12/2026 7:58:42 PM",,,"Microsoft-Windows-Sysmon/Operational","System.UInt32[]","System.Diagnostics.Eventing.Reader.EventBookmark","Information","Info","Process terminated (rule: ProcessTerminate)","System.Collections.ObjectModel.ReadOnlyCollection`1[System.String]","System.Collections.Generic.List`1[System.Diagnostics.Eventing.Reader.EventProperty]"
"Image loaded:
RuleName: -
UtcTime: 2026-04-13 02:58:42.362
ProcessGuid: {fc4680f6-5be2-69dc-7f01-000000001700}
ProcessId: 2092
Image: C:\Windows\System32\smartscreen.exe
ImageLoaded: C:\Payloads\heartbeat.dll
FileVersion: -
Description: -
Product: -
Company: -
OriginalFileName: -
Hashes: SHA256=BC3F9BF5B00EAC5A58C772895FF69274DCC35A5DC850AB4321297957BBEB1AA9
Signed: false
Signature: -
SignatureStatus: Unavailable
User: DESKTOP-7HV9KN7\LabAdmin","7","3",,"4","7","0","-9223372036854775808","1935","Microsoft-Windows-Sysmon","5770385f-c22a-43e0-bf4c-06f5698ffbd9","Microsoft-Windows-Sysmon/Operational","3704","4144","DESKTOP-7HV9KN7","S-1-5-18","4/12/2026 7:58:42 PM",,,"Microsoft-Windows-Sysmon/Operational","System.UInt32[]","System.Diagnostics.Eventing.Reader.EventBookmark","Information","Info","Process terminated (rule: ProcessTerminate)","System.Collections.ObjectModel.ReadOnlyCollection`1[System.String]","System.Collections.Generic.List`1[System.Diagnostics.Eventing.Reader.EventProperty]"
"Process Create:
RuleName: -
UtcTime: 2026-04-13 02:58:42.329
ProcessGuid: {fc4680f6-5be2-69dc-7f01-000000001700}
ProcessId: 2092
Image: C:\Windows\System32\smartscreen.exe
FileVersion: 10.0.26100.8115 (WinBuild.160101.0800)
Description: Windows Defender SmartScreen
Product: Microsoft? Windows? Operating System
Company: Microsoft Corporation
OriginalFileName: smartscreen.exe
CommandLine: C:\Windows\System32\smartscreen.exe -Embedding
CurrentDirectory: C:\WINDOWS\system32\
User: DESKTOP-7HV9KN7\LabAdmin
LogonGuid: {fc4680f6-57e8-69dc-06e4-040000000000}
LogonId: 0x4E406
TerminalSessionId: 1
IntegrityLevel: Medium
Hashes: SHA256=9AEA19D953835E9E41C28C75A08A1E655D27C5F99234D337D3B32C9A3F1760E9
ParentProcessGuid: {00000000-0000-0000-0000-000000000000}
ParentProcessId: 580
ParentImage: -
ParentCommandLine: -
ParentUser: -","1","5",,"4","1","0","-9223372036854775808","1934","Microsoft-Windows-Sysmon","5770385f-c22a-43e0-bf4c-06f5698ffbd9","Microsoft-Windows-Sysmon/Operational","3704","4144","DESKTOP-7HV9KN7","S-1-5-18","4/12/2026 7:58:42 PM",,,"Microsoft-Windows-Sysmon/Operational","System.UInt32[]","System.Diagnostics.Eventing.Reader.EventBookmark","Information","Info","Process terminated (rule: ProcessTerminate)","System.Collections.ObjectModel.ReadOnlyCollection`1[System.String]","System.Collections.Generic.List`1[System.Diagnostics.Eventing.Reader.EventProperty]"
"Process Create:
RuleName: -
UtcTime: 2026-04-13 02:58:40.693
ProcessGuid: {fc4680f6-5be0-69dc-7e01-000000001700}
ProcessId: 6732
Image: C:\Windows\System32\RuntimeBroker.exe
FileVersion: 10.0.26100.8115 (WinBuild.160101.0800)
Description: Runtime Broker
Product: Microsoft? Windows? Operating System
Company: Microsoft Corporation
OriginalFileName: RuntimeBroker.exe
CommandLine: C:\Windows\System32\RuntimeBroker.exe -Embedding
CurrentDirectory: C:\WINDOWS\system32\
User: DESKTOP-7HV9KN7\LabAdmin
LogonGuid: {fc4680f6-57e8-69dc-06e4-040000000000}
LogonId: 0x4E406
TerminalSessionId: 1
IntegrityLevel: Medium
Hashes: SHA256=61FD42509C0235965E8A7C667DDB32ACE00579501A25D399E3D3574B68518AFB
ParentProcessGuid: {00000000-0000-0000-0000-000000000000}
ParentProcessId: 580
ParentImage: -
ParentCommandLine: -
ParentUser: -","1","5",,"4","1","0","-9223372036854775808","1933","Microsoft-Windows-Sysmon","5770385f-c22a-43e0-bf4c-06f5698ffbd9","Microsoft-Windows-Sysmon/Operational","3704","4144","DESKTOP-7HV9KN7","S-1-5-18","4/12/2026 7:58:40 PM",,,"Microsoft-Windows-Sysmon/Operational","System.UInt32[]","System.Diagnostics.Eventing.Reader.EventBookmark","Information","Info","Process terminated (rule: ProcessTerminate)","System.Collections.ObjectModel.ReadOnlyCollection`1[System.String]","System.Collections.Generic.List`1[System.Diagnostics.Eventing.Reader.EventProperty]"
"Process Create:
RuleName: -
UtcTime: 2026-04-13 02:58:40.553
ProcessGuid: {fc4680f6-5be0-69dc-7d01-000000001700}
ProcessId: 2292
Image: C:\Windows\System32\backgroundTaskHost.exe
FileVersion: 10.0.26100.1 (WinBuild.160101.0800)
Description: Background Task Host
Product: Microsoft? Windows? Operating System
Company: Microsoft Corporation
OriginalFileName: backgroundTaskHost.exe
CommandLine: ""C:\WINDOWS\system32\backgroundTaskHost.exe"" -ServerName:App.AppXe9cvj1thv1hmcw0cs98xm3r97tyzy2xs.mca
CurrentDirectory: C:\Program Files\WindowsApps\Microsoft.WindowsStore_22602.1401.6.0_x64__8wekyb3d8bbwe\
User: DESKTOP-7HV9KN7\LabAdmin
LogonGuid: {fc4680f6-57e8-69dc-06e4-040000000000}
LogonId: 0x4E406
TerminalSessionId: 1
IntegrityLevel: AppContainer
Hashes: SHA256=B7D2C17E0038945AA4B72AE7A89E54D29B04CCC0FEB62DF5C9B7B67DE43C2530
ParentProcessGuid: {00000000-0000-0000-0000-000000000000}
ParentProcessId: 580
ParentImage: -
ParentCommandLine: -
ParentUser: -","1","5",,"4","1","0","-9223372036854775808","1932","Microsoft-Windows-Sysmon","5770385f-c22a-43e0-bf4c-06f5698ffbd9","Microsoft-Windows-Sysmon/Operational","3704","4144","DESKTOP-7HV9KN7","S-1-5-18","4/12/2026 7:58:40 PM",,,"Microsoft-Windows-Sysmon/Operational","System.UInt32[]","System.Diagnostics.Eventing.Reader.EventBookmark","Information","Info","Process terminated (rule: ProcessTerminate)","System.Collections.ObjectModel.ReadOnlyCollection`1[System.String]","System.Collections.Generic.List`1[System.Diagnostics.Eventing.Reader.EventProperty]"
